# JRE version: OpenJDK Runtime Environment Temurin-21.0.12.1+1 (21.0.12.1+1) (build 21.0.12.1+1-LTS)
# Java VM: OpenJDK 64-Bit Server VM Temurin-21.0.12.1+1 (21.0.12.1+1-LTS, mixed mode, sharing, tiered, compressed oops, compressed class ptrs, parallel gc, windows-amd64)
GC Precious Log:
 CardTable entry size: 512
 CPUs: 4 total, 4 available
 Memory: 4005M
 Large Page Support: Disabled
 NUMA Support: Disabled
 Compressed Oops: Enabled (32-bit)
 Alignments: Space 512K, Generation 512K, Heap 2M
 Heap Min Capacity: 100M
 Heap Initial Capacity: 100M
 Heap Max Capacity: 2G
 Pre-touch: Disabled
 Parallel Workers: 4
Heap:
 PSYoungGen      total 3584K, used 500K [0x00000000d5580000, 0x00000000d5d80000, 0x0000000100000000)
  eden space 3072K, 12% used [0x00000000d5580000,0x00000000d55dd0e0,0x00000000d5880000)
  from space 512K, 25% used [0x00000000d5d00000,0x00000000d5d20000,0x00000000d5d80000)
  to   space 1024K, 0% used [0x00000000d5b80000,0x00000000d5b80000,0x00000000d5c80000)
 ParOldGen       total 411648K, used 411590K [0x0000000080000000, 0x0000000099200000, 0x00000000d5580000)
  object space 411648K, 99% used [0x0000000080000000,0x00000000991f1bb0,0x0000000099200000)
 Metaspace       used 72920K, committed 74304K, reserved 1114112K
  class space    used 8958K, committed 9536K, reserved 1048576K
GC Heap History (20 events):
Event: 194.808 GC heap before
{Heap before GC invocations=344 (full 3):
 PSYoungGen      total 2048K, used 2027K [0x00000000d5580000, 0x00000000d5c00000, 0x0000000100000000)
  eden space 1024K, 100% used [0x00000000d5580000,0x00000000d5680000,0x00000000d5680000)
  from space 1024K, 97% used [0x00000000d5880000,0x00000000d597ad98,0x00000000d5980000)
  to   space 2048K, 0% used [0x00000000d5680000,0x00000000d5680000,0x00000000d5880000)
 ParOldGen       total 399360K, used 399287K [0x0000000080000000, 0x0000000098600000, 0x00000000d5580000)
  object space 399360K, 99% used [0x0000000080000000,0x00000000985edef8,0x0000000098600000)
 Metaspace       used 72657K, committed 74112K, reserved 1114112K
  class space    used 8935K, committed 9536K, reserved 1048576K
}
Event: 194.812 GC heap after
{Heap after GC invocations=344 (full 3):
 PSYoungGen      total 3072K, used 1024K [0x00000000d5580000, 0x00000000d5a00000, 0x0000000100000000)
  eden space 1024K, 0% used [0x00000000d5580000,0x00000000d5580000,0x00000000d5680000)
  from space 2048K, 50% used [0x00000000d5680000,0x00000000d5780000,0x00000000d5880000)
  to   space 1536K, 0% used [0x00000000d5880000,0x00000000d5880000,0x00000000d5a00000)
 ParOldGen       total 400384K, used 400283K [0x0000000080000000, 0x0000000098700000, 0x00000000d5580000)
  object space 400384K, 99% used [0x0000000080000000,0x00000000986e6c90,0x0000000098700000)
 Metaspace       used 72657K, committed 74112K, reserved 1114112K
  class space    used 8935K, committed 9536K, reserved 1048576K
}
Event: 194.827 GC heap before
{Heap before GC invocations=345 (full 3):
 PSYoungGen      total 3072K, used 2048K [0x00000000d5580000, 0x00000000d5a00000, 0x0000000100000000)
  eden space 1024K, 100% used [0x00000000d5580000,0x00000000d5680000,0x00000000d5680000)
  from space 2048K, 50% used [0x00000000d5680000,0x00000000d5780000,0x00000000d5880000)
  to   space 1536K, 0% used [0x00000000d5880000,0x00000000d5880000,0x00000000d5a00000)
 ParOldGen       total 400384K, used 400283K [0x0000000080000000, 0x0000000098700000, 0x00000000d5580000)
  object space 400384K, 99% used [0x0000000080000000,0x00000000986e6c90,0x0000000098700000)
 Metaspace       used 72657K, committed 74112K, reserved 1114112K
  class space    used 8935K, committed 9536K, reserved 1048576K
}
Event: 194.833 GC heap after
{Heap after GC invocations=345 (full 3):
 PSYoungGen      total 3072K, used 1056K [0x00000000d5580000, 0x00000000d5a00000, 0x0000000100000000)
  eden space 1536K, 0% used [0x00000000d5580000,0x00000000d5580000,0x00000000d5700000)
  from space 1536K, 68% used [0x00000000d5880000,0x00000000d5988000,0x00000000d5a00000)
  to   space 1536K, 0% used [0x00000000d5700000,0x00000000d5700000,0x00000000d5880000)
 ParOldGen       total 401408K, used 401307K [0x0000000080000000, 0x0000000098800000, 0x00000000d5580000)
  object space 401408K, 99% used [0x0000000080000000,0x00000000987e6c90,0x0000000098800000)
 Metaspace       used 72657K, committed 74112K, reserved 1114112K
  class space    used 8935K, committed 9536K, reserved 1048576K
}
Event: 194.860 GC heap before
{Heap before GC invocations=346 (full 3):
 PSYoungGen      total 3072K, used 2592K [0x00000000d5580000, 0x00000000d5a00000, 0x0000000100000000)
  eden space 1536K, 100% used [0x00000000d5580000,0x00000000d5700000,0x00000000d5700000)
  from space 1536K, 68% used [0x00000000d5880000,0x00000000d5988000,0x00000000d5a00000)
  to   space 1536K, 0% used [0x00000000d5700000,0x00000000d5700000,0x00000000d5880000)
 ParOldGen       total 401408K, used 401307K [0x0000000080000000, 0x0000000098800000, 0x00000000d5580000)
  object space 401408K, 99% used [0x0000000080000000,0x00000000987e6c90,0x0000000098800000)
 Metaspace       used 72657K, committed 74112K, reserved 1114112K
  class space    used 8935K, committed 9536K, reserved 1048576K
}
Event: 194.864 GC heap after
{Heap after GC invocations=346 (full 3):
 PSYoungGen      total 3072K, used 1536K [0x00000000d5580000, 0x00000000d5d80000, 0x0000000100000000)
  eden space 1536K, 0% used [0x00000000d5580000,0x00000000d5580000,0x00000000d5700000)
  from space 1536K, 100% used [0x00000000d5700000,0x00000000d5880000,0x00000000d5880000)
  to   space 3072K, 0% used [0x00000000d5a80000,0x00000000d5a80000,0x00000000d5d80000)
 ParOldGen       total 402432K, used 402331K [0x0000000080000000, 0x0000000098900000, 0x00000000d5580000)
  object space 402432K, 99% used [0x0000000080000000,0x00000000988e6c90,0x0000000098900000)
 Metaspace       used 72657K, committed 74112K, reserved 1114112K
  class space    used 8935K, committed 9536K, reserved 1048576K
}
Event: 194.876 GC heap before
{Heap before GC invocations=347 (full 3):
 PSYoungGen      total 3072K, used 3071K [0x00000000d5580000, 0x00000000d5d80000, 0x0000000100000000)
  eden space 1536K, 99% used [0x00000000d5580000,0x00000000d56fffa8,0x00000000d5700000)
  from space 1536K, 100% used [0x00000000d5700000,0x00000000d5880000,0x00000000d5880000)
  to   space 3072K, 0% used [0x00000000d5a80000,0x00000000d5a80000,0x00000000d5d80000)
 ParOldGen       total 402432K, used 402331K [0x0000000080000000, 0x0000000098900000, 0x00000000d5580000)
  object space 402432K, 99% used [0x0000000080000000,0x00000000988e6c90,0x0000000098900000)
 Metaspace       used 72657K, committed 74112K, reserved 1114112K
  class space    used 8935K, committed 9536K, reserved 1048576K
}
Event: 194.882 GC heap after
{Heap after GC invocations=347 (full 3):
 PSYoungGen      total 4096K, used 1584K [0x00000000d5580000, 0x00000000d5c80000, 0x0000000100000000)
  eden space 2048K, 0% used [0x00000000d5580000,0x00000000d5580000,0x00000000d5780000)
  from space 2048K, 77% used [0x00000000d5a80000,0x00000000d5c0c0e8,0x00000000d5c80000)
  to   space 2048K, 0% used [0x00000000d5880000,0x00000000d5880000,0x00000000d5a80000)
 ParOldGen       total 403968K, used 403867K [0x0000000080000000, 0x0000000098a80000, 0x00000000d5580000)
  object space 403968K, 99% used [0x0000000080000000,0x0000000098a66c90,0x0000000098a80000)
 Metaspace       used 72657K, committed 74112K, reserved 1114112K
  class space    used 8935K, committed 9536K, reserved 1048576K
}
Event: 194.895 GC heap before
{Heap before GC invocations=348 (full 3):
 PSYoungGen      total 4096K, used 3632K [0x00000000d5580000, 0x00000000d5c80000, 0x0000000100000000)
  eden space 2048K, 100% used [0x00000000d5580000,0x00000000d5780000,0x00000000d5780000)
  from space 2048K, 77% used [0x00000000d5a80000,0x00000000d5c0c0e8,0x00000000d5c80000)
  to   space 2048K, 0% used [0x00000000d5880000,0x00000000d5880000,0x00000000d5a80000)
 ParOldGen       total 403968K, used 403867K [0x0000000080000000, 0x0000000098a80000, 0x00000000d5580000)
  object space 403968K, 99% used [0x0000000080000000,0x0000000098a66c90,0x0000000098a80000)
 Metaspace       used 72663K, committed 74112K, reserved 1114112K
  class space    used 8935K, committed 9536K, reserved 1048576K
}
Event: 194.904 GC heap after
{Heap after GC invocations=348 (full 3):
 PSYoungGen      total 4608K, used 2025K [0x00000000d5580000, 0x00000000d6000000, 0x0000000100000000)
  eden space 2560K, 0% used [0x00000000d5580000,0x00000000d5580000,0x00000000d5800000)
  from space 2048K, 98% used [0x00000000d5880000,0x00000000d5a7a5d0,0x00000000d5a80000)
  to   space 4096K, 0% used [0x00000000d5c00000,0x00000000d5c00000,0x00000000d6000000)
 ParOldGen       total 405504K, used 405452K [0x0000000080000000, 0x0000000098c00000, 0x00000000d5580000)
  object space 405504K, 99% used [0x0000000080000000,0x0000000098bf3030,0x0000000098c00000)
 Metaspace       used 72663K, committed 74112K, reserved 1114112K
  class space    used 8935K, committed 9536K, reserved 1048576K
}
Event: 194.962 GC heap before
{Heap before GC invocations=349 (full 3):
 PSYoungGen      total 4608K, used 4585K [0x00000000d5580000, 0x00000000d6000000, 0x0000000100000000)
  eden space 2560K, 100% used [0x00000000d5580000,0x00000000d5800000,0x00000000d5800000)
  from space 2048K, 98% used [0x00000000d5880000,0x00000000d5a7a5d0,0x00000000d5a80000)
  to   space 4096K, 0% used [0x00000000d5c00000,0x00000000d5c00000,0x00000000d6000000)
 ParOldGen       total 405504K, used 405452K [0x0000000080000000, 0x0000000098c00000, 0x00000000d5580000)
  object space 405504K, 99% used [0x0000000080000000,0x0000000098bf3030,0x0000000098c00000)
 Metaspace       used 72664K, committed 74112K, reserved 1114112K
  class space    used 8935K, committed 9536K, reserved 1048576K
}
Event: 194.966 GC heap after
{Heap after GC invocations=349 (full 3):
 PSYoungGen      total 5632K, used 2064K [0x00000000d5580000, 0x00000000d5e80000, 0x0000000100000000)
  eden space 3072K, 0% used [0x00000000d5580000,0x00000000d5580000,0x00000000d5880000)
  from space 2560K, 80% used [0x00000000d5c00000,0x00000000d5e040c8,0x00000000d5e80000)
  to   space 3072K, 0% used [0x00000000d5880000,0x00000000d5880000,0x00000000d5b80000)
 ParOldGen       total 406016K, used 405757K [0x0000000080000000, 0x0000000098c80000, 0x00000000d5580000)
  object space 406016K, 99% used [0x0000000080000000,0x0000000098c3f528,0x0000000098c80000)
 Metaspace       used 72664K, committed 74112K, reserved 1114112K
  class space    used 8935K, committed 9536K, reserved 1048576K
}
Event: 195.016 GC heap before
{Heap before GC invocations=350 (full 3):
 PSYoungGen      total 5632K, used 5136K [0x00000000d5580000, 0x00000000d5e80000, 0x0000000100000000)
  eden space 3072K, 100% used [0x00000000d5580000,0x00000000d5880000,0x00000000d5880000)
  from space 2560K, 80% used [0x00000000d5c00000,0x00000000d5e040c8,0x00000000d5e80000)
  to   space 3072K, 0% used [0x00000000d5880000,0x00000000d5880000,0x00000000d5b80000)
 ParOldGen       total 406016K, used 405757K [0x0000000080000000, 0x0000000098c80000, 0x00000000d5580000)
  object space 406016K, 99% used [0x0000000080000000,0x0000000098c3f528,0x0000000098c80000)
 Metaspace       used 72675K, committed 74112K, reserved 1114112K
  class space    used 8935K, committed 9536K, reserved 1048576K
}
Event: 195.026 GC heap after
{Heap after GC invocations=350 (full 3):
 PSYoungGen      total 6144K, used 3040K [0x00000000d5580000, 0x00000000d6480000, 0x0000000100000000)
  eden space 3072K, 0% used [0x00000000d5580000,0x00000000d5580000,0x00000000d5880000)
  from space 3072K, 98% used [0x00000000d5880000,0x00000000d5b78360,0x00000000d5b80000)
  to   space 5632K, 0% used [0x00000000d5f00000,0x00000000d5f00000,0x00000000d6480000)
 ParOldGen       total 408064K, used 407701K [0x0000000080000000, 0x0000000098e80000, 0x00000000d5580000)
  object space 408064K, 99% used [0x0000000080000000,0x0000000098e25428,0x0000000098e80000)
 Metaspace       used 72675K, committed 74112K, reserved 1114112K
  class space    used 8935K, committed 9536K, reserved 1048576K
}
Event: 195.164 GC heap before
{Heap before GC invocations=351 (full 3):
 PSYoungGen      total 6144K, used 6112K [0x00000000d5580000, 0x00000000d6480000, 0x0000000100000000)
  eden space 3072K, 100% used [0x00000000d5580000,0x00000000d5880000,0x00000000d5880000)
  from space 3072K, 98% used [0x00000000d5880000,0x00000000d5b78360,0x00000000d5b80000)
  to   space 5632K, 0% used [0x00000000d5f00000,0x00000000d5f00000,0x00000000d6480000)
 ParOldGen       total 408064K, used 407701K [0x0000000080000000, 0x0000000098e80000, 0x00000000d5580000)
  object space 408064K, 99% used [0x0000000080000000,0x0000000098e25428,0x0000000098e80000)
 Metaspace       used 72693K, committed 74176K, reserved 1114112K
  class space    used 8936K, committed 9536K, reserved 1048576K
}
Event: 195.171 GC heap after
{Heap after GC invocations=351 (full 3):
 PSYoungGen      total 4608K, used 1445K [0x00000000d5580000, 0x00000000d6080000, 0x0000000100000000)
  eden space 3072K, 0% used [0x00000000d5580000,0x00000000d5580000,0x00000000d5880000)
  from space 1536K, 94% used [0x00000000d5f00000,0x00000000d6069558,0x00000000d6080000)
  to   space 3072K, 0% used [0x00000000d5a80000,0x00000000d5a80000,0x00000000d5d80000)
 ParOldGen       total 410112K, used 409909K [0x0000000080000000, 0x0000000099080000, 0x00000000d5580000)
  object space 410112K, 99% used [0x0000000080000000,0x000000009904d658,0x0000000099080000)
 Metaspace       used 72693K, committed 74176K, reserved 1114112K
  class space    used 8936K, committed 9536K, reserved 1048576K
}
Event: 195.277 GC heap before
{Heap before GC invocations=352 (full 3):
 PSYoungGen      total 4608K, used 4517K [0x00000000d5580000, 0x00000000d6080000, 0x0000000100000000)
  eden space 3072K, 100% used [0x00000000d5580000,0x00000000d5880000,0x00000000d5880000)
  from space 1536K, 94% used [0x00000000d5f00000,0x00000000d6069558,0x00000000d6080000)
  to   space 3072K, 0% used [0x00000000d5a80000,0x00000000d5a80000,0x00000000d5d80000)
 ParOldGen       total 410112K, used 409909K [0x0000000080000000, 0x0000000099080000, 0x00000000d5580000)
  object space 410112K, 99% used [0x0000000080000000,0x000000009904d658,0x0000000099080000)
 Metaspace       used 72755K, committed 74240K, reserved 1114112K
  class space    used 8940K, committed 9536K, reserved 1048576K
}
Event: 195.283 GC heap after
{Heap after GC invocations=352 (full 3):
 PSYoungGen      total 5632K, used 2423K [0x00000000d5580000, 0x00000000d5f80000, 0x0000000100000000)
  eden space 3072K, 0% used [0x00000000d5580000,0x00000000d5580000,0x00000000d5880000)
  from space 2560K, 94% used [0x00000000d5a80000,0x00000000d5cdde20,0x00000000d5d00000)
  to   space 2560K, 0% used [0x00000000d5d00000,0x00000000d5d00000,0x00000000d5f80000)
 ParOldGen       total 411136K, used 410990K [0x0000000080000000, 0x0000000099180000, 0x00000000d5580000)
  object space 411136K, 99% used [0x0000000080000000,0x000000009915bba0,0x0000000099180000)
 Metaspace       used 72755K, committed 74240K, reserved 1114112K
  class space    used 8940K, committed 9536K, reserved 1048576K
}
Event: 195.576 GC heap before
{Heap before GC invocations=353 (full 3):
 PSYoungGen      total 5632K, used 5495K [0x00000000d5580000, 0x00000000d5f80000, 0x0000000100000000)
  eden space 3072K, 100% used [0x00000000d5580000,0x00000000d5880000,0x00000000d5880000)
  from space 2560K, 94% used [0x00000000d5a80000,0x00000000d5cdde20,0x00000000d5d00000)
  to   space 2560K, 0% used [0x00000000d5d00000,0x00000000d5d00000,0x00000000d5f80000)
 ParOldGen       total 411136K, used 410990K [0x0000000080000000, 0x0000000099180000, 0x00000000d5580000)
  object space 411136K, 99% used [0x0000000080000000,0x000000009915bba0,0x0000000099180000)
 Metaspace       used 72905K, committed 74304K, reserved 1114112K
  class space    used 8956K, committed 9536K, reserved 1048576K
}
Event: 195.588 GC heap after
{Heap after GC invocations=353 (full 3):
 PSYoungGen      total 3584K, used 128K [0x00000000d5580000, 0x00000000d5d80000, 0x0000000100000000)
  eden space 3072K, 0% used [0x00000000d5580000,0x00000000d5580000,0x00000000d5880000)
  from space 512K, 25% used [0x00000000d5d00000,0x00000000d5d20000,0x00000000d5d80000)
  to   space 1024K, 0% used [0x00000000d5b80000,0x00000000d5b80000,0x00000000d5c80000)
 ParOldGen       total 411648K, used 411590K [0x0000000080000000, 0x0000000099200000, 0x00000000d5580000)
  object space 411648K, 99% used [0x0000000080000000,0x00000000991f1bb0,0x0000000099200000)
 Metaspace       used 72905K, committed 74304K, reserved 1114112K
  class space    used 8956K, committed 9536K, reserved 1048576K
}

