# JRE version: OpenJDK Runtime Environment Temurin-21.0.12.1+1 (21.0.12.1+1) (build 21.0.12.1+1-LTS)
# Java VM: OpenJDK 64-Bit Server VM Temurin-21.0.12.1+1 (21.0.12.1+1-LTS, mixed mode, sharing, tiered, compressed oops, compressed class ptrs, parallel gc, windows-amd64)
GC Precious Log:
 CardTable entry size: 512
 CPUs: 4 total, 4 available
 Memory: 4005M
 Large Page Support: Disabled
 NUMA Support: Disabled
 Compressed Oops: Enabled (32-bit)
 Alignments: Space 512K, Generation 512K, Heap 2M
 Heap Min Capacity: 100M
 Heap Initial Capacity: 100M
 Heap Max Capacity: 2G
 Pre-touch: Disabled
 Parallel Workers: 4
Heap:
 PSYoungGen      total 7168K, used 6342K [0x00000000d5580000, 0x00000000d5f80000, 0x0000000100000000)
  eden space 5632K, 85% used [0x00000000d5580000,0x00000000d5a33fe8,0x00000000d5b00000)
  from space 1536K, 99% used [0x00000000d5d00000,0x00000000d5e7d9e0,0x00000000d5e80000)
  to   space 2048K, 0% used [0x00000000d5b00000,0x00000000d5b00000,0x00000000d5d00000)
 ParOldGen       total 165888K, used 165580K [0x0000000080000000, 0x000000008a200000, 0x00000000d5580000)
  object space 165888K, 99% used [0x0000000080000000,0x000000008a1b31f0,0x000000008a200000)
 Metaspace       used 70774K, committed 72192K, reserved 1114112K
  class space    used 8824K, committed 9472K, reserved 1048576K
GC Heap History (20 events):
Event: 36.724 GC heap before
{Heap before GC invocations=88 (full 3):
 PSYoungGen      total 7680K, used 7525K [0x00000000d5580000, 0x00000000d5e80000, 0x0000000100000000)
  eden space 6144K, 100% used [0x00000000d5580000,0x00000000d5b80000,0x00000000d5b80000)
  from space 1536K, 89% used [0x00000000d5d00000,0x00000000d5e596c0,0x00000000d5e80000)
  to   space 1536K, 0% used [0x00000000d5b80000,0x00000000d5b80000,0x00000000d5d00000)
 ParOldGen       total 153088K, used 152970K [0x0000000080000000, 0x0000000089580000, 0x00000000d5580000)
  object space 153088K, 99% used [0x0000000080000000,0x0000000089562a40,0x0000000089580000)
 Metaspace       used 70304K, committed 71744K, reserved 1114112K
  class space    used 8760K, committed 9408K, reserved 1048576K
}
Event: 36.728 GC heap after
{Heap after GC invocations=88 (full 3):
 PSYoungGen      total 7680K, used 1381K [0x00000000d5580000, 0x00000000d5e80000, 0x0000000100000000)
  eden space 6144K, 0% used [0x00000000d5580000,0x00000000d5580000,0x00000000d5b80000)
  from space 1536K, 89% used [0x00000000d5b80000,0x00000000d5cd94c8,0x00000000d5d00000)
  to   space 1536K, 0% used [0x00000000d5d00000,0x00000000d5d00000,0x00000000d5e80000)
 ParOldGen       total 154624K, used 154272K [0x0000000080000000, 0x0000000089700000, 0x00000000d5580000)
  object space 154624K, 99% used [0x0000000080000000,0x00000000896a8038,0x0000000089700000)
 Metaspace       used 70304K, committed 71744K, reserved 1114112K
  class space    used 8760K, committed 9408K, reserved 1048576K
}
Event: 36.806 GC heap before
{Heap before GC invocations=89 (full 3):
 PSYoungGen      total 7680K, used 7525K [0x00000000d5580000, 0x00000000d5e80000, 0x0000000100000000)
  eden space 6144K, 100% used [0x00000000d5580000,0x00000000d5b80000,0x00000000d5b80000)
  from space 1536K, 89% used [0x00000000d5b80000,0x00000000d5cd94c8,0x00000000d5d00000)
  to   space 1536K, 0% used [0x00000000d5d00000,0x00000000d5d00000,0x00000000d5e80000)
 ParOldGen       total 154624K, used 154272K [0x0000000080000000, 0x0000000089700000, 0x00000000d5580000)
  object space 154624K, 99% used [0x0000000080000000,0x00000000896a8038,0x0000000089700000)
 Metaspace       used 70304K, committed 71744K, reserved 1114112K
  class space    used 8760K, committed 9408K, reserved 1048576K
}
Event: 36.811 GC heap after
{Heap after GC invocations=89 (full 3):
 PSYoungGen      total 7680K, used 1459K [0x00000000d5580000, 0x00000000d5e80000, 0x0000000100000000)
  eden space 6144K, 0% used [0x00000000d5580000,0x00000000d5580000,0x00000000d5b80000)
  from space 1536K, 95% used [0x00000000d5d00000,0x00000000d5e6cfb8,0x00000000d5e80000)
  to   space 1536K, 0% used [0x00000000d5b80000,0x00000000d5b80000,0x00000000d5d00000)
 ParOldGen       total 155648K, used 155596K [0x0000000080000000, 0x0000000089800000, 0x00000000d5580000)
  object space 155648K, 99% used [0x0000000080000000,0x00000000897f30d8,0x0000000089800000)
 Metaspace       used 70304K, committed 71744K, reserved 1114112K
  class space    used 8760K, committed 9408K, reserved 1048576K
}
Event: 36.908 GC heap before
{Heap before GC invocations=90 (full 3):
 PSYoungGen      total 7680K, used 7603K [0x00000000d5580000, 0x00000000d5e80000, 0x0000000100000000)
  eden space 6144K, 100% used [0x00000000d5580000,0x00000000d5b80000,0x00000000d5b80000)
  from space 1536K, 95% used [0x00000000d5d00000,0x00000000d5e6cfb8,0x00000000d5e80000)
  to   space 1536K, 0% used [0x00000000d5b80000,0x00000000d5b80000,0x00000000d5d00000)
 ParOldGen       total 155648K, used 155596K [0x0000000080000000, 0x0000000089800000, 0x00000000d5580000)
  object space 155648K, 99% used [0x0000000080000000,0x00000000897f30d8,0x0000000089800000)
 Metaspace       used 70304K, committed 71744K, reserved 1114112K
  class space    used 8760K, committed 9408K, reserved 1048576K
}
Event: 36.911 GC heap after
{Heap after GC invocations=90 (full 3):
 PSYoungGen      total 7680K, used 1431K [0x00000000d5580000, 0x00000000d5e80000, 0x0000000100000000)
  eden space 6144K, 0% used [0x00000000d5580000,0x00000000d5580000,0x00000000d5b80000)
  from space 1536K, 93% used [0x00000000d5b80000,0x00000000d5ce5e88,0x00000000d5d00000)
  to   space 1536K, 0% used [0x00000000d5d00000,0x00000000d5d00000,0x00000000d5e80000)
 ParOldGen       total 157184K, used 157000K [0x0000000080000000, 0x0000000089980000, 0x00000000d5580000)
  object space 157184K, 99% used [0x0000000080000000,0x0000000089952178,0x0000000089980000)
 Metaspace       used 70304K, committed 71744K, reserved 1114112K
  class space    used 8760K, committed 9408K, reserved 1048576K
}
Event: 37.004 GC heap before
{Heap before GC invocations=91 (full 3):
 PSYoungGen      total 7680K, used 7575K [0x00000000d5580000, 0x00000000d5e80000, 0x0000000100000000)
  eden space 6144K, 100% used [0x00000000d5580000,0x00000000d5b80000,0x00000000d5b80000)
  from space 1536K, 93% used [0x00000000d5b80000,0x00000000d5ce5e88,0x00000000d5d00000)
  to   space 1536K, 0% used [0x00000000d5d00000,0x00000000d5d00000,0x00000000d5e80000)
 ParOldGen       total 157184K, used 157000K [0x0000000080000000, 0x0000000089980000, 0x00000000d5580000)
  object space 157184K, 99% used [0x0000000080000000,0x0000000089952178,0x0000000089980000)
 Metaspace       used 70328K, committed 71744K, reserved 1114112K
  class space    used 8764K, committed 9408K, reserved 1048576K
}
Event: 37.011 GC heap after
{Heap after GC invocations=91 (full 3):
 PSYoungGen      total 7680K, used 1315K [0x00000000d5580000, 0x00000000d5e80000, 0x0000000100000000)
  eden space 6144K, 0% used [0x00000000d5580000,0x00000000d5580000,0x00000000d5b80000)
  from space 1536K, 85% used [0x00000000d5d00000,0x00000000d5e48c78,0x00000000d5e80000)
  to   space 1536K, 0% used [0x00000000d5b80000,0x00000000d5b80000,0x00000000d5d00000)
 ParOldGen       total 158720K, used 158291K [0x0000000080000000, 0x0000000089b00000, 0x00000000d5580000)
  object space 158720K, 99% used [0x0000000080000000,0x0000000089a94d20,0x0000000089b00000)
 Metaspace       used 70328K, committed 71744K, reserved 1114112K
  class space    used 8764K, committed 9408K, reserved 1048576K
}
Event: 37.165 GC heap before
{Heap before GC invocations=92 (full 3):
 PSYoungGen      total 7680K, used 7459K [0x00000000d5580000, 0x00000000d5e80000, 0x0000000100000000)
  eden space 6144K, 100% used [0x00000000d5580000,0x00000000d5b80000,0x00000000d5b80000)
  from space 1536K, 85% used [0x00000000d5d00000,0x00000000d5e48c78,0x00000000d5e80000)
  to   space 1536K, 0% used [0x00000000d5b80000,0x00000000d5b80000,0x00000000d5d00000)
 ParOldGen       total 158720K, used 158291K [0x0000000080000000, 0x0000000089b00000, 0x00000000d5580000)
  object space 158720K, 99% used [0x0000000080000000,0x0000000089a94d20,0x0000000089b00000)
 Metaspace       used 70505K, committed 71936K, reserved 1114112K
  class space    used 8785K, committed 9408K, reserved 1048576K
}
Event: 37.175 GC heap after
{Heap after GC invocations=92 (full 3):
 PSYoungGen      total 7680K, used 1246K [0x00000000d5580000, 0x00000000d5e80000, 0x0000000100000000)
  eden space 6144K, 0% used [0x00000000d5580000,0x00000000d5580000,0x00000000d5b80000)
  from space 1536K, 81% used [0x00000000d5b80000,0x00000000d5cb7ab8,0x00000000d5d00000)
  to   space 1536K, 0% used [0x00000000d5d00000,0x00000000d5d00000,0x00000000d5e80000)
 ParOldGen       total 159744K, used 159564K [0x0000000080000000, 0x0000000089c00000, 0x00000000d5580000)
  object space 159744K, 99% used [0x0000000080000000,0x0000000089bd32c8,0x0000000089c00000)
 Metaspace       used 70505K, committed 71936K, reserved 1114112K
  class space    used 8785K, committed 9408K, reserved 1048576K
}
Event: 37.321 GC heap before
{Heap before GC invocations=93 (full 3):
 PSYoungGen      total 7680K, used 7390K [0x00000000d5580000, 0x00000000d5e80000, 0x0000000100000000)
  eden space 6144K, 100% used [0x00000000d5580000,0x00000000d5b80000,0x00000000d5b80000)
  from space 1536K, 81% used [0x00000000d5b80000,0x00000000d5cb7ab8,0x00000000d5d00000)
  to   space 1536K, 0% used [0x00000000d5d00000,0x00000000d5d00000,0x00000000d5e80000)
 ParOldGen       total 159744K, used 159564K [0x0000000080000000, 0x0000000089c00000, 0x00000000d5580000)
  object space 159744K, 99% used [0x0000000080000000,0x0000000089bd32c8,0x0000000089c00000)
 Metaspace       used 70698K, committed 72192K, reserved 1114112K
  class space    used 8815K, committed 9472K, reserved 1048576K
}
Event: 37.329 GC heap after
{Heap after GC invocations=93 (full 3):
 PSYoungGen      total 7680K, used 1107K [0x00000000d5580000, 0x00000000d5e80000, 0x0000000100000000)
  eden space 6144K, 0% used [0x00000000d5580000,0x00000000d5580000,0x00000000d5b80000)
  from space 1536K, 72% used [0x00000000d5d00000,0x00000000d5e14ed0,0x00000000d5e80000)
  to   space 1536K, 0% used [0x00000000d5b80000,0x00000000d5b80000,0x00000000d5d00000)
 ParOldGen       total 160768K, used 160725K [0x0000000080000000, 0x0000000089d00000, 0x00000000d5580000)
  object space 160768K, 99% used [0x0000000080000000,0x0000000089cf5478,0x0000000089d00000)
 Metaspace       used 70698K, committed 72192K, reserved 1114112K
  class space    used 8815K, committed 9472K, reserved 1048576K
}
Event: 37.473 GC heap before
{Heap before GC invocations=94 (full 3):
 PSYoungGen      total 7680K, used 7251K [0x00000000d5580000, 0x00000000d5e80000, 0x0000000100000000)
  eden space 6144K, 100% used [0x00000000d5580000,0x00000000d5b80000,0x00000000d5b80000)
  from space 1536K, 72% used [0x00000000d5d00000,0x00000000d5e14ed0,0x00000000d5e80000)
  to   space 1536K, 0% used [0x00000000d5b80000,0x00000000d5b80000,0x00000000d5d00000)
 ParOldGen       total 160768K, used 160725K [0x0000000080000000, 0x0000000089d00000, 0x00000000d5580000)
  object space 160768K, 99% used [0x0000000080000000,0x0000000089cf5478,0x0000000089d00000)
 Metaspace       used 70745K, committed 72192K, reserved 1114112K
  class space    used 8820K, committed 9472K, reserved 1048576K
}
Event: 37.481 GC heap after
{Heap after GC invocations=94 (full 3):
 PSYoungGen      total 7680K, used 1273K [0x00000000d5580000, 0x00000000d5e80000, 0x0000000100000000)
  eden space 6144K, 0% used [0x00000000d5580000,0x00000000d5580000,0x00000000d5b80000)
  from space 1536K, 82% used [0x00000000d5b80000,0x00000000d5cbe478,0x00000000d5d00000)
  to   space 1536K, 0% used [0x00000000d5d00000,0x00000000d5d00000,0x00000000d5e80000)
 ParOldGen       total 161792K, used 161760K [0x0000000080000000, 0x0000000089e00000, 0x00000000d5580000)
  object space 161792K, 99% used [0x0000000080000000,0x0000000089df81f8,0x0000000089e00000)
 Metaspace       used 70745K, committed 72192K, reserved 1114112K
  class space    used 8820K, committed 9472K, reserved 1048576K
}
Event: 41.851 GC heap before
{Heap before GC invocations=95 (full 3):
 PSYoungGen      total 7680K, used 7417K [0x00000000d5580000, 0x00000000d5e80000, 0x0000000100000000)
  eden space 6144K, 100% used [0x00000000d5580000,0x00000000d5b80000,0x00000000d5b80000)
  from space 1536K, 82% used [0x00000000d5b80000,0x00000000d5cbe478,0x00000000d5d00000)
  to   space 1536K, 0% used [0x00000000d5d00000,0x00000000d5d00000,0x00000000d5e80000)
 ParOldGen       total 161792K, used 161760K [0x0000000080000000, 0x0000000089e00000, 0x00000000d5580000)
  object space 161792K, 99% used [0x0000000080000000,0x0000000089df81f8,0x0000000089e00000)
 Metaspace       used 70770K, committed 72192K, reserved 1114112K
  class space    used 8824K, committed 9472K, reserved 1048576K
}
Event: 41.856 GC heap after
{Heap after GC invocations=95 (full 3):
 PSYoungGen      total 7680K, used 1340K [0x00000000d5580000, 0x00000000d5e80000, 0x0000000100000000)
  eden space 6144K, 0% used [0x00000000d5580000,0x00000000d5580000,0x00000000d5b80000)
  from space 1536K, 87% used [0x00000000d5d00000,0x00000000d5e4f320,0x00000000d5e80000)
  to   space 1536K, 0% used [0x00000000d5b80000,0x00000000d5b80000,0x00000000d5d00000)
 ParOldGen       total 163328K, used 162986K [0x0000000080000000, 0x0000000089f80000, 0x00000000d5580000)
  object space 163328K, 99% used [0x0000000080000000,0x0000000089f2a850,0x0000000089f80000)
 Metaspace       used 70770K, committed 72192K, reserved 1114112K
  class space    used 8824K, committed 9472K, reserved 1048576K
}
Event: 42.015 GC heap before
{Heap before GC invocations=96 (full 3):
 PSYoungGen      total 7680K, used 7484K [0x00000000d5580000, 0x00000000d5e80000, 0x0000000100000000)
  eden space 6144K, 100% used [0x00000000d5580000,0x00000000d5b80000,0x00000000d5b80000)
  from space 1536K, 87% used [0x00000000d5d00000,0x00000000d5e4f320,0x00000000d5e80000)
  to   space 1536K, 0% used [0x00000000d5b80000,0x00000000d5b80000,0x00000000d5d00000)
 ParOldGen       total 163328K, used 162986K [0x0000000080000000, 0x0000000089f80000, 0x00000000d5580000)
  object space 163328K, 99% used [0x0000000080000000,0x0000000089f2a850,0x0000000089f80000)
 Metaspace       used 70770K, committed 72192K, reserved 1114112K
  class space    used 8824K, committed 9472K, reserved 1048576K
}
Event: 42.022 GC heap after
{Heap after GC invocations=96 (full 3):
 PSYoungGen      total 7680K, used 1428K [0x00000000d5580000, 0x00000000d5e80000, 0x0000000100000000)
  eden space 6144K, 0% used [0x00000000d5580000,0x00000000d5580000,0x00000000d5b80000)
  from space 1536K, 93% used [0x00000000d5b80000,0x00000000d5ce53d8,0x00000000d5d00000)
  to   space 1536K, 0% used [0x00000000d5d00000,0x00000000d5d00000,0x00000000d5e80000)
 ParOldGen       total 164352K, used 164236K [0x0000000080000000, 0x000000008a080000, 0x00000000d5580000)
  object space 164352K, 99% used [0x0000000080000000,0x000000008a0630f8,0x000000008a080000)
 Metaspace       used 70770K, committed 72192K, reserved 1114112K
  class space    used 8824K, committed 9472K, reserved 1048576K
}
Event: 42.233 GC heap before
{Heap before GC invocations=97 (full 3):
 PSYoungGen      total 7680K, used 7572K [0x00000000d5580000, 0x00000000d5e80000, 0x0000000100000000)
  eden space 6144K, 100% used [0x00000000d5580000,0x00000000d5b80000,0x00000000d5b80000)
  from space 1536K, 93% used [0x00000000d5b80000,0x00000000d5ce53d8,0x00000000d5d00000)
  to   space 1536K, 0% used [0x00000000d5d00000,0x00000000d5d00000,0x00000000d5e80000)
 ParOldGen       total 164352K, used 164236K [0x0000000080000000, 0x000000008a080000, 0x00000000d5580000)
  object space 164352K, 99% used [0x0000000080000000,0x000000008a0630f8,0x000000008a080000)
 Metaspace       used 70770K, committed 72192K, reserved 1114112K
  class space    used 8824K, committed 9472K, reserved 1048576K
}
Event: 42.238 GC heap after
{Heap after GC invocations=97 (full 3):
 PSYoungGen      total 7168K, used 1526K [0x00000000d5580000, 0x00000000d5f80000, 0x0000000100000000)
  eden space 5632K, 0% used [0x00000000d5580000,0x00000000d5580000,0x00000000d5b00000)
  from space 1536K, 99% used [0x00000000d5d00000,0x00000000d5e7d9e0,0x00000000d5e80000)
  to   space 2048K, 0% used [0x00000000d5b00000,0x00000000d5b00000,0x00000000d5d00000)
 ParOldGen       total 165888K, used 165580K [0x0000000080000000, 0x000000008a200000, 0x00000000d5580000)
  object space 165888K, 99% used [0x0000000080000000,0x000000008a1b31f0,0x000000008a200000)
 Metaspace       used 70770K, committed 72192K, reserved 1114112K
  class space    used 8824K, committed 9472K, reserved 1048576K
}

