# JRE version: OpenJDK Runtime Environment Temurin-21.0.12.1+1 (21.0.12.1+1) (build 21.0.12.1+1-LTS)
# Java VM: OpenJDK 64-Bit Server VM Temurin-21.0.12.1+1 (21.0.12.1+1-LTS, mixed mode, sharing, tiered, compressed oops, compressed class ptrs, parallel gc, windows-amd64)
GC Precious Log:
 CardTable entry size: 512
 CPUs: 4 total, 4 available
 Memory: 4005M
 Large Page Support: Disabled
 NUMA Support: Disabled
 Compressed Oops: Enabled (32-bit)
 Alignments: Space 512K, Generation 512K, Heap 2M
 Heap Min Capacity: 100M
 Heap Initial Capacity: 100M
 Heap Max Capacity: 2G
 Pre-touch: Disabled
 Parallel Workers: 4
Heap:
 PSYoungGen      total 18432K, used 2127K [0x00000000d5580000, 0x00000000d7080000, 0x0000000100000000)
  eden space 16896K, 4% used [0x00000000d5580000,0x00000000d5634dc8,0x00000000d6600000)
  from space 1536K, 91% used [0x00000000d6600000,0x00000000d675eec8,0x00000000d6780000)
  to   space 4608K, 0% used [0x00000000d6c00000,0x00000000d6c00000,0x00000000d7080000)
 ParOldGen       total 68608K, used 32186K [0x0000000080000000, 0x0000000084300000, 0x00000000d5580000)
  object space 68608K, 46% used [0x0000000080000000,0x0000000081f6e978,0x0000000084300000)
 Metaspace       used 47345K, committed 48512K, reserved 1114112K
  class space    used 5344K, committed 5888K, reserved 1048576K
GC Heap History (20 events):
Event: 22.526 GC heap before
{Heap before GC invocations=11 (full 1):
 PSYoungGen      total 26112K, used 24596K [0x00000000d5580000, 0x00000000d7280000, 0x0000000100000000)
  eden space 23552K, 100% used [0x00000000d5580000,0x00000000d6c80000,0x00000000d6c80000)
  from space 2560K, 40% used [0x00000000d6e80000,0x00000000d6f853f0,0x00000000d7100000)
  to   space 1536K, 0% used [0x00000000d7100000,0x00000000d7100000,0x00000000d7280000)
 ParOldGen       total 68608K, used 17201K [0x0000000080000000, 0x0000000084300000, 0x00000000d5580000)
  object space 68608K, 25% used [0x0000000080000000,0x00000000810cc598,0x0000000084300000)
 Metaspace       used 29053K, committed 30080K, reserved 1114112K
  class space    used 2974K, committed 3456K, reserved 1048576K
}
Event: 22.532 GC heap after
{Heap after GC invocations=11 (full 1):
 PSYoungGen      total 25088K, used 1467K [0x00000000d5580000, 0x00000000d7280000, 0x0000000100000000)
  eden space 23552K, 0% used [0x00000000d5580000,0x00000000d5580000,0x00000000d6c80000)
  from space 1536K, 95% used [0x00000000d7100000,0x00000000d726eda0,0x00000000d7280000)
  to   space 2048K, 0% used [0x00000000d6e80000,0x00000000d6e80000,0x00000000d7080000)
 ParOldGen       total 68608K, used 18589K [0x0000000080000000, 0x0000000084300000, 0x00000000d5580000)
  object space 68608K, 27% used [0x0000000080000000,0x00000000812274d0,0x0000000084300000)
 Metaspace       used 29053K, committed 30080K, reserved 1114112K
  class space    used 2974K, committed 3456K, reserved 1048576K
}
Event: 27.373 GC heap before
{Heap before GC invocations=12 (full 1):
 PSYoungGen      total 25088K, used 25019K [0x00000000d5580000, 0x00000000d7280000, 0x0000000100000000)
  eden space 23552K, 100% used [0x00000000d5580000,0x00000000d6c80000,0x00000000d6c80000)
  from space 1536K, 95% used [0x00000000d7100000,0x00000000d726eda0,0x00000000d7280000)
  to   space 2048K, 0% used [0x00000000d6e80000,0x00000000d6e80000,0x00000000d7080000)
 ParOldGen       total 68608K, used 18611K [0x0000000080000000, 0x0000000084300000, 0x00000000d5580000)
  object space 68608K, 27% used [0x0000000080000000,0x000000008122cc80,0x0000000084300000)
 Metaspace       used 30495K, committed 31488K, reserved 1114112K
  class space    used 3144K, committed 3584K, reserved 1048576K
}
Event: 27.378 GC heap after
{Heap after GC invocations=12 (full 1):
 PSYoungGen      total 24064K, used 1016K [0x00000000d5580000, 0x00000000d7180000, 0x0000000100000000)
  eden space 23040K, 0% used [0x00000000d5580000,0x00000000d5580000,0x00000000d6c00000)
  from space 1024K, 99% used [0x00000000d6e80000,0x00000000d6f7e020,0x00000000d6f80000)
  to   space 1536K, 0% used [0x00000000d7000000,0x00000000d7000000,0x00000000d7180000)
 ParOldGen       total 68608K, used 19976K [0x0000000080000000, 0x0000000084300000, 0x00000000d5580000)
  object space 68608K, 29% used [0x0000000080000000,0x00000000813822d8,0x0000000084300000)
 Metaspace       used 30495K, committed 31488K, reserved 1114112K
  class space    used 3144K, committed 3584K, reserved 1048576K
}
Event: 28.462 GC heap before
{Heap before GC invocations=13 (full 1):
 PSYoungGen      total 24064K, used 24056K [0x00000000d5580000, 0x00000000d7180000, 0x0000000100000000)
  eden space 23040K, 100% used [0x00000000d5580000,0x00000000d6c00000,0x00000000d6c00000)
  from space 1024K, 99% used [0x00000000d6e80000,0x00000000d6f7e020,0x00000000d6f80000)
  to   space 1536K, 0% used [0x00000000d7000000,0x00000000d7000000,0x00000000d7180000)
 ParOldGen       total 68608K, used 19976K [0x0000000080000000, 0x0000000084300000, 0x00000000d5580000)
  object space 68608K, 29% used [0x0000000080000000,0x00000000813822d8,0x0000000084300000)
 Metaspace       used 33286K, committed 34368K, reserved 1114112K
  class space    used 3453K, committed 3904K, reserved 1048576K
}
Event: 28.466 GC heap after
{Heap after GC invocations=13 (full 1):
 PSYoungGen      total 23552K, used 1005K [0x00000000d5580000, 0x00000000d7100000, 0x0000000100000000)
  eden space 22528K, 0% used [0x00000000d5580000,0x00000000d5580000,0x00000000d6b80000)
  from space 1024K, 98% used [0x00000000d7000000,0x00000000d70fb460,0x00000000d7100000)
  to   space 1536K, 0% used [0x00000000d6e00000,0x00000000d6e00000,0x00000000d6f80000)
 ParOldGen       total 68608K, used 20873K [0x0000000080000000, 0x0000000084300000, 0x00000000d5580000)
  object space 68608K, 30% used [0x0000000080000000,0x0000000081462780,0x0000000084300000)
 Metaspace       used 33286K, committed 34368K, reserved 1114112K
  class space    used 3453K, committed 3904K, reserved 1048576K
}
Event: 29.100 GC heap before
{Heap before GC invocations=14 (full 1):
 PSYoungGen      total 23552K, used 12184K [0x00000000d5580000, 0x00000000d7100000, 0x0000000100000000)
  eden space 22528K, 49% used [0x00000000d5580000,0x00000000d606ac30,0x00000000d6b80000)
  from space 1024K, 98% used [0x00000000d7000000,0x00000000d70fb460,0x00000000d7100000)
  to   space 1536K, 0% used [0x00000000d6e00000,0x00000000d6e00000,0x00000000d6f80000)
 ParOldGen       total 68608K, used 20873K [0x0000000080000000, 0x0000000084300000, 0x00000000d5580000)
  object space 68608K, 30% used [0x0000000080000000,0x0000000081462780,0x0000000084300000)
 Metaspace       used 34716K, committed 35840K, reserved 1114112K
  class space    used 3634K, committed 4160K, reserved 1048576K
}
Event: 29.106 GC heap after
{Heap after GC invocations=14 (full 1):
 PSYoungGen      total 24064K, used 717K [0x00000000d5580000, 0x00000000d7080000, 0x0000000100000000)
  eden space 22528K, 0% used [0x00000000d5580000,0x00000000d5580000,0x00000000d6b80000)
  from space 1536K, 46% used [0x00000000d6e00000,0x00000000d6eb35f8,0x00000000d6f80000)
  to   space 1024K, 0% used [0x00000000d6f80000,0x00000000d6f80000,0x00000000d7080000)
 ParOldGen       total 68608K, used 21684K [0x0000000080000000, 0x0000000084300000, 0x00000000d5580000)
  object space 68608K, 31% used [0x0000000080000000,0x000000008152d158,0x0000000084300000)
 Metaspace       used 34716K, committed 35840K, reserved 1114112K
  class space    used 3634K, committed 4160K, reserved 1048576K
}
Event: 29.106 GC heap before
{Heap before GC invocations=15 (full 2):
 PSYoungGen      total 24064K, used 717K [0x00000000d5580000, 0x00000000d7080000, 0x0000000100000000)
  eden space 22528K, 0% used [0x00000000d5580000,0x00000000d5580000,0x00000000d6b80000)
  from space 1536K, 46% used [0x00000000d6e00000,0x00000000d6eb35f8,0x00000000d6f80000)
  to   space 1024K, 0% used [0x00000000d6f80000,0x00000000d6f80000,0x00000000d7080000)
 ParOldGen       total 68608K, used 21684K [0x0000000080000000, 0x0000000084300000, 0x00000000d5580000)
  object space 68608K, 31% used [0x0000000080000000,0x000000008152d158,0x0000000084300000)
 Metaspace       used 34716K, committed 35840K, reserved 1114112K
  class space    used 3634K, committed 4160K, reserved 1048576K
}
Event: 29.169 GC heap after
{Heap after GC invocations=15 (full 2):
 PSYoungGen      total 24064K, used 0K [0x00000000d5580000, 0x00000000d7080000, 0x0000000100000000)
  eden space 22528K, 0% used [0x00000000d5580000,0x00000000d5580000,0x00000000d6b80000)
  from space 1536K, 0% used [0x00000000d6e00000,0x00000000d6e00000,0x00000000d6f80000)
  to   space 1024K, 0% used [0x00000000d6f80000,0x00000000d6f80000,0x00000000d7080000)
 ParOldGen       total 68608K, used 17622K [0x0000000080000000, 0x0000000084300000, 0x00000000d5580000)
  object space 68608K, 25% used [0x0000000080000000,0x0000000081135b80,0x0000000084300000)
 Metaspace       used 34716K, committed 35840K, reserved 1114112K
  class space    used 3634K, committed 4160K, reserved 1048576K
}
Event: 29.981 GC heap before
{Heap before GC invocations=16 (full 2):
 PSYoungGen      total 24064K, used 22528K [0x00000000d5580000, 0x00000000d7080000, 0x0000000100000000)
  eden space 22528K, 100% used [0x00000000d5580000,0x00000000d6b80000,0x00000000d6b80000)
  from space 1536K, 0% used [0x00000000d6e00000,0x00000000d6e00000,0x00000000d6f80000)
  to   space 1024K, 0% used [0x00000000d6f80000,0x00000000d6f80000,0x00000000d7080000)
 ParOldGen       total 68608K, used 17642K [0x0000000080000000, 0x0000000084300000, 0x00000000d5580000)
  object space 68608K, 25% used [0x0000000080000000,0x000000008113a910,0x0000000084300000)
 Metaspace       used 37394K, committed 38528K, reserved 1114112K
  class space    used 3974K, committed 4480K, reserved 1048576K
}
Event: 29.984 GC heap after
{Heap after GC invocations=16 (full 2):
 PSYoungGen      total 23552K, used 1010K [0x00000000d5580000, 0x00000000d7080000, 0x0000000100000000)
  eden space 22528K, 0% used [0x00000000d5580000,0x00000000d5580000,0x00000000d6b80000)
  from space 1024K, 98% used [0x00000000d6f80000,0x00000000d707cbb8,0x00000000d7080000)
  to   space 2048K, 0% used [0x00000000d6c80000,0x00000000d6c80000,0x00000000d6e80000)
 ParOldGen       total 68608K, used 18267K [0x0000000080000000, 0x0000000084300000, 0x00000000d5580000)
  object space 68608K, 26% used [0x0000000080000000,0x00000000811d6d50,0x0000000084300000)
 Metaspace       used 37394K, committed 38528K, reserved 1114112K
  class space    used 3974K, committed 4480K, reserved 1048576K
}
Event: 31.182 GC heap before
{Heap before GC invocations=17 (full 2):
 PSYoungGen      total 23552K, used 23538K [0x00000000d5580000, 0x00000000d7080000, 0x0000000100000000)
  eden space 22528K, 99% used [0x00000000d5580000,0x00000000d6b7fff0,0x00000000d6b80000)
  from space 1024K, 98% used [0x00000000d6f80000,0x00000000d707cbb8,0x00000000d7080000)
  to   space 2048K, 0% used [0x00000000d6c80000,0x00000000d6c80000,0x00000000d6e80000)
 ParOldGen       total 68608K, used 18275K [0x0000000080000000, 0x0000000084300000, 0x00000000d5580000)
  object space 68608K, 26% used [0x0000000080000000,0x00000000811d8c08,0x0000000084300000)
 Metaspace       used 39879K, committed 41024K, reserved 1114112K
  class space    used 4330K, committed 4800K, reserved 1048576K
}
Event: 31.188 GC heap after
{Heap after GC invocations=17 (full 2):
 PSYoungGen      total 24064K, used 2048K [0x00000000d5580000, 0x00000000d7200000, 0x0000000100000000)
  eden space 22016K, 0% used [0x00000000d5580000,0x00000000d5580000,0x00000000d6b00000)
  from space 2048K, 100% used [0x00000000d6c80000,0x00000000d6e80000,0x00000000d6e80000)
  to   space 3584K, 0% used [0x00000000d6e80000,0x00000000d6e80000,0x00000000d7200000)
 ParOldGen       total 68608K, used 19423K [0x0000000080000000, 0x0000000084300000, 0x00000000d5580000)
  object space 68608K, 28% used [0x0000000080000000,0x00000000812f7c40,0x0000000084300000)
 Metaspace       used 39879K, committed 41024K, reserved 1114112K
  class space    used 4330K, committed 4800K, reserved 1048576K
}
Event: 32.215 GC heap before
{Heap before GC invocations=18 (full 2):
 PSYoungGen      total 24064K, used 24064K [0x00000000d5580000, 0x00000000d7200000, 0x0000000100000000)
  eden space 22016K, 100% used [0x00000000d5580000,0x00000000d6b00000,0x00000000d6b00000)
  from space 2048K, 100% used [0x00000000d6c80000,0x00000000d6e80000,0x00000000d6e80000)
  to   space 3584K, 0% used [0x00000000d6e80000,0x00000000d6e80000,0x00000000d7200000)
 ParOldGen       total 68608K, used 19423K [0x0000000080000000, 0x0000000084300000, 0x00000000d5580000)
  object space 68608K, 28% used [0x0000000080000000,0x00000000812f7c40,0x0000000084300000)
 Metaspace       used 42340K, committed 43520K, reserved 1114112K
  class space    used 4672K, committed 5248K, reserved 1048576K
}
Event: 32.219 GC heap after
{Heap after GC invocations=18 (full 2):
 PSYoungGen      total 23552K, used 1172K [0x00000000d5580000, 0x00000000d7000000, 0x0000000100000000)
  eden space 22016K, 0% used [0x00000000d5580000,0x00000000d5580000,0x00000000d6b00000)
  from space 1536K, 76% used [0x00000000d6e80000,0x00000000d6fa50d0,0x00000000d7000000)
  to   space 2048K, 0% used [0x00000000d6c00000,0x00000000d6c00000,0x00000000d6e00000)
 ParOldGen       total 68608K, used 21343K [0x0000000080000000, 0x0000000084300000, 0x00000000d5580000)
  object space 68608K, 31% used [0x0000000080000000,0x00000000814d7c40,0x0000000084300000)
 Metaspace       used 42340K, committed 43520K, reserved 1114112K
  class space    used 4672K, committed 5248K, reserved 1048576K
}
Event: 33.148 GC heap before
{Heap before GC invocations=19 (full 2):
 PSYoungGen      total 23552K, used 23188K [0x00000000d5580000, 0x00000000d7000000, 0x0000000100000000)
  eden space 22016K, 100% used [0x00000000d5580000,0x00000000d6b00000,0x00000000d6b00000)
  from space 1536K, 76% used [0x00000000d6e80000,0x00000000d6fa50d0,0x00000000d7000000)
  to   space 2048K, 0% used [0x00000000d6c00000,0x00000000d6c00000,0x00000000d6e00000)
 ParOldGen       total 68608K, used 21343K [0x0000000080000000, 0x0000000084300000, 0x00000000d5580000)
  object space 68608K, 31% used [0x0000000080000000,0x00000000814d7c40,0x0000000084300000)
 Metaspace       used 43948K, committed 45184K, reserved 1114112K
  class space    used 4868K, committed 5440K, reserved 1048576K
}
Event: 33.158 GC heap after
{Heap after GC invocations=19 (full 2):
 PSYoungGen      total 24064K, used 2044K [0x00000000d5580000, 0x00000000d7500000, 0x0000000100000000)
  eden space 22016K, 0% used [0x00000000d5580000,0x00000000d5580000,0x00000000d6b00000)
  from space 2048K, 99% used [0x00000000d6c00000,0x00000000d6dff0b8,0x00000000d6e00000)
  to   space 5120K, 0% used [0x00000000d7000000,0x00000000d7000000,0x00000000d7500000)
 ParOldGen       total 68608K, used 23391K [0x0000000080000000, 0x0000000084300000, 0x00000000d5580000)
  object space 68608K, 34% used [0x0000000080000000,0x00000000816d7c20,0x0000000084300000)
 Metaspace       used 43948K, committed 45184K, reserved 1114112K
  class space    used 4868K, committed 5440K, reserved 1048576K
}
Event: 35.476 GC heap before
{Heap before GC invocations=20 (full 2):
 PSYoungGen      total 24064K, used 24058K [0x00000000d5580000, 0x00000000d7500000, 0x0000000100000000)
  eden space 22016K, 99% used [0x00000000d5580000,0x00000000d6aff920,0x00000000d6b00000)
  from space 2048K, 99% used [0x00000000d6c00000,0x00000000d6dff0b8,0x00000000d6e00000)
  to   space 5120K, 0% used [0x00000000d7000000,0x00000000d7000000,0x00000000d7500000)
 ParOldGen       total 68608K, used 23391K [0x0000000080000000, 0x0000000084300000, 0x00000000d5580000)
  object space 68608K, 34% used [0x0000000080000000,0x00000000816d7c20,0x0000000084300000)
 Metaspace       used 45632K, committed 46912K, reserved 1114112K
  class space    used 5122K, committed 5696K, reserved 1048576K
}
Event: 35.484 GC heap after
{Heap after GC invocations=20 (full 2):
 PSYoungGen      total 22016K, used 5098K [0x00000000d5580000, 0x00000000d7f00000, 0x0000000100000000)
  eden space 16896K, 0% used [0x00000000d5580000,0x00000000d5580000,0x00000000d6600000)
  from space 5120K, 99% used [0x00000000d7000000,0x00000000d74fa980,0x00000000d7500000)
  to   space 10240K, 0% used [0x00000000d6600000,0x00000000d6600000,0x00000000d7000000)
 ParOldGen       total 68608K, used 27127K [0x0000000080000000, 0x0000000084300000, 0x00000000d5580000)
  object space 68608K, 39% used [0x0000000080000000,0x0000000081a7dc28,0x0000000084300000)
 Metaspace       used 45632K, committed 46912K, reserved 1114112K
  class space    used 5122K, committed 5696K, reserved 1048576K
}

