# JRE version: OpenJDK Runtime Environment Temurin-21.0.12.1+1 (21.0.12.1+1) (build 21.0.12.1+1-LTS)
# Java VM: OpenJDK 64-Bit Server VM Temurin-21.0.12.1+1 (21.0.12.1+1-LTS, mixed mode, sharing, tiered, compressed oops, compressed class ptrs, parallel gc, windows-amd64)
GC Precious Log:
 CardTable entry size: 512
 CPUs: 4 total, 4 available
 Memory: 4005M
 Large Page Support: Disabled
 NUMA Support: Disabled
 Compressed Oops: Enabled (32-bit)
 Alignments: Space 512K, Generation 512K, Heap 2M
 Heap Min Capacity: 100M
 Heap Initial Capacity: 100M
 Heap Max Capacity: 2G
 Pre-touch: Disabled
 Parallel Workers: 4
Heap:
 PSYoungGen      total 15360K, used 13034K [0x00000000d5580000, 0x00000000d6a00000, 0x0000000100000000)
  eden space 10752K, 82% used [0x00000000d5580000,0x00000000d5e1ed50,0x00000000d6000000)
  from space 4608K, 91% used [0x00000000d6000000,0x00000000d641bcf8,0x00000000d6480000)
  to   space 4608K, 0% used [0x00000000d6580000,0x00000000d6580000,0x00000000d6a00000)
 ParOldGen       total 310784K, used 290450K [0x0000000080000000, 0x0000000092f80000, 0x00000000d5580000)
  object space 310784K, 93% used [0x0000000080000000,0x0000000091ba4ac0,0x0000000092f80000)
 Metaspace       used 66647K, committed 68032K, reserved 1114112K
  class space    used 8329K, committed 8960K, reserved 1048576K
GC Heap History (20 events):
Event: 70.839 GC heap before
{Heap before GC invocations=373 (full 5):
 PSYoungGen      total 6656K, used 6655K [0x00000000d5580000, 0x00000000d5f80000, 0x0000000100000000)
  eden space 5120K, 100% used [0x00000000d5580000,0x00000000d5a80000,0x00000000d5a80000)
  from space 1536K, 99% used [0x00000000d5b00000,0x00000000d5c7fd38,0x00000000d5c80000)
  to   space 2560K, 0% used [0x00000000d5d00000,0x00000000d5d00000,0x00000000d5f80000)
 ParOldGen       total 310784K, used 269250K [0x0000000080000000, 0x0000000092f80000, 0x00000000d5580000)
  object space 310784K, 86% used [0x0000000080000000,0x00000000906f0ae8,0x0000000092f80000)
 Metaspace       used 66442K, committed 67776K, reserved 1114112K
  class space    used 8299K, committed 8896K, reserved 1048576K
}
Event: 70.842 GC heap after
{Heap after GC invocations=373 (full 5):
 PSYoungGen      total 7680K, used 1635K [0x00000000d5580000, 0x00000000d5f00000, 0x0000000100000000)
  eden space 5632K, 0% used [0x00000000d5580000,0x00000000d5580000,0x00000000d5b00000)
  from space 2048K, 79% used [0x00000000d5d00000,0x00000000d5e98fb8,0x00000000d5f00000)
  to   space 2048K, 0% used [0x00000000d5b00000,0x00000000d5b00000,0x00000000d5d00000)
 ParOldGen       total 310784K, used 270817K [0x0000000080000000, 0x0000000092f80000, 0x00000000d5580000)
  object space 310784K, 87% used [0x0000000080000000,0x0000000090878468,0x0000000092f80000)
 Metaspace       used 66442K, committed 67776K, reserved 1114112K
  class space    used 8299K, committed 8896K, reserved 1048576K
}
Event: 70.856 GC heap before
{Heap before GC invocations=374 (full 5):
 PSYoungGen      total 7680K, used 7267K [0x00000000d5580000, 0x00000000d5f00000, 0x0000000100000000)
  eden space 5632K, 100% used [0x00000000d5580000,0x00000000d5b00000,0x00000000d5b00000)
  from space 2048K, 79% used [0x00000000d5d00000,0x00000000d5e98fb8,0x00000000d5f00000)
  to   space 2048K, 0% used [0x00000000d5b00000,0x00000000d5b00000,0x00000000d5d00000)
 ParOldGen       total 310784K, used 270817K [0x0000000080000000, 0x0000000092f80000, 0x00000000d5580000)
  object space 310784K, 87% used [0x0000000080000000,0x0000000090878468,0x0000000092f80000)
 Metaspace       used 66442K, committed 67776K, reserved 1114112K
  class space    used 8299K, committed 8896K, reserved 1048576K
}
Event: 70.859 GC heap after
{Heap after GC invocations=374 (full 5):
 PSYoungGen      total 7680K, used 2034K [0x00000000d5580000, 0x00000000d6380000, 0x0000000100000000)
  eden space 5632K, 0% used [0x00000000d5580000,0x00000000d5580000,0x00000000d5b00000)
  from space 2048K, 99% used [0x00000000d5b00000,0x00000000d5cfcbc8,0x00000000d5d00000)
  to   space 4096K, 0% used [0x00000000d5f80000,0x00000000d5f80000,0x00000000d6380000)
 ParOldGen       total 310784K, used 272315K [0x0000000080000000, 0x0000000092f80000, 0x00000000d5580000)
  object space 310784K, 87% used [0x0000000080000000,0x00000000909eec00,0x0000000092f80000)
 Metaspace       used 66442K, committed 67776K, reserved 1114112K
  class space    used 8299K, committed 8896K, reserved 1048576K
}
Event: 70.875 GC heap before
{Heap before GC invocations=375 (full 5):
 PSYoungGen      total 7680K, used 7666K [0x00000000d5580000, 0x00000000d6380000, 0x0000000100000000)
  eden space 5632K, 100% used [0x00000000d5580000,0x00000000d5b00000,0x00000000d5b00000)
  from space 2048K, 99% used [0x00000000d5b00000,0x00000000d5cfcbc8,0x00000000d5d00000)
  to   space 4096K, 0% used [0x00000000d5f80000,0x00000000d5f80000,0x00000000d6380000)
 ParOldGen       total 310784K, used 272315K [0x0000000080000000, 0x0000000092f80000, 0x00000000d5580000)
  object space 310784K, 87% used [0x0000000080000000,0x00000000909eec00,0x0000000092f80000)
 Metaspace       used 66442K, committed 67776K, reserved 1114112K
  class space    used 8299K, committed 8896K, reserved 1048576K
}
Event: 70.878 GC heap after
{Heap after GC invocations=375 (full 5):
 PSYoungGen      total 8704K, used 2108K [0x00000000d5580000, 0x00000000d6200000, 0x0000000100000000)
  eden space 6144K, 0% used [0x00000000d5580000,0x00000000d5580000,0x00000000d5b80000)
  from space 2560K, 82% used [0x00000000d5f80000,0x00000000d618f290,0x00000000d6200000)
  to   space 3072K, 0% used [0x00000000d5c00000,0x00000000d5c00000,0x00000000d5f00000)
 ParOldGen       total 310784K, used 274326K [0x0000000080000000, 0x0000000092f80000, 0x00000000d5580000)
  object space 310784K, 88% used [0x0000000080000000,0x0000000090be5848,0x0000000092f80000)
 Metaspace       used 66442K, committed 67776K, reserved 1114112K
  class space    used 8299K, committed 8896K, reserved 1048576K
}
Event: 70.895 GC heap before
{Heap before GC invocations=376 (full 5):
 PSYoungGen      total 8704K, used 8214K [0x00000000d5580000, 0x00000000d6200000, 0x0000000100000000)
  eden space 6144K, 99% used [0x00000000d5580000,0x00000000d5b76858,0x00000000d5b80000)
  from space 2560K, 82% used [0x00000000d5f80000,0x00000000d618f290,0x00000000d6200000)
  to   space 3072K, 0% used [0x00000000d5c00000,0x00000000d5c00000,0x00000000d5f00000)
 ParOldGen       total 310784K, used 274326K [0x0000000080000000, 0x0000000092f80000, 0x00000000d5580000)
  object space 310784K, 88% used [0x0000000080000000,0x0000000090be5848,0x0000000092f80000)
 Metaspace       used 66442K, committed 67776K, reserved 1114112K
  class space    used 8299K, committed 8896K, reserved 1048576K
}
Event: 70.897 GC heap after
{Heap after GC invocations=376 (full 5):
 PSYoungGen      total 9728K, used 3063K [0x00000000d5580000, 0x00000000d6600000, 0x0000000100000000)
  eden space 6656K, 0% used [0x00000000d5580000,0x00000000d5580000,0x00000000d5c00000)
  from space 3072K, 99% used [0x00000000d5c00000,0x00000000d5efdf88,0x00000000d5f00000)
  to   space 5120K, 0% used [0x00000000d6100000,0x00000000d6100000,0x00000000d6600000)
 ParOldGen       total 310784K, used 275667K [0x0000000080000000, 0x0000000092f80000, 0x00000000d5580000)
  object space 310784K, 88% used [0x0000000080000000,0x0000000090d34d28,0x0000000092f80000)
 Metaspace       used 66442K, committed 67776K, reserved 1114112K
  class space    used 8299K, committed 8896K, reserved 1048576K
}
Event: 70.914 GC heap before
{Heap before GC invocations=377 (full 5):
 PSYoungGen      total 9728K, used 9719K [0x00000000d5580000, 0x00000000d6600000, 0x0000000100000000)
  eden space 6656K, 100% used [0x00000000d5580000,0x00000000d5c00000,0x00000000d5c00000)
  from space 3072K, 99% used [0x00000000d5c00000,0x00000000d5efdf88,0x00000000d5f00000)
  to   space 5120K, 0% used [0x00000000d6100000,0x00000000d6100000,0x00000000d6600000)
 ParOldGen       total 310784K, used 275667K [0x0000000080000000, 0x0000000092f80000, 0x00000000d5580000)
  object space 310784K, 88% used [0x0000000080000000,0x0000000090d34d28,0x0000000092f80000)
 Metaspace       used 66442K, committed 67776K, reserved 1114112K
  class space    used 8299K, committed 8896K, reserved 1048576K
}
Event: 70.918 GC heap after
{Heap after GC invocations=377 (full 5):
 PSYoungGen      total 10752K, used 2522K [0x00000000d5580000, 0x00000000d6400000, 0x0000000100000000)
  eden space 7680K, 0% used [0x00000000d5580000,0x00000000d5580000,0x00000000d5d00000)
  from space 3072K, 82% used [0x00000000d6100000,0x00000000d6376b98,0x00000000d6400000)
  to   space 3584K, 0% used [0x00000000d5d00000,0x00000000d5d00000,0x00000000d6080000)
 ParOldGen       total 310784K, used 278647K [0x0000000080000000, 0x0000000092f80000, 0x00000000d5580000)
  object space 310784K, 89% used [0x0000000080000000,0x000000009101df90,0x0000000092f80000)
 Metaspace       used 66442K, committed 67776K, reserved 1114112K
  class space    used 8299K, committed 8896K, reserved 1048576K
}
Event: 70.952 GC heap before
{Heap before GC invocations=378 (full 5):
 PSYoungGen      total 10752K, used 10202K [0x00000000d5580000, 0x00000000d6400000, 0x0000000100000000)
  eden space 7680K, 100% used [0x00000000d5580000,0x00000000d5d00000,0x00000000d5d00000)
  from space 3072K, 82% used [0x00000000d6100000,0x00000000d6376b98,0x00000000d6400000)
  to   space 3584K, 0% used [0x00000000d5d00000,0x00000000d5d00000,0x00000000d6080000)
 ParOldGen       total 310784K, used 278647K [0x0000000080000000, 0x0000000092f80000, 0x00000000d5580000)
  object space 310784K, 89% used [0x0000000080000000,0x000000009101df90,0x0000000092f80000)
 Metaspace       used 66483K, committed 67776K, reserved 1114112K
  class space    used 8308K, committed 8896K, reserved 1048576K
}
Event: 70.956 GC heap after
{Heap after GC invocations=378 (full 5):
 PSYoungGen      total 11264K, used 3574K [0x00000000d5580000, 0x00000000d6980000, 0x0000000100000000)
  eden space 7680K, 0% used [0x00000000d5580000,0x00000000d5580000,0x00000000d5d00000)
  from space 3584K, 99% used [0x00000000d5d00000,0x00000000d607da90,0x00000000d6080000)
  to   space 6144K, 0% used [0x00000000d6380000,0x00000000d6380000,0x00000000d6980000)
 ParOldGen       total 310784K, used 280352K [0x0000000080000000, 0x0000000092f80000, 0x00000000d5580000)
  object space 310784K, 90% used [0x0000000080000000,0x00000000911c81a0,0x0000000092f80000)
 Metaspace       used 66483K, committed 67776K, reserved 1114112K
  class space    used 8308K, committed 8896K, reserved 1048576K
}
Event: 70.979 GC heap before
{Heap before GC invocations=379 (full 5):
 PSYoungGen      total 11264K, used 11254K [0x00000000d5580000, 0x00000000d6980000, 0x0000000100000000)
  eden space 7680K, 100% used [0x00000000d5580000,0x00000000d5d00000,0x00000000d5d00000)
  from space 3584K, 99% used [0x00000000d5d00000,0x00000000d607da90,0x00000000d6080000)
  to   space 6144K, 0% used [0x00000000d6380000,0x00000000d6380000,0x00000000d6980000)
 ParOldGen       total 310784K, used 280352K [0x0000000080000000, 0x0000000092f80000, 0x00000000d5580000)
  object space 310784K, 90% used [0x0000000080000000,0x00000000911c81a0,0x0000000092f80000)
 Metaspace       used 66498K, committed 67776K, reserved 1114112K
  class space    used 8312K, committed 8896K, reserved 1048576K
}
Event: 70.985 GC heap after
{Heap after GC invocations=379 (full 5):
 PSYoungGen      total 12288K, used 3133K [0x00000000d5580000, 0x00000000d6700000, 0x0000000100000000)
  eden space 8704K, 0% used [0x00000000d5580000,0x00000000d5580000,0x00000000d5e00000)
  from space 3584K, 87% used [0x00000000d6380000,0x00000000d668f520,0x00000000d6700000)
  to   space 4096K, 0% used [0x00000000d5f00000,0x00000000d5f00000,0x00000000d6300000)
 ParOldGen       total 310784K, used 283910K [0x0000000080000000, 0x0000000092f80000, 0x00000000d5580000)
  object space 310784K, 91% used [0x0000000080000000,0x00000000915418e8,0x0000000092f80000)
 Metaspace       used 66498K, committed 67776K, reserved 1114112K
  class space    used 8312K, committed 8896K, reserved 1048576K
}
Event: 71.013 GC heap before
{Heap before GC invocations=380 (full 5):
 PSYoungGen      total 12288K, used 11837K [0x00000000d5580000, 0x00000000d6700000, 0x0000000100000000)
  eden space 8704K, 100% used [0x00000000d5580000,0x00000000d5e00000,0x00000000d5e00000)
  from space 3584K, 87% used [0x00000000d6380000,0x00000000d668f520,0x00000000d6700000)
  to   space 4096K, 0% used [0x00000000d5f00000,0x00000000d5f00000,0x00000000d6300000)
 ParOldGen       total 310784K, used 283910K [0x0000000080000000, 0x0000000092f80000, 0x00000000d5580000)
  object space 310784K, 91% used [0x0000000080000000,0x00000000915418e8,0x0000000092f80000)
 Metaspace       used 66531K, committed 67840K, reserved 1114112K
  class space    used 8317K, committed 8896K, reserved 1048576K
}
Event: 71.018 GC heap after
{Heap after GC invocations=380 (full 5):
 PSYoungGen      total 13824K, used 4087K [0x00000000d5580000, 0x00000000d6d00000, 0x0000000100000000)
  eden space 9728K, 0% used [0x00000000d5580000,0x00000000d5580000,0x00000000d5f00000)
  from space 4096K, 99% used [0x00000000d5f00000,0x00000000d62fde28,0x00000000d6300000)
  to   space 7168K, 0% used [0x00000000d6600000,0x00000000d6600000,0x00000000d6d00000)
 ParOldGen       total 310784K, used 286347K [0x0000000080000000, 0x0000000092f80000, 0x00000000d5580000)
  object space 310784K, 92% used [0x0000000080000000,0x00000000917a2cb0,0x0000000092f80000)
 Metaspace       used 66531K, committed 67840K, reserved 1114112K
  class space    used 8317K, committed 8896K, reserved 1048576K
}
Event: 71.154 GC heap before
{Heap before GC invocations=381 (full 5):
 PSYoungGen      total 13824K, used 13815K [0x00000000d5580000, 0x00000000d6d00000, 0x0000000100000000)
  eden space 9728K, 99% used [0x00000000d5580000,0x00000000d5efff08,0x00000000d5f00000)
  from space 4096K, 99% used [0x00000000d5f00000,0x00000000d62fde28,0x00000000d6300000)
  to   space 7168K, 0% used [0x00000000d6600000,0x00000000d6600000,0x00000000d6d00000)
 ParOldGen       total 310784K, used 286347K [0x0000000080000000, 0x0000000092f80000, 0x00000000d5580000)
  object space 310784K, 92% used [0x0000000080000000,0x00000000917a2cb0,0x0000000092f80000)
 Metaspace       used 66601K, committed 68032K, reserved 1114112K
  class space    used 8328K, committed 8960K, reserved 1048576K
}
Event: 71.160 GC heap after
{Heap after GC invocations=381 (full 5):
 PSYoungGen      total 13824K, used 2734K [0x00000000d5580000, 0x00000000d6900000, 0x0000000100000000)
  eden space 10752K, 0% used [0x00000000d5580000,0x00000000d5580000,0x00000000d6000000)
  from space 3072K, 89% used [0x00000000d6600000,0x00000000d68ab990,0x00000000d6900000)
  to   space 4608K, 0% used [0x00000000d6000000,0x00000000d6000000,0x00000000d6480000)
 ParOldGen       total 310784K, used 290442K [0x0000000080000000, 0x0000000092f80000, 0x00000000d5580000)
  object space 310784K, 93% used [0x0000000080000000,0x0000000091ba2ac0,0x0000000092f80000)
 Metaspace       used 66601K, committed 68032K, reserved 1114112K
  class space    used 8328K, committed 8960K, reserved 1048576K
}
Event: 71.377 GC heap before
{Heap before GC invocations=382 (full 5):
 PSYoungGen      total 13824K, used 13486K [0x00000000d5580000, 0x00000000d6900000, 0x0000000100000000)
  eden space 10752K, 100% used [0x00000000d5580000,0x00000000d6000000,0x00000000d6000000)
  from space 3072K, 89% used [0x00000000d6600000,0x00000000d68ab990,0x00000000d6900000)
  to   space 4608K, 0% used [0x00000000d6000000,0x00000000d6000000,0x00000000d6480000)
 ParOldGen       total 310784K, used 290442K [0x0000000080000000, 0x0000000092f80000, 0x00000000d5580000)
  object space 310784K, 93% used [0x0000000080000000,0x0000000091ba2ac0,0x0000000092f80000)
 Metaspace       used 66645K, committed 68032K, reserved 1114112K
  class space    used 8329K, committed 8960K, reserved 1048576K
}
Event: 71.381 GC heap after
{Heap after GC invocations=382 (full 5):
 PSYoungGen      total 15360K, used 4207K [0x00000000d5580000, 0x00000000d6a00000, 0x0000000100000000)
  eden space 10752K, 0% used [0x00000000d5580000,0x00000000d5580000,0x00000000d6000000)
  from space 4608K, 91% used [0x00000000d6000000,0x00000000d641bcf8,0x00000000d6480000)
  to   space 4608K, 0% used [0x00000000d6580000,0x00000000d6580000,0x00000000d6a00000)
 ParOldGen       total 310784K, used 290450K [0x0000000080000000, 0x0000000092f80000, 0x00000000d5580000)
  object space 310784K, 93% used [0x0000000080000000,0x0000000091ba4ac0,0x0000000092f80000)
 Metaspace       used 66645K, committed 68032K, reserved 1114112K
  class space    used 8329K, committed 8960K, reserved 1048576K
}

