# JRE version: OpenJDK Runtime Environment Temurin-17.0.20.1+1 (17.0.20.1+1) (build 17.0.20.1+1)
# Java VM: OpenJDK 64-Bit Server VM Temurin-17.0.20.1+1 (17.0.20.1+1, mixed mode, sharing, tiered, compressed oops, compressed class ptrs, g1 gc, windows-amd64)
GC Precious Log:
 CPUs: 4 total, 4 available
 Memory: 4005M
 Large Page Support: Disabled
 NUMA Support: Disabled
 Compressed Oops: Enabled (32-bit)
 Heap Region Size: 1M
 Heap Min Capacity: 8M
 Heap Initial Capacity: 64M
 Heap Max Capacity: 1002M
 Pre-touch: Disabled
 Parallel Workers: 4
 Concurrent Workers: 1
 Concurrent Refinement Workers: 4
 Periodic GC: Disabled
Heap:
 garbage-first heap   total 68608K, used 49306K [0x00000000c1600000, 0x0000000100000000)
  region size 1024K, 24 young (24576K), 4 survivors (4096K)
 Metaspace       used 64830K, committed 65152K, reserved 1114112K
  class space    used 7851K, committed 8000K, reserved 1048576K
GC Heap History (20 events):
Event: 8.031 GC heap before
{Heap before GC invocations=6 (full 0):
 garbage-first heap   total 48128K, used 15314K [0x00000000c1600000, 0x0000000100000000)
  region size 1024K, 5 young (5120K), 4 survivors (4096K)
 Metaspace       used 28240K, committed 28480K, reserved 1114112K
  class space    used 3153K, committed 3264K, reserved 1048576K
}
Event: 8.044 GC heap after
{Heap after GC invocations=7 (full 0):
 garbage-first heap   total 48128K, used 15763K [0x00000000c1600000, 0x0000000100000000)
  region size 1024K, 1 young (1024K), 1 survivors (1024K)
 Metaspace       used 28240K, committed 28480K, reserved 1114112K
  class space    used 3153K, committed 3264K, reserved 1048576K
}
Event: 9.955 GC heap before
{Heap before GC invocations=7 (full 0):
 garbage-first heap   total 48128K, used 34195K [0x00000000c1600000, 0x0000000100000000)
  region size 1024K, 19 young (19456K), 1 survivors (1024K)
 Metaspace       used 32338K, committed 32640K, reserved 1114112K
  class space    used 3663K, committed 3776K, reserved 1048576K
}
Event: 9.961 GC heap after
{Heap after GC invocations=8 (full 0):
 garbage-first heap   total 48128K, used 17181K [0x00000000c1600000, 0x0000000100000000)
  region size 1024K, 2 young (2048K), 2 survivors (2048K)
 Metaspace       used 32338K, committed 32640K, reserved 1114112K
  class space    used 3663K, committed 3776K, reserved 1048576K
}
Event: 11.451 GC heap before
{Heap before GC invocations=8 (full 0):
 garbage-first heap   total 48128K, used 35613K [0x00000000c1600000, 0x0000000100000000)
  region size 1024K, 20 young (20480K), 2 survivors (2048K)
 Metaspace       used 32956K, committed 33216K, reserved 1114112K
  class space    used 3726K, committed 3840K, reserved 1048576K
}
Event: 11.456 GC heap after
{Heap after GC invocations=9 (full 0):
 garbage-first heap   total 48128K, used 17649K [0x00000000c1600000, 0x0000000100000000)
  region size 1024K, 1 young (1024K), 1 survivors (1024K)
 Metaspace       used 32956K, committed 33216K, reserved 1114112K
  class space    used 3726K, committed 3840K, reserved 1048576K
}
Event: 11.970 GC heap before
{Heap before GC invocations=9 (full 0):
 garbage-first heap   total 48128K, used 22769K [0x00000000c1600000, 0x0000000100000000)
  region size 1024K, 8 young (8192K), 1 survivors (1024K)
 Metaspace       used 35749K, committed 35968K, reserved 1114112K
  class space    used 4378K, committed 4480K, reserved 1048576K
}
Event: 11.973 GC heap after
{Heap after GC invocations=10 (full 0):
 garbage-first heap   total 48128K, used 18026K [0x00000000c1600000, 0x0000000100000000)
  region size 1024K, 1 young (1024K), 1 survivors (1024K)
 Metaspace       used 35749K, committed 35968K, reserved 1114112K
  class space    used 4378K, committed 4480K, reserved 1048576K
}
Event: 13.033 GC heap before
{Heap before GC invocations=11 (full 0):
 garbage-first heap   total 48128K, used 35434K [0x00000000c1600000, 0x0000000100000000)
  region size 1024K, 19 young (19456K), 1 survivors (1024K)
 Metaspace       used 40430K, committed 40768K, reserved 1114112K
  class space    used 5114K, committed 5248K, reserved 1048576K
}
Event: 13.038 GC heap after
{Heap after GC invocations=12 (full 0):
 garbage-first heap   total 48128K, used 19665K [0x00000000c1600000, 0x0000000100000000)
  region size 1024K, 3 young (3072K), 3 survivors (3072K)
 Metaspace       used 40430K, committed 40768K, reserved 1114112K
  class space    used 5114K, committed 5248K, reserved 1048576K
}
Event: 13.738 GC heap before
{Heap before GC invocations=12 (full 0):
 garbage-first heap   total 48128K, used 35025K [0x00000000c1600000, 0x0000000100000000)
  region size 1024K, 19 young (19456K), 3 survivors (3072K)
 Metaspace       used 43510K, committed 43840K, reserved 1114112K
  class space    used 5410K, committed 5568K, reserved 1048576K
}
Event: 13.745 GC heap after
{Heap after GC invocations=13 (full 0):
 garbage-first heap   total 48128K, used 21670K [0x00000000c1600000, 0x0000000100000000)
  region size 1024K, 2 young (2048K), 2 survivors (2048K)
 Metaspace       used 43510K, committed 43840K, reserved 1114112K
  class space    used 5410K, committed 5568K, reserved 1048576K
}
Event: 14.408 GC heap before
{Heap before GC invocations=13 (full 0):
 garbage-first heap   total 48128K, used 36006K [0x00000000c1600000, 0x0000000100000000)
  region size 1024K, 16 young (16384K), 2 survivors (2048K)
 Metaspace       used 46265K, committed 46528K, reserved 1114112K
  class space    used 5647K, committed 5760K, reserved 1048576K
}
Event: 14.415 GC heap after
{Heap after GC invocations=14 (full 0):
 garbage-first heap   total 48128K, used 23643K [0x00000000c1600000, 0x0000000100000000)
  region size 1024K, 2 young (2048K), 2 survivors (2048K)
 Metaspace       used 46265K, committed 46528K, reserved 1114112K
  class space    used 5647K, committed 5760K, reserved 1048576K
}
Event: 15.222 GC heap before
{Heap before GC invocations=14 (full 0):
 garbage-first heap   total 48128K, used 34907K [0x00000000c1600000, 0x0000000100000000)
  region size 1024K, 14 young (14336K), 2 survivors (2048K)
 Metaspace       used 49724K, committed 50048K, reserved 1114112K
  class space    used 6004K, committed 6144K, reserved 1048576K
}
Event: 15.231 GC heap after
{Heap after GC invocations=15 (full 0):
 garbage-first heap   total 68608K, used 23897K [0x00000000c1600000, 0x0000000100000000)
  region size 1024K, 1 young (1024K), 1 survivors (1024K)
 Metaspace       used 49724K, committed 50048K, reserved 1114112K
  class space    used 6004K, committed 6144K, reserved 1048576K
}
Event: 17.581 GC heap before
{Heap before GC invocations=16 (full 0):
 garbage-first heap   total 68608K, used 53593K [0x00000000c1600000, 0x0000000100000000)
  region size 1024K, 30 young (30720K), 1 survivors (1024K)
 Metaspace       used 55953K, committed 56320K, reserved 1114112K
  class space    used 6727K, committed 6848K, reserved 1048576K
}
Event: 17.587 GC heap after
{Heap after GC invocations=17 (full 0):
 garbage-first heap   total 68608K, used 26524K [0x00000000c1600000, 0x0000000100000000)
  region size 1024K, 4 young (4096K), 4 survivors (4096K)
 Metaspace       used 55953K, committed 56320K, reserved 1114112K
  class space    used 6727K, committed 6848K, reserved 1048576K
}
Event: 19.224 GC heap before
{Heap before GC invocations=17 (full 0):
 garbage-first heap   total 68608K, used 52124K [0x00000000c1600000, 0x0000000100000000)
  region size 1024K, 29 young (29696K), 4 survivors (4096K)
 Metaspace       used 61345K, committed 61696K, reserved 1114112K
  class space    used 7384K, committed 7552K, reserved 1048576K
}
Event: 19.236 GC heap after
{Heap after GC invocations=18 (full 0):
 garbage-first heap   total 68608K, used 29850K [0x00000000c1600000, 0x0000000100000000)
  region size 1024K, 4 young (4096K), 4 survivors (4096K)
 Metaspace       used 61345K, committed 61696K, reserved 1114112K
  class space    used 7384K, committed 7552K, reserved 1048576K
}

