# JRE version: OpenJDK Runtime Environment Temurin-17.0.20.1+1 (17.0.20.1+1) (build 17.0.20.1+1)
# Java VM: OpenJDK 64-Bit Server VM Temurin-17.0.20.1+1 (17.0.20.1+1, mixed mode, sharing, tiered, compressed oops, compressed class ptrs, g1 gc, windows-amd64)
GC Precious Log:
 CPUs: 4 total, 4 available
 Memory: 4005M
 Large Page Support: Disabled
 NUMA Support: Disabled
 Compressed Oops: Enabled (32-bit)
 Heap Region Size: 1M
 Heap Min Capacity: 256M
 Heap Initial Capacity: 256M
 Heap Max Capacity: 512M
 Pre-touch: Disabled
 Parallel Workers: 4
 Concurrent Workers: 1
 Concurrent Refinement Workers: 4
 Periodic GC: Disabled
Heap:
 garbage-first heap   total 262144K, used 49548K [0x00000000e0000000, 0x0000000100000000)
  region size 1024K, 12 young (12288K), 2 survivors (2048K)
 Metaspace       used 47119K, committed 47680K, reserved 393216K
  class space    used 6589K, committed 6848K, reserved 327680K
GC Heap History (16 events):
Event: 1.028 GC heap before
{Heap before GC invocations=0 (full 0):
 garbage-first heap   total 262144K, used 12288K [0x00000000e0000000, 0x0000000100000000)
  region size 1024K, 13 young (13312K), 0 survivors (0K)
 Metaspace       used 772K, committed 896K, reserved 393216K
  class space    used 61K, committed 128K, reserved 327680K
}
Event: 1.035 GC heap after
{Heap after GC invocations=1 (full 0):
 garbage-first heap   total 262144K, used 1252K [0x00000000e0000000, 0x0000000100000000)
  region size 1024K, 2 young (2048K), 2 survivors (2048K)
 Metaspace       used 772K, committed 896K, reserved 393216K
  class space    used 61K, committed 128K, reserved 327680K
}
Event: 3.217 GC heap before
{Heap before GC invocations=1 (full 0):
 garbage-first heap   total 262144K, used 23780K [0x00000000e0000000, 0x0000000100000000)
  region size 1024K, 21 young (21504K), 2 survivors (2048K)
 Metaspace       used 3374K, committed 3584K, reserved 393216K
  class space    used 434K, committed 576K, reserved 327680K
}
Event: 3.225 GC heap after
{Heap after GC invocations=2 (full 0):
 garbage-first heap   total 262144K, used 11126K [0x00000000e0000000, 0x0000000100000000)
  region size 1024K, 3 young (3072K), 3 survivors (3072K)
 Metaspace       used 3374K, committed 3584K, reserved 393216K
  class space    used 434K, committed 576K, reserved 327680K
}
Event: 6.267 GC heap before
{Heap before GC invocations=2 (full 0):
 garbage-first heap   total 262144K, used 74614K [0x00000000e0000000, 0x0000000100000000)
  region size 1024K, 63 young (64512K), 3 survivors (3072K)
 Metaspace       used 4693K, committed 4864K, reserved 393216K
  class space    used 603K, committed 704K, reserved 327680K
}
Event: 6.277 GC heap after
{Heap after GC invocations=3 (full 0):
 garbage-first heap   total 262144K, used 16916K [0x00000000e0000000, 0x0000000100000000)
  region size 1024K, 8 young (8192K), 8 survivors (8192K)
 Metaspace       used 4693K, committed 4864K, reserved 393216K
  class space    used 603K, committed 704K, reserved 327680K
}
Event: 18.579 GC heap before
{Heap before GC invocations=3 (full 0):
 garbage-first heap   total 262144K, used 121364K [0x00000000e0000000, 0x0000000100000000)
  region size 1024K, 111 young (113664K), 8 survivors (8192K)
 Metaspace       used 21162K, committed 21504K, reserved 393216K
  class space    used 3084K, committed 3264K, reserved 327680K
}
Event: 18.613 GC heap after
{Heap after GC invocations=4 (full 0):
 garbage-first heap   total 262144K, used 24333K [0x00000000e0000000, 0x0000000100000000)
  region size 1024K, 15 young (15360K), 15 survivors (15360K)
 Metaspace       used 21162K, committed 21504K, reserved 393216K
  class space    used 3084K, committed 3264K, reserved 327680K
}
Event: 26.259 GC heap before
{Heap before GC invocations=5 (full 0):
 garbage-first heap   total 262144K, used 120589K [0x00000000e0000000, 0x0000000100000000)
  region size 1024K, 110 young (112640K), 15 survivors (15360K)
 Metaspace       used 34607K, committed 35072K, reserved 393216K
  class space    used 4940K, committed 5184K, reserved 327680K
}
Event: 26.473 GC heap after
{Heap after GC invocations=6 (full 0):
 garbage-first heap   total 262144K, used 31448K [0x00000000e0000000, 0x0000000100000000)
  region size 1024K, 8 young (8192K), 8 survivors (8192K)
 Metaspace       used 34607K, committed 35072K, reserved 393216K
  class space    used 4940K, committed 5184K, reserved 327680K
}
Event: 27.133 GC heap before
{Heap before GC invocations=6 (full 0):
 garbage-first heap   total 262144K, used 33496K [0x00000000e0000000, 0x0000000100000000)
  region size 1024K, 12 young (12288K), 8 survivors (8192K)
 Metaspace       used 35456K, committed 35968K, reserved 393216K
  class space    used 5033K, committed 5312K, reserved 327680K
}
Event: 27.201 GC heap after
{Heap after GC invocations=7 (full 0):
 garbage-first heap   total 262144K, used 31328K [0x00000000e0000000, 0x0000000100000000)
  region size 1024K, 8 young (8192K), 8 survivors (8192K)
 Metaspace       used 35456K, committed 35968K, reserved 393216K
  class space    used 5033K, committed 5312K, reserved 327680K
}
Event: 41.897 GC heap before
{Heap before GC invocations=8 (full 0):
 garbage-first heap   total 262144K, used 174688K [0x00000000e0000000, 0x0000000100000000)
  region size 1024K, 142 young (145408K), 8 survivors (8192K)
 Metaspace       used 45703K, committed 46272K, reserved 393216K
  class space    used 6380K, committed 6656K, reserved 327680K
}
Event: 42.192 GC heap after
{Heap after GC invocations=9 (full 0):
 garbage-first heap   total 262144K, used 39600K [0x00000000e0000000, 0x0000000100000000)
  region size 1024K, 16 young (16384K), 16 survivors (16384K)
 Metaspace       used 45703K, committed 46272K, reserved 393216K
  class space    used 6380K, committed 6656K, reserved 327680K
}
Event: 42.339 GC heap before
{Heap before GC invocations=9 (full 0):
 garbage-first heap   total 262144K, used 41648K [0x00000000e0000000, 0x0000000100000000)
  region size 1024K, 19 young (19456K), 16 survivors (16384K)
 Metaspace       used 45999K, committed 46528K, reserved 393216K
  class space    used 6424K, committed 6656K, reserved 327680K
}
Event: 42.403 GC heap after
{Heap after GC invocations=10 (full 0):
 garbage-first heap   total 262144K, used 40332K [0x00000000e0000000, 0x0000000100000000)
  region size 1024K, 2 young (2048K), 2 survivors (2048K)
 Metaspace       used 45999K, committed 46528K, reserved 393216K
  class space    used 6424K, committed 6656K, reserved 327680K
}

