# JRE version: OpenJDK Runtime Environment Temurin-21.0.12.1+1 (21.0.12.1+1) (build 21.0.12.1+1-LTS)
# Java VM: OpenJDK 64-Bit Server VM Temurin-21.0.12.1+1 (21.0.12.1+1-LTS, mixed mode, sharing, tiered, compressed oops, compressed class ptrs, parallel gc, windows-amd64)
GC Precious Log:
 CardTable entry size: 512
 CPUs: 4 total, 4 available
 Memory: 4005M
 Large Page Support: Disabled
 NUMA Support: Disabled
 Compressed Oops: Enabled (32-bit)
 Alignments: Space 512K, Generation 512K, Heap 2M
 Heap Min Capacity: 100M
 Heap Initial Capacity: 100M
 Heap Max Capacity: 2G
 Pre-touch: Disabled
 Parallel Workers: 4
Heap:
 PSYoungGen      total 5120K, used 3344K [0x00000000d5580000, 0x00000000d5b80000, 0x0000000100000000)
  eden space 4096K, 62% used [0x00000000d5580000,0x00000000d58043f8,0x00000000d5980000)
  from space 1024K, 75% used [0x00000000d5a80000,0x00000000d5b40000,0x00000000d5b80000)
  to   space 1024K, 0% used [0x00000000d5980000,0x00000000d5980000,0x00000000d5a80000)
 ParOldGen       total 98816K, used 98672K [0x0000000080000000, 0x0000000086080000, 0x00000000d5580000)
  object space 98816K, 99% used [0x0000000080000000,0x000000008605c1e0,0x0000000086080000)
 Metaspace       used 58837K, committed 60160K, reserved 1114112K
  class space    used 6699K, committed 7232K, reserved 1048576K
GC Heap History (20 events):
Event: 183.080 GC heap before
{Heap before GC invocations=77 (full 3):
 PSYoungGen      total 5120K, used 5012K [0x00000000d5580000, 0x00000000d5b80000, 0x0000000100000000)
  eden space 4096K, 100% used [0x00000000d5580000,0x00000000d5980000,0x00000000d5980000)
  from space 1024K, 89% used [0x00000000d5980000,0x00000000d5a650c8,0x00000000d5a80000)
  to   space 1024K, 0% used [0x00000000d5a80000,0x00000000d5a80000,0x00000000d5b80000)
 ParOldGen       total 92672K, used 89389K [0x0000000080000000, 0x0000000085a80000, 0x00000000d5580000)
  object space 92672K, 96% used [0x0000000080000000,0x000000008574b608,0x0000000085a80000)
 Metaspace       used 58836K, committed 60160K, reserved 1114112K
  class space    used 6699K, committed 7232K, reserved 1048576K
}
Event: 183.083 GC heap after
{Heap after GC invocations=77 (full 3):
 PSYoungGen      total 5120K, used 878K [0x00000000d5580000, 0x00000000d5b80000, 0x0000000100000000)
  eden space 4096K, 0% used [0x00000000d5580000,0x00000000d5580000,0x00000000d5980000)
  from space 1024K, 85% used [0x00000000d5a80000,0x00000000d5b5b9d8,0x00000000d5b80000)
  to   space 1024K, 0% used [0x00000000d5980000,0x00000000d5980000,0x00000000d5a80000)
 ParOldGen       total 92672K, used 90207K [0x0000000080000000, 0x0000000085a80000, 0x00000000d5580000)
  object space 92672K, 97% used [0x0000000080000000,0x0000000085817f58,0x0000000085a80000)
 Metaspace       used 58836K, committed 60160K, reserved 1114112K
  class space    used 6699K, committed 7232K, reserved 1048576K
}
Event: 183.283 GC heap before
{Heap before GC invocations=78 (full 3):
 PSYoungGen      total 5120K, used 4974K [0x00000000d5580000, 0x00000000d5b80000, 0x0000000100000000)
  eden space 4096K, 100% used [0x00000000d5580000,0x00000000d5980000,0x00000000d5980000)
  from space 1024K, 85% used [0x00000000d5a80000,0x00000000d5b5b9d8,0x00000000d5b80000)
  to   space 1024K, 0% used [0x00000000d5980000,0x00000000d5980000,0x00000000d5a80000)
 ParOldGen       total 92672K, used 90207K [0x0000000080000000, 0x0000000085a80000, 0x00000000d5580000)
  object space 92672K, 97% used [0x0000000080000000,0x0000000085817f58,0x0000000085a80000)
 Metaspace       used 58837K, committed 60160K, reserved 1114112K
  class space    used 6699K, committed 7232K, reserved 1048576K
}
Event: 183.286 GC heap after
{Heap after GC invocations=78 (full 3):
 PSYoungGen      total 5120K, used 818K [0x00000000d5580000, 0x00000000d5b80000, 0x0000000100000000)
  eden space 4096K, 0% used [0x00000000d5580000,0x00000000d5580000,0x00000000d5980000)
  from space 1024K, 79% used [0x00000000d5980000,0x00000000d5a4cb40,0x00000000d5a80000)
  to   space 1024K, 0% used [0x00000000d5a80000,0x00000000d5a80000,0x00000000d5b80000)
 ParOldGen       total 92672K, used 90995K [0x0000000080000000, 0x0000000085a80000, 0x00000000d5580000)
  object space 92672K, 98% used [0x0000000080000000,0x00000000858dce70,0x0000000085a80000)
 Metaspace       used 58837K, committed 60160K, reserved 1114112K
  class space    used 6699K, committed 7232K, reserved 1048576K
}
Event: 183.357 GC heap before
{Heap before GC invocations=79 (full 3):
 PSYoungGen      total 5120K, used 4914K [0x00000000d5580000, 0x00000000d5b80000, 0x0000000100000000)
  eden space 4096K, 100% used [0x00000000d5580000,0x00000000d5980000,0x00000000d5980000)
  from space 1024K, 79% used [0x00000000d5980000,0x00000000d5a4cb40,0x00000000d5a80000)
  to   space 1024K, 0% used [0x00000000d5a80000,0x00000000d5a80000,0x00000000d5b80000)
 ParOldGen       total 92672K, used 90995K [0x0000000080000000, 0x0000000085a80000, 0x00000000d5580000)
  object space 92672K, 98% used [0x0000000080000000,0x00000000858dce70,0x0000000085a80000)
 Metaspace       used 58837K, committed 60160K, reserved 1114112K
  class space    used 6699K, committed 7232K, reserved 1048576K
}
Event: 183.358 GC heap after
{Heap after GC invocations=79 (full 3):
 PSYoungGen      total 5120K, used 955K [0x00000000d5580000, 0x00000000d5b80000, 0x0000000100000000)
  eden space 4096K, 0% used [0x00000000d5580000,0x00000000d5580000,0x00000000d5980000)
  from space 1024K, 93% used [0x00000000d5a80000,0x00000000d5b6ec80,0x00000000d5b80000)
  to   space 1024K, 0% used [0x00000000d5980000,0x00000000d5980000,0x00000000d5a80000)
 ParOldGen       total 92672K, used 91721K [0x0000000080000000, 0x0000000085a80000, 0x00000000d5580000)
  object space 92672K, 98% used [0x0000000080000000,0x00000000859926a8,0x0000000085a80000)
 Metaspace       used 58837K, committed 60160K, reserved 1114112K
  class space    used 6699K, committed 7232K, reserved 1048576K
}
Event: 183.398 GC heap before
{Heap before GC invocations=80 (full 3):
 PSYoungGen      total 5120K, used 5051K [0x00000000d5580000, 0x00000000d5b80000, 0x0000000100000000)
  eden space 4096K, 100% used [0x00000000d5580000,0x00000000d5980000,0x00000000d5980000)
  from space 1024K, 93% used [0x00000000d5a80000,0x00000000d5b6ec80,0x00000000d5b80000)
  to   space 1024K, 0% used [0x00000000d5980000,0x00000000d5980000,0x00000000d5a80000)
 ParOldGen       total 92672K, used 91721K [0x0000000080000000, 0x0000000085a80000, 0x00000000d5580000)
  object space 92672K, 98% used [0x0000000080000000,0x00000000859926a8,0x0000000085a80000)
 Metaspace       used 58837K, committed 60160K, reserved 1114112K
  class space    used 6699K, committed 7232K, reserved 1048576K
}
Event: 183.401 GC heap after
{Heap after GC invocations=80 (full 3):
 PSYoungGen      total 5120K, used 873K [0x00000000d5580000, 0x00000000d5b80000, 0x0000000100000000)
  eden space 4096K, 0% used [0x00000000d5580000,0x00000000d5580000,0x00000000d5980000)
  from space 1024K, 85% used [0x00000000d5980000,0x00000000d5a5a5b0,0x00000000d5a80000)
  to   space 1024K, 0% used [0x00000000d5a80000,0x00000000d5a80000,0x00000000d5b80000)
 ParOldGen       total 92672K, used 92573K [0x0000000080000000, 0x0000000085a80000, 0x00000000d5580000)
  object space 92672K, 99% used [0x0000000080000000,0x0000000085a67630,0x0000000085a80000)
 Metaspace       used 58837K, committed 60160K, reserved 1114112K
  class space    used 6699K, committed 7232K, reserved 1048576K
}
Event: 183.473 GC heap before
{Heap before GC invocations=81 (full 3):
 PSYoungGen      total 5120K, used 4969K [0x00000000d5580000, 0x00000000d5b80000, 0x0000000100000000)
  eden space 4096K, 100% used [0x00000000d5580000,0x00000000d5980000,0x00000000d5980000)
  from space 1024K, 85% used [0x00000000d5980000,0x00000000d5a5a5b0,0x00000000d5a80000)
  to   space 1024K, 0% used [0x00000000d5a80000,0x00000000d5a80000,0x00000000d5b80000)
 ParOldGen       total 92672K, used 92573K [0x0000000080000000, 0x0000000085a80000, 0x00000000d5580000)
  object space 92672K, 99% used [0x0000000080000000,0x0000000085a67630,0x0000000085a80000)
 Metaspace       used 58837K, committed 60160K, reserved 1114112K
  class space    used 6699K, committed 7232K, reserved 1048576K
}
Event: 183.475 GC heap after
{Heap after GC invocations=81 (full 3):
 PSYoungGen      total 5120K, used 936K [0x00000000d5580000, 0x00000000d5b80000, 0x0000000100000000)
  eden space 4096K, 0% used [0x00000000d5580000,0x00000000d5580000,0x00000000d5980000)
  from space 1024K, 91% used [0x00000000d5a80000,0x00000000d5b6a028,0x00000000d5b80000)
  to   space 1024K, 0% used [0x00000000d5980000,0x00000000d5980000,0x00000000d5a80000)
 ParOldGen       total 93696K, used 93404K [0x0000000080000000, 0x0000000085b80000, 0x00000000d5580000)
  object space 93696K, 99% used [0x0000000080000000,0x0000000085b37048,0x0000000085b80000)
 Metaspace       used 58837K, committed 60160K, reserved 1114112K
  class space    used 6699K, committed 7232K, reserved 1048576K
}
Event: 183.527 GC heap before
{Heap before GC invocations=82 (full 3):
 PSYoungGen      total 5120K, used 5032K [0x00000000d5580000, 0x00000000d5b80000, 0x0000000100000000)
  eden space 4096K, 100% used [0x00000000d5580000,0x00000000d5980000,0x00000000d5980000)
  from space 1024K, 91% used [0x00000000d5a80000,0x00000000d5b6a028,0x00000000d5b80000)
  to   space 1024K, 0% used [0x00000000d5980000,0x00000000d5980000,0x00000000d5a80000)
 ParOldGen       total 93696K, used 93404K [0x0000000080000000, 0x0000000085b80000, 0x00000000d5580000)
  object space 93696K, 99% used [0x0000000080000000,0x0000000085b37048,0x0000000085b80000)
 Metaspace       used 58837K, committed 60160K, reserved 1114112K
  class space    used 6699K, committed 7232K, reserved 1048576K
}
Event: 183.530 GC heap after
{Heap after GC invocations=82 (full 3):
 PSYoungGen      total 5120K, used 1000K [0x00000000d5580000, 0x00000000d5b80000, 0x0000000100000000)
  eden space 4096K, 0% used [0x00000000d5580000,0x00000000d5580000,0x00000000d5980000)
  from space 1024K, 97% used [0x00000000d5980000,0x00000000d5a7a328,0x00000000d5a80000)
  to   space 1024K, 0% used [0x00000000d5a80000,0x00000000d5a80000,0x00000000d5b80000)
 ParOldGen       total 94720K, used 94308K [0x0000000080000000, 0x0000000085c80000, 0x00000000d5580000)
  object space 94720K, 99% used [0x0000000080000000,0x0000000085c190d8,0x0000000085c80000)
 Metaspace       used 58837K, committed 60160K, reserved 1114112K
  class space    used 6699K, committed 7232K, reserved 1048576K
}
Event: 183.632 GC heap before
{Heap before GC invocations=83 (full 3):
 PSYoungGen      total 5120K, used 5070K [0x00000000d5580000, 0x00000000d5b80000, 0x0000000100000000)
  eden space 4096K, 99% used [0x00000000d5580000,0x00000000d5979778,0x00000000d5980000)
  from space 1024K, 97% used [0x00000000d5980000,0x00000000d5a7a328,0x00000000d5a80000)
  to   space 1024K, 0% used [0x00000000d5a80000,0x00000000d5a80000,0x00000000d5b80000)
 ParOldGen       total 94720K, used 94308K [0x0000000080000000, 0x0000000085c80000, 0x00000000d5580000)
  object space 94720K, 99% used [0x0000000080000000,0x0000000085c190d8,0x0000000085c80000)
 Metaspace       used 58837K, committed 60160K, reserved 1114112K
  class space    used 6699K, committed 7232K, reserved 1048576K
}
Event: 183.636 GC heap after
{Heap after GC invocations=83 (full 3):
 PSYoungGen      total 5120K, used 936K [0x00000000d5580000, 0x00000000d5b80000, 0x0000000100000000)
  eden space 4096K, 0% used [0x00000000d5580000,0x00000000d5580000,0x00000000d5980000)
  from space 1024K, 91% used [0x00000000d5a80000,0x00000000d5b6a150,0x00000000d5b80000)
  to   space 1024K, 0% used [0x00000000d5980000,0x00000000d5980000,0x00000000d5a80000)
 ParOldGen       total 95232K, used 95225K [0x0000000080000000, 0x0000000085d00000, 0x00000000d5580000)
  object space 95232K, 99% used [0x0000000080000000,0x0000000085cfe738,0x0000000085d00000)
 Metaspace       used 58837K, committed 60160K, reserved 1114112K
  class space    used 6699K, committed 7232K, reserved 1048576K
}
Event: 183.745 GC heap before
{Heap before GC invocations=84 (full 3):
 PSYoungGen      total 5120K, used 5032K [0x00000000d5580000, 0x00000000d5b80000, 0x0000000100000000)
  eden space 4096K, 100% used [0x00000000d5580000,0x00000000d5980000,0x00000000d5980000)
  from space 1024K, 91% used [0x00000000d5a80000,0x00000000d5b6a150,0x00000000d5b80000)
  to   space 1024K, 0% used [0x00000000d5980000,0x00000000d5980000,0x00000000d5a80000)
 ParOldGen       total 95232K, used 95225K [0x0000000080000000, 0x0000000085d00000, 0x00000000d5580000)
  object space 95232K, 99% used [0x0000000080000000,0x0000000085cfe738,0x0000000085d00000)
 Metaspace       used 58837K, committed 60160K, reserved 1114112K
  class space    used 6699K, committed 7232K, reserved 1048576K
}
Event: 183.754 GC heap after
{Heap after GC invocations=84 (full 3):
 PSYoungGen      total 5120K, used 972K [0x00000000d5580000, 0x00000000d5b80000, 0x0000000100000000)
  eden space 4096K, 0% used [0x00000000d5580000,0x00000000d5580000,0x00000000d5980000)
  from space 1024K, 94% used [0x00000000d5980000,0x00000000d5a73010,0x00000000d5a80000)
  to   space 1024K, 0% used [0x00000000d5a80000,0x00000000d5a80000,0x00000000d5b80000)
 ParOldGen       total 96256K, used 96090K [0x0000000080000000, 0x0000000085e00000, 0x00000000d5580000)
  object space 96256K, 99% used [0x0000000080000000,0x0000000085dd6850,0x0000000085e00000)
 Metaspace       used 58837K, committed 60160K, reserved 1114112K
  class space    used 6699K, committed 7232K, reserved 1048576K
}
Event: 183.795 GC heap before
{Heap before GC invocations=85 (full 3):
 PSYoungGen      total 5120K, used 5068K [0x00000000d5580000, 0x00000000d5b80000, 0x0000000100000000)
  eden space 4096K, 100% used [0x00000000d5580000,0x00000000d5980000,0x00000000d5980000)
  from space 1024K, 94% used [0x00000000d5980000,0x00000000d5a73010,0x00000000d5a80000)
  to   space 1024K, 0% used [0x00000000d5a80000,0x00000000d5a80000,0x00000000d5b80000)
 ParOldGen       total 96256K, used 96090K [0x0000000080000000, 0x0000000085e00000, 0x00000000d5580000)
  object space 96256K, 99% used [0x0000000080000000,0x0000000085dd6850,0x0000000085e00000)
 Metaspace       used 58837K, committed 60160K, reserved 1114112K
  class space    used 6699K, committed 7232K, reserved 1048576K
}
Event: 183.799 GC heap after
{Heap after GC invocations=85 (full 3):
 PSYoungGen      total 5120K, used 868K [0x00000000d5580000, 0x00000000d5b80000, 0x0000000100000000)
  eden space 4096K, 0% used [0x00000000d5580000,0x00000000d5580000,0x00000000d5980000)
  from space 1024K, 84% used [0x00000000d5a80000,0x00000000d5b59158,0x00000000d5b80000)
  to   space 1024K, 0% used [0x00000000d5980000,0x00000000d5980000,0x00000000d5a80000)
 ParOldGen       total 97280K, used 97007K [0x0000000080000000, 0x0000000085f00000, 0x00000000d5580000)
  object space 97280K, 99% used [0x0000000080000000,0x0000000085ebbc08,0x0000000085f00000)
 Metaspace       used 58837K, committed 60160K, reserved 1114112K
  class space    used 6699K, committed 7232K, reserved 1048576K
}
Event: 183.995 GC heap before
{Heap before GC invocations=86 (full 3):
 PSYoungGen      total 5120K, used 4964K [0x00000000d5580000, 0x00000000d5b80000, 0x0000000100000000)
  eden space 4096K, 100% used [0x00000000d5580000,0x00000000d5980000,0x00000000d5980000)
  from space 1024K, 84% used [0x00000000d5a80000,0x00000000d5b59158,0x00000000d5b80000)
  to   space 1024K, 0% used [0x00000000d5980000,0x00000000d5980000,0x00000000d5a80000)
 ParOldGen       total 97280K, used 97007K [0x0000000080000000, 0x0000000085f00000, 0x00000000d5580000)
  object space 97280K, 99% used [0x0000000080000000,0x0000000085ebbc08,0x0000000085f00000)
 Metaspace       used 58837K, committed 60160K, reserved 1114112K
  class space    used 6699K, committed 7232K, reserved 1048576K
}
Event: 183.999 GC heap after
{Heap after GC invocations=86 (full 3):
 PSYoungGen      total 5120K, used 891K [0x00000000d5580000, 0x00000000d5b80000, 0x0000000100000000)
  eden space 4096K, 0% used [0x00000000d5580000,0x00000000d5580000,0x00000000d5980000)
  from space 1024K, 87% used [0x00000000d5980000,0x00000000d5a5ee78,0x00000000d5a80000)
  to   space 1024K, 0% used [0x00000000d5a80000,0x00000000d5a80000,0x00000000d5b80000)
 ParOldGen       total 98304K, used 97851K [0x0000000080000000, 0x0000000086000000, 0x00000000d5580000)
  object space 98304K, 99% used [0x0000000080000000,0x0000000085f8ec48,0x0000000086000000)
 Metaspace       used 58837K, committed 60160K, reserved 1114112K
  class space    used 6699K, committed 7232K, reserved 1048576K
}

