# JRE version: OpenJDK Runtime Environment Temurin-21.0.12.1+1 (21.0.12.1+1) (build 21.0.12.1+1-LTS)
# Java VM: OpenJDK 64-Bit Server VM Temurin-21.0.12.1+1 (21.0.12.1+1-LTS, mixed mode, sharing, tiered, compressed oops, compressed class ptrs, parallel gc, windows-amd64)
GC Precious Log:
 CardTable entry size: 512
 CPUs: 4 total, 4 available
 Memory: 4005M
 Large Page Support: Disabled
 NUMA Support: Disabled
 Compressed Oops: Enabled (32-bit)
 Alignments: Space 512K, Generation 512K, Heap 2M
 Heap Min Capacity: 100M
 Heap Initial Capacity: 100M
 Heap Max Capacity: 2G
 Pre-touch: Disabled
 Parallel Workers: 4
Heap:
 PSYoungGen      total 14848K, used 13226K [0x00000000d5580000, 0x00000000d6580000, 0x0000000100000000)
  eden space 14336K, 88% used [0x00000000d5580000,0x00000000d61eab80,0x00000000d6380000)
  from space 512K, 100% used [0x00000000d6400000,0x00000000d6480000,0x00000000d6480000)
  to   space 1024K, 0% used [0x00000000d6480000,0x00000000d6480000,0x00000000d6580000)
 ParOldGen       total 110592K, used 110229K [0x0000000080000000, 0x0000000086c00000, 0x00000000d5580000)
  object space 110592K, 99% used [0x0000000080000000,0x0000000086ba57e8,0x0000000086c00000)
 Metaspace       used 61140K, committed 62528K, reserved 1114112K
  class space    used 7113K, committed 7744K, reserved 1048576K
GC Heap History (20 events):
Event: 104.211 GC heap before
{Heap before GC invocations=143 (full 3):
 PSYoungGen      total 14848K, used 14560K [0x00000000d5580000, 0x00000000d6500000, 0x0000000100000000)
  eden space 14336K, 100% used [0x00000000d5580000,0x00000000d6380000,0x00000000d6380000)
  from space 512K, 43% used [0x00000000d6400000,0x00000000d6438000,0x00000000d6480000)
  to   space 512K, 0% used [0x00000000d6480000,0x00000000d6480000,0x00000000d6500000)
 ParOldGen       total 108544K, used 108266K [0x0000000080000000, 0x0000000086a00000, 0x00000000d5580000)
  object space 108544K, 99% used [0x0000000080000000,0x00000000869ba8c0,0x0000000086a00000)
 Metaspace       used 59904K, committed 61312K, reserved 1114112K
  class space    used 6964K, committed 7552K, reserved 1048576K
}
Event: 104.212 GC heap after
{Heap after GC invocations=143 (full 3):
 PSYoungGen      total 14848K, used 382K [0x00000000d5580000, 0x00000000d6500000, 0x0000000100000000)
  eden space 14336K, 0% used [0x00000000d5580000,0x00000000d5580000,0x00000000d6380000)
  from space 512K, 74% used [0x00000000d6480000,0x00000000d64dfbf8,0x00000000d6500000)
  to   space 512K, 0% used [0x00000000d6400000,0x00000000d6400000,0x00000000d6480000)
 ParOldGen       total 108544K, used 108458K [0x0000000080000000, 0x0000000086a00000, 0x00000000d5580000)
  object space 108544K, 99% used [0x0000000080000000,0x00000000869ea8c0,0x0000000086a00000)
 Metaspace       used 59904K, committed 61312K, reserved 1114112K
  class space    used 6964K, committed 7552K, reserved 1048576K
}
Event: 104.231 GC heap before
{Heap before GC invocations=144 (full 3):
 PSYoungGen      total 14848K, used 14718K [0x00000000d5580000, 0x00000000d6500000, 0x0000000100000000)
  eden space 14336K, 100% used [0x00000000d5580000,0x00000000d6380000,0x00000000d6380000)
  from space 512K, 74% used [0x00000000d6480000,0x00000000d64dfbf8,0x00000000d6500000)
  to   space 512K, 0% used [0x00000000d6400000,0x00000000d6400000,0x00000000d6480000)
 ParOldGen       total 108544K, used 108458K [0x0000000080000000, 0x0000000086a00000, 0x00000000d5580000)
  object space 108544K, 99% used [0x0000000080000000,0x00000000869ea8c0,0x0000000086a00000)
 Metaspace       used 59910K, committed 61312K, reserved 1114112K
  class space    used 6964K, committed 7552K, reserved 1048576K
}
Event: 104.233 GC heap after
{Heap after GC invocations=144 (full 3):
 PSYoungGen      total 14848K, used 296K [0x00000000d5580000, 0x00000000d6500000, 0x0000000100000000)
  eden space 14336K, 0% used [0x00000000d5580000,0x00000000d5580000,0x00000000d6380000)
  from space 512K, 57% used [0x00000000d6400000,0x00000000d644a368,0x00000000d6480000)
  to   space 512K, 0% used [0x00000000d6480000,0x00000000d6480000,0x00000000d6500000)
 ParOldGen       total 109056K, used 108667K [0x0000000080000000, 0x0000000086a80000, 0x00000000d5580000)
  object space 109056K, 99% used [0x0000000080000000,0x0000000086a1eda0,0x0000000086a80000)
 Metaspace       used 59910K, committed 61312K, reserved 1114112K
  class space    used 6964K, committed 7552K, reserved 1048576K
}
Event: 104.362 GC heap before
{Heap before GC invocations=145 (full 3):
 PSYoungGen      total 14848K, used 14632K [0x00000000d5580000, 0x00000000d6500000, 0x0000000100000000)
  eden space 14336K, 100% used [0x00000000d5580000,0x00000000d6380000,0x00000000d6380000)
  from space 512K, 57% used [0x00000000d6400000,0x00000000d644a368,0x00000000d6480000)
  to   space 512K, 0% used [0x00000000d6480000,0x00000000d6480000,0x00000000d6500000)
 ParOldGen       total 109056K, used 108667K [0x0000000080000000, 0x0000000086a80000, 0x00000000d5580000)
  object space 109056K, 99% used [0x0000000080000000,0x0000000086a1eda0,0x0000000086a80000)
 Metaspace       used 59928K, committed 61312K, reserved 1114112K
  class space    used 6964K, committed 7552K, reserved 1048576K
}
Event: 104.363 GC heap after
{Heap after GC invocations=145 (full 3):
 PSYoungGen      total 14848K, used 288K [0x00000000d5580000, 0x00000000d6500000, 0x0000000100000000)
  eden space 14336K, 0% used [0x00000000d5580000,0x00000000d5580000,0x00000000d6380000)
  from space 512K, 56% used [0x00000000d6480000,0x00000000d64c8048,0x00000000d6500000)
  to   space 512K, 0% used [0x00000000d6400000,0x00000000d6400000,0x00000000d6480000)
 ParOldGen       total 109056K, used 108921K [0x0000000080000000, 0x0000000086a80000, 0x00000000d5580000)
  object space 109056K, 99% used [0x0000000080000000,0x0000000086a5e598,0x0000000086a80000)
 Metaspace       used 59928K, committed 61312K, reserved 1114112K
  class space    used 6964K, committed 7552K, reserved 1048576K
}
Event: 104.668 GC heap before
{Heap before GC invocations=146 (full 3):
 PSYoungGen      total 14848K, used 14624K [0x00000000d5580000, 0x00000000d6500000, 0x0000000100000000)
  eden space 14336K, 100% used [0x00000000d5580000,0x00000000d6380000,0x00000000d6380000)
  from space 512K, 56% used [0x00000000d6480000,0x00000000d64c8048,0x00000000d6500000)
  to   space 512K, 0% used [0x00000000d6400000,0x00000000d6400000,0x00000000d6480000)
 ParOldGen       total 109056K, used 108921K [0x0000000080000000, 0x0000000086a80000, 0x00000000d5580000)
  object space 109056K, 99% used [0x0000000080000000,0x0000000086a5e598,0x0000000086a80000)
 Metaspace       used 59999K, committed 61376K, reserved 1114112K
  class space    used 6970K, committed 7552K, reserved 1048576K
}
Event: 104.671 GC heap after
{Heap after GC invocations=146 (full 3):
 PSYoungGen      total 14848K, used 160K [0x00000000d5580000, 0x00000000d6500000, 0x0000000100000000)
  eden space 14336K, 0% used [0x00000000d5580000,0x00000000d5580000,0x00000000d6380000)
  from space 512K, 31% used [0x00000000d6400000,0x00000000d6428000,0x00000000d6480000)
  to   space 512K, 0% used [0x00000000d6480000,0x00000000d6480000,0x00000000d6500000)
 ParOldGen       total 109056K, used 109009K [0x0000000080000000, 0x0000000086a80000, 0x00000000d5580000)
  object space 109056K, 99% used [0x0000000080000000,0x0000000086a74598,0x0000000086a80000)
 Metaspace       used 59999K, committed 61376K, reserved 1114112K
  class space    used 6970K, committed 7552K, reserved 1048576K
}
Event: 105.074 GC heap before
{Heap before GC invocations=147 (full 3):
 PSYoungGen      total 14848K, used 14496K [0x00000000d5580000, 0x00000000d6500000, 0x0000000100000000)
  eden space 14336K, 100% used [0x00000000d5580000,0x00000000d6380000,0x00000000d6380000)
  from space 512K, 31% used [0x00000000d6400000,0x00000000d6428000,0x00000000d6480000)
  to   space 512K, 0% used [0x00000000d6480000,0x00000000d6480000,0x00000000d6500000)
 ParOldGen       total 109056K, used 109009K [0x0000000080000000, 0x0000000086a80000, 0x00000000d5580000)
  object space 109056K, 99% used [0x0000000080000000,0x0000000086a74598,0x0000000086a80000)
 Metaspace       used 60010K, committed 61376K, reserved 1114112K
  class space    used 6970K, committed 7552K, reserved 1048576K
}
Event: 105.077 GC heap after
{Heap after GC invocations=147 (full 3):
 PSYoungGen      total 14848K, used 271K [0x00000000d5580000, 0x00000000d6500000, 0x0000000100000000)
  eden space 14336K, 0% used [0x00000000d5580000,0x00000000d5580000,0x00000000d6380000)
  from space 512K, 53% used [0x00000000d6480000,0x00000000d64c3e10,0x00000000d6500000)
  to   space 512K, 0% used [0x00000000d6400000,0x00000000d6400000,0x00000000d6480000)
 ParOldGen       total 109568K, used 109081K [0x0000000080000000, 0x0000000086b00000, 0x00000000d5580000)
  object space 109568K, 99% used [0x0000000080000000,0x0000000086a86598,0x0000000086b00000)
 Metaspace       used 60010K, committed 61376K, reserved 1114112K
  class space    used 6970K, committed 7552K, reserved 1048576K
}
Event: 105.588 GC heap before
{Heap before GC invocations=148 (full 3):
 PSYoungGen      total 14848K, used 14607K [0x00000000d5580000, 0x00000000d6500000, 0x0000000100000000)
  eden space 14336K, 100% used [0x00000000d5580000,0x00000000d6380000,0x00000000d6380000)
  from space 512K, 53% used [0x00000000d6480000,0x00000000d64c3e10,0x00000000d6500000)
  to   space 512K, 0% used [0x00000000d6400000,0x00000000d6400000,0x00000000d6480000)
 ParOldGen       total 109568K, used 109081K [0x0000000080000000, 0x0000000086b00000, 0x00000000d5580000)
  object space 109568K, 99% used [0x0000000080000000,0x0000000086a86598,0x0000000086b00000)
 Metaspace       used 60018K, committed 61376K, reserved 1114112K
  class space    used 6971K, committed 7552K, reserved 1048576K
}
Event: 105.591 GC heap after
{Heap after GC invocations=148 (full 3):
 PSYoungGen      total 14848K, used 160K [0x00000000d5580000, 0x00000000d6500000, 0x0000000100000000)
  eden space 14336K, 0% used [0x00000000d5580000,0x00000000d5580000,0x00000000d6380000)
  from space 512K, 31% used [0x00000000d6400000,0x00000000d6428000,0x00000000d6480000)
  to   space 512K, 0% used [0x00000000d6480000,0x00000000d6480000,0x00000000d6500000)
 ParOldGen       total 109568K, used 109241K [0x0000000080000000, 0x0000000086b00000, 0x00000000d5580000)
  object space 109568K, 99% used [0x0000000080000000,0x0000000086aae598,0x0000000086b00000)
 Metaspace       used 60018K, committed 61376K, reserved 1114112K
  class space    used 6971K, committed 7552K, reserved 1048576K
}
Event: 106.666 GC heap before
{Heap before GC invocations=149 (full 3):
 PSYoungGen      total 14848K, used 14495K [0x00000000d5580000, 0x00000000d6500000, 0x0000000100000000)
  eden space 14336K, 99% used [0x00000000d5580000,0x00000000d637fff8,0x00000000d6380000)
  from space 512K, 31% used [0x00000000d6400000,0x00000000d6428000,0x00000000d6480000)
  to   space 512K, 0% used [0x00000000d6480000,0x00000000d6480000,0x00000000d6500000)
 ParOldGen       total 109568K, used 109241K [0x0000000080000000, 0x0000000086b00000, 0x00000000d5580000)
  object space 109568K, 99% used [0x0000000080000000,0x0000000086aae598,0x0000000086b00000)
 Metaspace       used 60821K, committed 62208K, reserved 1114112K
  class space    used 7088K, committed 7680K, reserved 1048576K
}
Event: 106.670 GC heap after
{Heap after GC invocations=149 (full 3):
 PSYoungGen      total 14848K, used 506K [0x00000000d5580000, 0x00000000d6580000, 0x0000000100000000)
  eden space 14336K, 0% used [0x00000000d5580000,0x00000000d5580000,0x00000000d6380000)
  from space 512K, 98% used [0x00000000d6480000,0x00000000d64fe900,0x00000000d6500000)
  to   space 1024K, 0% used [0x00000000d6380000,0x00000000d6380000,0x00000000d6480000)
 ParOldGen       total 109568K, used 109323K [0x0000000080000000, 0x0000000086b00000, 0x00000000d5580000)
  object space 109568K, 99% used [0x0000000080000000,0x0000000086ac2e98,0x0000000086b00000)
 Metaspace       used 60821K, committed 62208K, reserved 1114112K
  class space    used 7088K, committed 7680K, reserved 1048576K
}
Event: 107.097 GC heap before
{Heap before GC invocations=150 (full 3):
 PSYoungGen      total 14848K, used 14842K [0x00000000d5580000, 0x00000000d6580000, 0x0000000100000000)
  eden space 14336K, 100% used [0x00000000d5580000,0x00000000d6380000,0x00000000d6380000)
  from space 512K, 98% used [0x00000000d6480000,0x00000000d64fe900,0x00000000d6500000)
  to   space 1024K, 0% used [0x00000000d6380000,0x00000000d6380000,0x00000000d6480000)
 ParOldGen       total 109568K, used 109323K [0x0000000080000000, 0x0000000086b00000, 0x00000000d5580000)
  object space 109568K, 99% used [0x0000000080000000,0x0000000086ac2e98,0x0000000086b00000)
 Metaspace       used 60852K, committed 62272K, reserved 1114112K
  class space    used 7089K, committed 7744K, reserved 1048576K
}
Event: 107.100 GC heap after
{Heap after GC invocations=150 (full 3):
 PSYoungGen      total 15360K, used 435K [0x00000000d5580000, 0x00000000d6500000, 0x0000000100000000)
  eden space 14336K, 0% used [0x00000000d5580000,0x00000000d5580000,0x00000000d6380000)
  from space 1024K, 42% used [0x00000000d6380000,0x00000000d63ece10,0x00000000d6480000)
  to   space 512K, 0% used [0x00000000d6480000,0x00000000d6480000,0x00000000d6500000)
 ParOldGen       total 110080K, used 109733K [0x0000000080000000, 0x0000000086b80000, 0x00000000d5580000)
  object space 110080K, 99% used [0x0000000080000000,0x0000000086b29798,0x0000000086b80000)
 Metaspace       used 60852K, committed 62272K, reserved 1114112K
  class space    used 7089K, committed 7744K, reserved 1048576K
}
Event: 108.191 GC heap before
{Heap before GC invocations=151 (full 3):
 PSYoungGen      total 15360K, used 14771K [0x00000000d5580000, 0x00000000d6500000, 0x0000000100000000)
  eden space 14336K, 100% used [0x00000000d5580000,0x00000000d6380000,0x00000000d6380000)
  from space 1024K, 42% used [0x00000000d6380000,0x00000000d63ece10,0x00000000d6480000)
  to   space 512K, 0% used [0x00000000d6480000,0x00000000d6480000,0x00000000d6500000)
 ParOldGen       total 110080K, used 109733K [0x0000000080000000, 0x0000000086b80000, 0x00000000d5580000)
  object space 110080K, 99% used [0x0000000080000000,0x0000000086b29798,0x0000000086b80000)
 Metaspace       used 60874K, committed 62336K, reserved 1114112K
  class space    used 7089K, committed 7744K, reserved 1048576K
}
Event: 108.193 GC heap after
{Heap after GC invocations=151 (full 3):
 PSYoungGen      total 14848K, used 416K [0x00000000d5580000, 0x00000000d6500000, 0x0000000100000000)
  eden space 14336K, 0% used [0x00000000d5580000,0x00000000d5580000,0x00000000d6380000)
  from space 512K, 81% used [0x00000000d6480000,0x00000000d64e8000,0x00000000d6500000)
  to   space 512K, 0% used [0x00000000d6400000,0x00000000d6400000,0x00000000d6480000)
 ParOldGen       total 110080K, used 110021K [0x0000000080000000, 0x0000000086b80000, 0x00000000d5580000)
  object space 110080K, 99% used [0x0000000080000000,0x0000000086b717c8,0x0000000086b80000)
 Metaspace       used 60874K, committed 62336K, reserved 1114112K
  class space    used 7089K, committed 7744K, reserved 1048576K
}
Event: 108.899 GC heap before
{Heap before GC invocations=152 (full 3):
 PSYoungGen      total 14848K, used 14752K [0x00000000d5580000, 0x00000000d6500000, 0x0000000100000000)
  eden space 14336K, 100% used [0x00000000d5580000,0x00000000d6380000,0x00000000d6380000)
  from space 512K, 81% used [0x00000000d6480000,0x00000000d64e8000,0x00000000d6500000)
  to   space 512K, 0% used [0x00000000d6400000,0x00000000d6400000,0x00000000d6480000)
 ParOldGen       total 110080K, used 110021K [0x0000000080000000, 0x0000000086b80000, 0x00000000d5580000)
  object space 110080K, 99% used [0x0000000080000000,0x0000000086b717c8,0x0000000086b80000)
 Metaspace       used 61062K, committed 62464K, reserved 1114112K
  class space    used 7106K, committed 7744K, reserved 1048576K
}
Event: 108.902 GC heap after
{Heap after GC invocations=152 (full 3):
 PSYoungGen      total 14848K, used 512K [0x00000000d5580000, 0x00000000d6580000, 0x0000000100000000)
  eden space 14336K, 0% used [0x00000000d5580000,0x00000000d5580000,0x00000000d6380000)
  from space 512K, 100% used [0x00000000d6400000,0x00000000d6480000,0x00000000d6480000)
  to   space 1024K, 0% used [0x00000000d6480000,0x00000000d6480000,0x00000000d6580000)
 ParOldGen       total 110592K, used 110229K [0x0000000080000000, 0x0000000086c00000, 0x00000000d5580000)
  object space 110592K, 99% used [0x0000000080000000,0x0000000086ba57e8,0x0000000086c00000)
 Metaspace       used 61062K, committed 62464K, reserved 1114112K
  class space    used 7106K, committed 7744K, reserved 1048576K
}

