# JRE version: OpenJDK Runtime Environment Temurin-21.0.12.1+1 (21.0.12.1+1) (build 21.0.12.1+1-LTS)
# Java VM: OpenJDK 64-Bit Server VM Temurin-21.0.12.1+1 (21.0.12.1+1-LTS, mixed mode, sharing, tiered, compressed oops, compressed class ptrs, parallel gc, windows-amd64)
GC Precious Log:
 CardTable entry size: 512
 CPUs: 4 total, 4 available
 Memory: 4005M
 Large Page Support: Disabled
 NUMA Support: Disabled
 Compressed Oops: Enabled (32-bit)
 Alignments: Space 512K, Generation 512K, Heap 2M
 Heap Min Capacity: 100M
 Heap Initial Capacity: 100M
 Heap Max Capacity: 2G
 Pre-touch: Disabled
 Parallel Workers: 4
Heap:
 PSYoungGen      total 15360K, used 14846K [0x00000000d5580000, 0x00000000d6600000, 0x0000000100000000)
  eden space 14848K, 97% used [0x00000000d5580000,0x00000000d6391998,0x00000000d6400000)
  from space 512K, 85% used [0x00000000d6580000,0x00000000d65edf08,0x00000000d6600000)
  to   space 1024K, 0% used [0x00000000d6400000,0x00000000d6400000,0x00000000d6500000)
 ParOldGen       total 68608K, used 57758K [0x0000000080000000, 0x0000000084300000, 0x00000000d5580000)
  object space 68608K, 84% used [0x0000000080000000,0x0000000083867a90,0x0000000084300000)
 Metaspace       used 65361K, committed 66880K, reserved 1114112K
  class space    used 8163K, committed 8832K, reserved 1048576K
GC Heap History (20 events):
Event: 96.222 GC heap before
{Heap before GC invocations=50 (full 3):
 PSYoungGen      total 15360K, used 15287K [0x00000000d5580000, 0x00000000d6600000, 0x0000000100000000)
  eden space 14848K, 100% used [0x00000000d5580000,0x00000000d6400000,0x00000000d6400000)
  from space 512K, 85% used [0x00000000d6580000,0x00000000d65edc80,0x00000000d6600000)
  to   space 1024K, 0% used [0x00000000d6400000,0x00000000d6400000,0x00000000d6500000)
 ParOldGen       total 68608K, used 55985K [0x0000000080000000, 0x0000000084300000, 0x00000000d5580000)
  object space 68608K, 81% used [0x0000000080000000,0x00000000836ac470,0x0000000084300000)
 Metaspace       used 64235K, committed 65792K, reserved 1114112K
  class space    used 8008K, committed 8704K, reserved 1048576K
}
Event: 96.223 GC heap after
{Heap after GC invocations=50 (full 3):
 PSYoungGen      total 15872K, used 960K [0x00000000d5580000, 0x00000000d6700000, 0x0000000100000000)
  eden space 14848K, 0% used [0x00000000d5580000,0x00000000d5580000,0x00000000d6400000)
  from space 1024K, 93% used [0x00000000d6400000,0x00000000d64f0328,0x00000000d6500000)
  to   space 1536K, 0% used [0x00000000d6580000,0x00000000d6580000,0x00000000d6700000)
 ParOldGen       total 68608K, used 56041K [0x0000000080000000, 0x0000000084300000, 0x00000000d5580000)
  object space 68608K, 81% used [0x0000000080000000,0x00000000836ba480,0x0000000084300000)
 Metaspace       used 64235K, committed 65792K, reserved 1114112K
  class space    used 8008K, committed 8704K, reserved 1048576K
}
Event: 97.821 GC heap before
{Heap before GC invocations=51 (full 3):
 PSYoungGen      total 15872K, used 15802K [0x00000000d5580000, 0x00000000d6700000, 0x0000000100000000)
  eden space 14848K, 99% used [0x00000000d5580000,0x00000000d63fe740,0x00000000d6400000)
  from space 1024K, 93% used [0x00000000d6400000,0x00000000d64f0328,0x00000000d6500000)
  to   space 1536K, 0% used [0x00000000d6580000,0x00000000d6580000,0x00000000d6700000)
 ParOldGen       total 68608K, used 56041K [0x0000000080000000, 0x0000000084300000, 0x00000000d5580000)
  object space 68608K, 81% used [0x0000000080000000,0x00000000836ba480,0x0000000084300000)
 Metaspace       used 64235K, committed 65792K, reserved 1114112K
  class space    used 8008K, committed 8704K, reserved 1048576K
}
Event: 97.824 GC heap after
{Heap after GC invocations=51 (full 3):
 PSYoungGen      total 15360K, used 267K [0x00000000d5580000, 0x00000000d6600000, 0x0000000100000000)
  eden space 14848K, 0% used [0x00000000d5580000,0x00000000d5580000,0x00000000d6400000)
  from space 512K, 52% used [0x00000000d6580000,0x00000000d65c2ee0,0x00000000d6600000)
  to   space 1024K, 0% used [0x00000000d6400000,0x00000000d6400000,0x00000000d6500000)
 ParOldGen       total 68608K, used 56137K [0x0000000080000000, 0x0000000084300000, 0x00000000d5580000)
  object space 68608K, 81% used [0x0000000080000000,0x00000000836d2560,0x0000000084300000)
 Metaspace       used 64235K, committed 65792K, reserved 1114112K
  class space    used 8008K, committed 8704K, reserved 1048576K
}
Event: 99.314 GC heap before
{Heap before GC invocations=52 (full 3):
 PSYoungGen      total 15360K, used 15115K [0x00000000d5580000, 0x00000000d6600000, 0x0000000100000000)
  eden space 14848K, 100% used [0x00000000d5580000,0x00000000d6400000,0x00000000d6400000)
  from space 512K, 52% used [0x00000000d6580000,0x00000000d65c2ee0,0x00000000d6600000)
  to   space 1024K, 0% used [0x00000000d6400000,0x00000000d6400000,0x00000000d6500000)
 ParOldGen       total 68608K, used 56137K [0x0000000080000000, 0x0000000084300000, 0x00000000d5580000)
  object space 68608K, 81% used [0x0000000080000000,0x00000000836d2560,0x0000000084300000)
 Metaspace       used 64235K, committed 65792K, reserved 1114112K
  class space    used 8008K, committed 8704K, reserved 1048576K
}
Event: 99.316 GC heap after
{Heap after GC invocations=52 (full 3):
 PSYoungGen      total 15872K, used 807K [0x00000000d5580000, 0x00000000d6600000, 0x0000000100000000)
  eden space 14848K, 0% used [0x00000000d5580000,0x00000000d5580000,0x00000000d6400000)
  from space 1024K, 78% used [0x00000000d6400000,0x00000000d64c9e00,0x00000000d6500000)
  to   space 1024K, 0% used [0x00000000d6500000,0x00000000d6500000,0x00000000d6600000)
 ParOldGen       total 68608K, used 56195K [0x0000000080000000, 0x0000000084300000, 0x00000000d5580000)
  object space 68608K, 81% used [0x0000000080000000,0x00000000836e0dc8,0x0000000084300000)
 Metaspace       used 64235K, committed 65792K, reserved 1114112K
  class space    used 8008K, committed 8704K, reserved 1048576K
}
Event: 100.695 GC heap before
{Heap before GC invocations=53 (full 3):
 PSYoungGen      total 15872K, used 15655K [0x00000000d5580000, 0x00000000d6600000, 0x0000000100000000)
  eden space 14848K, 100% used [0x00000000d5580000,0x00000000d6400000,0x00000000d6400000)
  from space 1024K, 78% used [0x00000000d6400000,0x00000000d64c9e00,0x00000000d6500000)
  to   space 1024K, 0% used [0x00000000d6500000,0x00000000d6500000,0x00000000d6600000)
 ParOldGen       total 68608K, used 56195K [0x0000000080000000, 0x0000000084300000, 0x00000000d5580000)
  object space 68608K, 81% used [0x0000000080000000,0x00000000836e0dc8,0x0000000084300000)
 Metaspace       used 64274K, committed 65792K, reserved 1114112K
  class space    used 8012K, committed 8704K, reserved 1048576K
}
Event: 100.696 GC heap after
{Heap after GC invocations=53 (full 3):
 PSYoungGen      total 15872K, used 783K [0x00000000d5580000, 0x00000000d6600000, 0x0000000100000000)
  eden space 14848K, 0% used [0x00000000d5580000,0x00000000d5580000,0x00000000d6400000)
  from space 1024K, 76% used [0x00000000d6500000,0x00000000d65c3f28,0x00000000d6600000)
  to   space 1024K, 0% used [0x00000000d6400000,0x00000000d6400000,0x00000000d6500000)
 ParOldGen       total 68608K, used 56235K [0x0000000080000000, 0x0000000084300000, 0x00000000d5580000)
  object space 68608K, 81% used [0x0000000080000000,0x00000000836eadc8,0x0000000084300000)
 Metaspace       used 64274K, committed 65792K, reserved 1114112K
  class space    used 8012K, committed 8704K, reserved 1048576K
}
Event: 101.856 GC heap before
{Heap before GC invocations=54 (full 3):
 PSYoungGen      total 15872K, used 15631K [0x00000000d5580000, 0x00000000d6600000, 0x0000000100000000)
  eden space 14848K, 100% used [0x00000000d5580000,0x00000000d6400000,0x00000000d6400000)
  from space 1024K, 76% used [0x00000000d6500000,0x00000000d65c3f28,0x00000000d6600000)
  to   space 1024K, 0% used [0x00000000d6400000,0x00000000d6400000,0x00000000d6500000)
 ParOldGen       total 68608K, used 56235K [0x0000000080000000, 0x0000000084300000, 0x00000000d5580000)
  object space 68608K, 81% used [0x0000000080000000,0x00000000836eadc8,0x0000000084300000)
 Metaspace       used 64321K, committed 65856K, reserved 1114112K
  class space    used 8014K, committed 8704K, reserved 1048576K
}
Event: 101.858 GC heap after
{Heap after GC invocations=54 (full 3):
 PSYoungGen      total 15872K, used 191K [0x00000000d5580000, 0x00000000d6580000, 0x0000000100000000)
  eden space 14848K, 0% used [0x00000000d5580000,0x00000000d5580000,0x00000000d6400000)
  from space 1024K, 18% used [0x00000000d6400000,0x00000000d642ff40,0x00000000d6500000)
  to   space 512K, 0% used [0x00000000d6500000,0x00000000d6500000,0x00000000d6580000)
 ParOldGen       total 68608K, used 56350K [0x0000000080000000, 0x0000000084300000, 0x00000000d5580000)
  object space 68608K, 82% used [0x0000000080000000,0x0000000083707ae8,0x0000000084300000)
 Metaspace       used 64321K, committed 65856K, reserved 1114112K
  class space    used 8014K, committed 8704K, reserved 1048576K
}
Event: 102.318 GC heap before
{Heap before GC invocations=55 (full 3):
 PSYoungGen      total 15872K, used 15039K [0x00000000d5580000, 0x00000000d6580000, 0x0000000100000000)
  eden space 14848K, 100% used [0x00000000d5580000,0x00000000d6400000,0x00000000d6400000)
  from space 1024K, 18% used [0x00000000d6400000,0x00000000d642ff40,0x00000000d6500000)
  to   space 512K, 0% used [0x00000000d6500000,0x00000000d6500000,0x00000000d6580000)
 ParOldGen       total 68608K, used 56350K [0x0000000080000000, 0x0000000084300000, 0x00000000d5580000)
  object space 68608K, 82% used [0x0000000080000000,0x0000000083707ae8,0x0000000084300000)
 Metaspace       used 64350K, committed 65856K, reserved 1114112K
  class space    used 8021K, committed 8704K, reserved 1048576K
}
Event: 102.320 GC heap after
{Heap after GC invocations=55 (full 3):
 PSYoungGen      total 15360K, used 497K [0x00000000d5580000, 0x00000000d6600000, 0x0000000100000000)
  eden space 14848K, 0% used [0x00000000d5580000,0x00000000d5580000,0x00000000d6400000)
  from space 512K, 97% used [0x00000000d6500000,0x00000000d657c5d0,0x00000000d6580000)
  to   space 1024K, 0% used [0x00000000d6400000,0x00000000d6400000,0x00000000d6500000)
 ParOldGen       total 68608K, used 56728K [0x0000000080000000, 0x0000000084300000, 0x00000000d5580000)
  object space 68608K, 82% used [0x0000000080000000,0x00000000837663a0,0x0000000084300000)
 Metaspace       used 64350K, committed 65856K, reserved 1114112K
  class space    used 8021K, committed 8704K, reserved 1048576K
}
Event: 103.959 GC heap before
{Heap before GC invocations=56 (full 3):
 PSYoungGen      total 15360K, used 15342K [0x00000000d5580000, 0x00000000d6600000, 0x0000000100000000)
  eden space 14848K, 99% used [0x00000000d5580000,0x00000000d63ff240,0x00000000d6400000)
  from space 512K, 97% used [0x00000000d6500000,0x00000000d657c5d0,0x00000000d6580000)
  to   space 1024K, 0% used [0x00000000d6400000,0x00000000d6400000,0x00000000d6500000)
 ParOldGen       total 68608K, used 56728K [0x0000000080000000, 0x0000000084300000, 0x00000000d5580000)
  object space 68608K, 82% used [0x0000000080000000,0x00000000837663a0,0x0000000084300000)
 Metaspace       used 64459K, committed 65984K, reserved 1114112K
  class space    used 8030K, committed 8704K, reserved 1048576K
}
Event: 103.962 GC heap after
{Heap after GC invocations=56 (full 3):
 PSYoungGen      total 15872K, used 367K [0x00000000d5580000, 0x00000000d6600000, 0x0000000100000000)
  eden space 14848K, 0% used [0x00000000d5580000,0x00000000d5580000,0x00000000d6400000)
  from space 1024K, 35% used [0x00000000d6400000,0x00000000d645bcd8,0x00000000d6500000)
  to   space 1024K, 0% used [0x00000000d6500000,0x00000000d6500000,0x00000000d6600000)
 ParOldGen       total 68608K, used 56766K [0x0000000080000000, 0x0000000084300000, 0x00000000d5580000)
  object space 68608K, 82% used [0x0000000080000000,0x000000008376faa0,0x0000000084300000)
 Metaspace       used 64459K, committed 65984K, reserved 1114112K
  class space    used 8030K, committed 8704K, reserved 1048576K
}
Event: 104.168 GC heap before
{Heap before GC invocations=57 (full 3):
 PSYoungGen      total 15872K, used 15215K [0x00000000d5580000, 0x00000000d6600000, 0x0000000100000000)
  eden space 14848K, 100% used [0x00000000d5580000,0x00000000d6400000,0x00000000d6400000)
  from space 1024K, 35% used [0x00000000d6400000,0x00000000d645bcd8,0x00000000d6500000)
  to   space 1024K, 0% used [0x00000000d6500000,0x00000000d6500000,0x00000000d6600000)
 ParOldGen       total 68608K, used 56766K [0x0000000080000000, 0x0000000084300000, 0x00000000d5580000)
  object space 68608K, 82% used [0x0000000080000000,0x000000008376faa0,0x0000000084300000)
 Metaspace       used 64519K, committed 66048K, reserved 1114112K
  class space    used 8035K, committed 8704K, reserved 1048576K
}
Event: 104.170 GC heap after
{Heap after GC invocations=57 (full 3):
 PSYoungGen      total 15360K, used 391K [0x00000000d5580000, 0x00000000d6580000, 0x0000000100000000)
  eden space 14848K, 0% used [0x00000000d5580000,0x00000000d5580000,0x00000000d6400000)
  from space 512K, 76% used [0x00000000d6500000,0x00000000d6561dd0,0x00000000d6580000)
  to   space 512K, 0% used [0x00000000d6480000,0x00000000d6480000,0x00000000d6500000)
 ParOldGen       total 68608K, used 57051K [0x0000000080000000, 0x0000000084300000, 0x00000000d5580000)
  object space 68608K, 83% used [0x0000000080000000,0x00000000837b6f18,0x0000000084300000)
 Metaspace       used 64519K, committed 66048K, reserved 1114112K
  class space    used 8035K, committed 8704K, reserved 1048576K
}
Event: 112.448 GC heap before
{Heap before GC invocations=58 (full 3):
 PSYoungGen      total 15360K, used 15239K [0x00000000d5580000, 0x00000000d6580000, 0x0000000100000000)
  eden space 14848K, 100% used [0x00000000d5580000,0x00000000d6400000,0x00000000d6400000)
  from space 512K, 76% used [0x00000000d6500000,0x00000000d6561dd0,0x00000000d6580000)
  to   space 512K, 0% used [0x00000000d6480000,0x00000000d6480000,0x00000000d6500000)
 ParOldGen       total 68608K, used 57051K [0x0000000080000000, 0x0000000084300000, 0x00000000d5580000)
  object space 68608K, 83% used [0x0000000080000000,0x00000000837b6f18,0x0000000084300000)
 Metaspace       used 64532K, committed 66048K, reserved 1114112K
  class space    used 8037K, committed 8704K, reserved 1048576K
}
Event: 112.451 GC heap after
{Heap after GC invocations=58 (full 3):
 PSYoungGen      total 15360K, used 507K [0x00000000d5580000, 0x00000000d6700000, 0x0000000100000000)
  eden space 14848K, 0% used [0x00000000d5580000,0x00000000d5580000,0x00000000d6400000)
  from space 512K, 99% used [0x00000000d6480000,0x00000000d64fee30,0x00000000d6500000)
  to   space 1536K, 0% used [0x00000000d6580000,0x00000000d6580000,0x00000000d6700000)
 ParOldGen       total 68608K, used 57591K [0x0000000080000000, 0x0000000084300000, 0x00000000d5580000)
  object space 68608K, 83% used [0x0000000080000000,0x000000008383dff8,0x0000000084300000)
 Metaspace       used 64532K, committed 66048K, reserved 1114112K
  class space    used 8037K, committed 8704K, reserved 1048576K
}
Event: 113.620 GC heap before
{Heap before GC invocations=59 (full 3):
 PSYoungGen      total 15360K, used 15355K [0x00000000d5580000, 0x00000000d6700000, 0x0000000100000000)
  eden space 14848K, 100% used [0x00000000d5580000,0x00000000d6400000,0x00000000d6400000)
  from space 512K, 99% used [0x00000000d6480000,0x00000000d64fee30,0x00000000d6500000)
  to   space 1536K, 0% used [0x00000000d6580000,0x00000000d6580000,0x00000000d6700000)
 ParOldGen       total 68608K, used 57591K [0x0000000080000000, 0x0000000084300000, 0x00000000d5580000)
  object space 68608K, 83% used [0x0000000080000000,0x000000008383dff8,0x0000000084300000)
 Metaspace       used 64583K, committed 66176K, reserved 1114112K
  class space    used 8043K, committed 8768K, reserved 1048576K
}
Event: 113.622 GC heap after
{Heap after GC invocations=59 (full 3):
 PSYoungGen      total 15360K, used 439K [0x00000000d5580000, 0x00000000d6600000, 0x0000000100000000)
  eden space 14848K, 0% used [0x00000000d5580000,0x00000000d5580000,0x00000000d6400000)
  from space 512K, 85% used [0x00000000d6580000,0x00000000d65edf08,0x00000000d6600000)
  to   space 1024K, 0% used [0x00000000d6400000,0x00000000d6400000,0x00000000d6500000)
 ParOldGen       total 68608K, used 57758K [0x0000000080000000, 0x0000000084300000, 0x00000000d5580000)
  object space 68608K, 84% used [0x0000000080000000,0x0000000083867a90,0x0000000084300000)
 Metaspace       used 64583K, committed 66176K, reserved 1114112K
  class space    used 8043K, committed 8768K, reserved 1048576K
}

