# JRE version: OpenJDK Runtime Environment Temurin-21.0.12.1+1 (21.0.12.1+1) (build 21.0.12.1+1-LTS)
# Java VM: OpenJDK 64-Bit Server VM Temurin-21.0.12.1+1 (21.0.12.1+1-LTS, mixed mode, sharing, tiered, compressed oops, compressed class ptrs, parallel gc, windows-amd64)
GC Precious Log:
 CardTable entry size: 512
 CPUs: 4 total, 4 available
 Memory: 4005M
 Large Page Support: Disabled
 NUMA Support: Disabled
 Compressed Oops: Enabled (32-bit)
 Alignments: Space 512K, Generation 512K, Heap 2M
 Heap Min Capacity: 100M
 Heap Initial Capacity: 100M
 Heap Max Capacity: 2G
 Pre-touch: Disabled
 Parallel Workers: 4
Heap:
 PSYoungGen      total 5120K, used 3381K [0x00000000d5580000, 0x00000000d5b80000, 0x0000000100000000)
  eden space 4608K, 63% used [0x00000000d5580000,0x00000000d585d528,0x00000000d5a00000)
  from space 512K, 87% used [0x00000000d5b00000,0x00000000d5b70000,0x00000000d5b80000)
  to   space 512K, 0% used [0x00000000d5a80000,0x00000000d5a80000,0x00000000d5b00000)
 ParOldGen       total 387584K, used 387580K [0x0000000080000000, 0x0000000097a80000, 0x00000000d5580000)
  object space 387584K, 99% used [0x0000000080000000,0x0000000097a7f328,0x0000000097a80000)
 Metaspace       used 74530K, committed 76096K, reserved 1179648K
  class space    used 9043K, committed 9728K, reserved 1048576K
GC Heap History (20 events):
Event: 880.775 GC heap before
{Heap before GC invocations=470 (full 4):
 PSYoungGen      total 5120K, used 5024K [0x00000000d5580000, 0x00000000d5b80000, 0x0000000100000000)
  eden space 4608K, 100% used [0x00000000d5580000,0x00000000d5a00000,0x00000000d5a00000)
  from space 512K, 81% used [0x00000000d5a80000,0x00000000d5ae8000,0x00000000d5b00000)
  to   space 512K, 0% used [0x00000000d5b00000,0x00000000d5b00000,0x00000000d5b80000)
 ParOldGen       total 382976K, used 382941K [0x0000000080000000, 0x0000000097600000, 0x00000000d5580000)
  object space 382976K, 99% used [0x0000000080000000,0x00000000975f7508,0x0000000097600000)
 Metaspace       used 74507K, committed 76032K, reserved 1179648K
  class space    used 9043K, committed 9728K, reserved 1048576K
}
Event: 880.777 GC heap after
{Heap after GC invocations=470 (full 4):
 PSYoungGen      total 5120K, used 342K [0x00000000d5580000, 0x00000000d5b80000, 0x0000000100000000)
  eden space 4608K, 0% used [0x00000000d5580000,0x00000000d5580000,0x00000000d5a00000)
  from space 512K, 66% used [0x00000000d5b00000,0x00000000d5b55808,0x00000000d5b80000)
  to   space 512K, 0% used [0x00000000d5a80000,0x00000000d5a80000,0x00000000d5b00000)
 ParOldGen       total 383488K, used 383309K [0x0000000080000000, 0x0000000097680000, 0x00000000d5580000)
  object space 383488K, 99% used [0x0000000080000000,0x0000000097653508,0x0000000097680000)
 Metaspace       used 74507K, committed 76032K, reserved 1179648K
  class space    used 9043K, committed 9728K, reserved 1048576K
}
Event: 880.834 GC heap before
{Heap before GC invocations=471 (full 4):
 PSYoungGen      total 5120K, used 4950K [0x00000000d5580000, 0x00000000d5b80000, 0x0000000100000000)
  eden space 4608K, 100% used [0x00000000d5580000,0x00000000d5a00000,0x00000000d5a00000)
  from space 512K, 66% used [0x00000000d5b00000,0x00000000d5b55808,0x00000000d5b80000)
  to   space 512K, 0% used [0x00000000d5a80000,0x00000000d5a80000,0x00000000d5b00000)
 ParOldGen       total 383488K, used 383309K [0x0000000080000000, 0x0000000097680000, 0x00000000d5580000)
  object space 383488K, 99% used [0x0000000080000000,0x0000000097653508,0x0000000097680000)
 Metaspace       used 74507K, committed 76032K, reserved 1179648K
  class space    used 9043K, committed 9728K, reserved 1048576K
}
Event: 880.839 GC heap after
{Heap after GC invocations=471 (full 4):
 PSYoungGen      total 5120K, used 512K [0x00000000d5580000, 0x00000000d5c00000, 0x0000000100000000)
  eden space 4608K, 0% used [0x00000000d5580000,0x00000000d5580000,0x00000000d5a00000)
  from space 512K, 100% used [0x00000000d5a80000,0x00000000d5b00000,0x00000000d5b00000)
  to   space 1024K, 0% used [0x00000000d5b00000,0x00000000d5b00000,0x00000000d5c00000)
 ParOldGen       total 384000K, used 383619K [0x0000000080000000, 0x0000000097700000, 0x00000000d5580000)
  object space 384000K, 99% used [0x0000000080000000,0x00000000976a0d10,0x0000000097700000)
 Metaspace       used 74507K, committed 76032K, reserved 1179648K
  class space    used 9043K, committed 9728K, reserved 1048576K
}
Event: 880.866 GC heap before
{Heap before GC invocations=472 (full 4):
 PSYoungGen      total 5120K, used 5120K [0x00000000d5580000, 0x00000000d5c00000, 0x0000000100000000)
  eden space 4608K, 100% used [0x00000000d5580000,0x00000000d5a00000,0x00000000d5a00000)
  from space 512K, 100% used [0x00000000d5a80000,0x00000000d5b00000,0x00000000d5b00000)
  to   space 1024K, 0% used [0x00000000d5b00000,0x00000000d5b00000,0x00000000d5c00000)
 ParOldGen       total 384000K, used 383619K [0x0000000080000000, 0x0000000097700000, 0x00000000d5580000)
  object space 384000K, 99% used [0x0000000080000000,0x00000000976a0d10,0x0000000097700000)
 Metaspace       used 74507K, committed 76032K, reserved 1179648K
  class space    used 9043K, committed 9728K, reserved 1048576K
}
Event: 880.869 GC heap after
{Heap after GC invocations=472 (full 4):
 PSYoungGen      total 5120K, used 448K [0x00000000d5580000, 0x00000000d5b80000, 0x0000000100000000)
  eden space 4608K, 0% used [0x00000000d5580000,0x00000000d5580000,0x00000000d5a00000)
  from space 512K, 87% used [0x00000000d5b00000,0x00000000d5b70000,0x00000000d5b80000)
  to   space 512K, 0% used [0x00000000d5a80000,0x00000000d5a80000,0x00000000d5b00000)
 ParOldGen       total 384512K, used 384067K [0x0000000080000000, 0x0000000097780000, 0x00000000d5580000)
  object space 384512K, 99% used [0x0000000080000000,0x0000000097710d10,0x0000000097780000)
 Metaspace       used 74507K, committed 76032K, reserved 1179648K
  class space    used 9043K, committed 9728K, reserved 1048576K
}
Event: 880.911 GC heap before
{Heap before GC invocations=473 (full 4):
 PSYoungGen      total 5120K, used 5056K [0x00000000d5580000, 0x00000000d5b80000, 0x0000000100000000)
  eden space 4608K, 100% used [0x00000000d5580000,0x00000000d5a00000,0x00000000d5a00000)
  from space 512K, 87% used [0x00000000d5b00000,0x00000000d5b70000,0x00000000d5b80000)
  to   space 512K, 0% used [0x00000000d5a80000,0x00000000d5a80000,0x00000000d5b00000)
 ParOldGen       total 384512K, used 384067K [0x0000000080000000, 0x0000000097780000, 0x00000000d5580000)
  object space 384512K, 99% used [0x0000000080000000,0x0000000097710d10,0x0000000097780000)
 Metaspace       used 74507K, committed 76032K, reserved 1179648K
  class space    used 9043K, committed 9728K, reserved 1048576K
}
Event: 880.913 GC heap after
{Heap after GC invocations=473 (full 4):
 PSYoungGen      total 5120K, used 512K [0x00000000d5580000, 0x00000000d5c00000, 0x0000000100000000)
  eden space 4608K, 0% used [0x00000000d5580000,0x00000000d5580000,0x00000000d5a00000)
  from space 512K, 100% used [0x00000000d5a80000,0x00000000d5b00000,0x00000000d5b00000)
  to   space 1024K, 0% used [0x00000000d5b00000,0x00000000d5b00000,0x00000000d5c00000)
 ParOldGen       total 384512K, used 384475K [0x0000000080000000, 0x0000000097780000, 0x00000000d5580000)
  object space 384512K, 99% used [0x0000000080000000,0x0000000097776d10,0x0000000097780000)
 Metaspace       used 74507K, committed 76032K, reserved 1179648K
  class space    used 9043K, committed 9728K, reserved 1048576K
}
Event: 880.969 GC heap before
{Heap before GC invocations=474 (full 4):
 PSYoungGen      total 5120K, used 5120K [0x00000000d5580000, 0x00000000d5c00000, 0x0000000100000000)
  eden space 4608K, 100% used [0x00000000d5580000,0x00000000d5a00000,0x00000000d5a00000)
  from space 512K, 100% used [0x00000000d5a80000,0x00000000d5b00000,0x00000000d5b00000)
  to   space 1024K, 0% used [0x00000000d5b00000,0x00000000d5b00000,0x00000000d5c00000)
 ParOldGen       total 384512K, used 384475K [0x0000000080000000, 0x0000000097780000, 0x00000000d5580000)
  object space 384512K, 99% used [0x0000000080000000,0x0000000097776d10,0x0000000097780000)
 Metaspace       used 74507K, committed 76032K, reserved 1179648K
  class space    used 9043K, committed 9728K, reserved 1048576K
}
Event: 880.972 GC heap after
{Heap after GC invocations=474 (full 4):
 PSYoungGen      total 5632K, used 544K [0x00000000d5580000, 0x00000000d5c00000, 0x0000000100000000)
  eden space 4608K, 0% used [0x00000000d5580000,0x00000000d5580000,0x00000000d5a00000)
  from space 1024K, 53% used [0x00000000d5b00000,0x00000000d5b88000,0x00000000d5c00000)
  to   space 1024K, 0% used [0x00000000d5a00000,0x00000000d5a00000,0x00000000d5b00000)
 ParOldGen       total 385024K, used 384939K [0x0000000080000000, 0x0000000097800000, 0x00000000d5580000)
  object space 385024K, 99% used [0x0000000080000000,0x00000000977ead10,0x0000000097800000)
 Metaspace       used 74507K, committed 76032K, reserved 1179648K
  class space    used 9043K, committed 9728K, reserved 1048576K
}
Event: 881.053 GC heap before
{Heap before GC invocations=475 (full 4):
 PSYoungGen      total 5632K, used 5152K [0x00000000d5580000, 0x00000000d5c00000, 0x0000000100000000)
  eden space 4608K, 100% used [0x00000000d5580000,0x00000000d5a00000,0x00000000d5a00000)
  from space 1024K, 53% used [0x00000000d5b00000,0x00000000d5b88000,0x00000000d5c00000)
  to   space 1024K, 0% used [0x00000000d5a00000,0x00000000d5a00000,0x00000000d5b00000)
 ParOldGen       total 385024K, used 384939K [0x0000000080000000, 0x0000000097800000, 0x00000000d5580000)
  object space 385024K, 99% used [0x0000000080000000,0x00000000977ead10,0x0000000097800000)
 Metaspace       used 74529K, committed 76096K, reserved 1179648K
  class space    used 9043K, committed 9728K, reserved 1048576K
}
Event: 881.055 GC heap after
{Heap after GC invocations=475 (full 4):
 PSYoungGen      total 5632K, used 588K [0x00000000d5580000, 0x00000000d5c00000, 0x0000000100000000)
  eden space 4608K, 0% used [0x00000000d5580000,0x00000000d5580000,0x00000000d5a00000)
  from space 1024K, 57% used [0x00000000d5a00000,0x00000000d5a93008,0x00000000d5b00000)
  to   space 1024K, 0% used [0x00000000d5b00000,0x00000000d5b00000,0x00000000d5c00000)
 ParOldGen       total 385536K, used 385424K [0x0000000080000000, 0x0000000097880000, 0x00000000d5580000)
  object space 385536K, 99% used [0x0000000080000000,0x0000000097864320,0x0000000097880000)
 Metaspace       used 74529K, committed 76096K, reserved 1179648K
  class space    used 9043K, committed 9728K, reserved 1048576K
}
Event: 881.087 GC heap before
{Heap before GC invocations=476 (full 4):
 PSYoungGen      total 5632K, used 5196K [0x00000000d5580000, 0x00000000d5c00000, 0x0000000100000000)
  eden space 4608K, 100% used [0x00000000d5580000,0x00000000d5a00000,0x00000000d5a00000)
  from space 1024K, 57% used [0x00000000d5a00000,0x00000000d5a93008,0x00000000d5b00000)
  to   space 1024K, 0% used [0x00000000d5b00000,0x00000000d5b00000,0x00000000d5c00000)
 ParOldGen       total 385536K, used 385424K [0x0000000080000000, 0x0000000097880000, 0x00000000d5580000)
  object space 385536K, 99% used [0x0000000080000000,0x0000000097864320,0x0000000097880000)
 Metaspace       used 74529K, committed 76096K, reserved 1179648K
  class space    used 9043K, committed 9728K, reserved 1048576K
}
Event: 881.091 GC heap after
{Heap after GC invocations=476 (full 4):
 PSYoungGen      total 5632K, used 480K [0x00000000d5580000, 0x00000000d5c00000, 0x0000000100000000)
  eden space 4608K, 0% used [0x00000000d5580000,0x00000000d5580000,0x00000000d5a00000)
  from space 1024K, 46% used [0x00000000d5b00000,0x00000000d5b78000,0x00000000d5c00000)
  to   space 1024K, 0% used [0x00000000d5a00000,0x00000000d5a00000,0x00000000d5b00000)
 ParOldGen       total 386048K, used 385948K [0x0000000080000000, 0x0000000097900000, 0x00000000d5580000)
  object space 386048K, 99% used [0x0000000080000000,0x00000000978e7328,0x0000000097900000)
 Metaspace       used 74529K, committed 76096K, reserved 1179648K
  class space    used 9043K, committed 9728K, reserved 1048576K
}
Event: 881.121 GC heap before
{Heap before GC invocations=477 (full 4):
 PSYoungGen      total 5632K, used 5088K [0x00000000d5580000, 0x00000000d5c00000, 0x0000000100000000)
  eden space 4608K, 100% used [0x00000000d5580000,0x00000000d5a00000,0x00000000d5a00000)
  from space 1024K, 46% used [0x00000000d5b00000,0x00000000d5b78000,0x00000000d5c00000)
  to   space 1024K, 0% used [0x00000000d5a00000,0x00000000d5a00000,0x00000000d5b00000)
 ParOldGen       total 386048K, used 385948K [0x0000000080000000, 0x0000000097900000, 0x00000000d5580000)
  object space 386048K, 99% used [0x0000000080000000,0x00000000978e7328,0x0000000097900000)
 Metaspace       used 74529K, committed 76096K, reserved 1179648K
  class space    used 9043K, committed 9728K, reserved 1048576K
}
Event: 881.124 GC heap after
{Heap after GC invocations=477 (full 4):
 PSYoungGen      total 5632K, used 448K [0x00000000d5580000, 0x00000000d5b80000, 0x0000000100000000)
  eden space 4608K, 0% used [0x00000000d5580000,0x00000000d5580000,0x00000000d5a00000)
  from space 1024K, 43% used [0x00000000d5a00000,0x00000000d5a70000,0x00000000d5b00000)
  to   space 512K, 0% used [0x00000000d5b00000,0x00000000d5b00000,0x00000000d5b80000)
 ParOldGen       total 386560K, used 386396K [0x0000000080000000, 0x0000000097980000, 0x00000000d5580000)
  object space 386560K, 99% used [0x0000000080000000,0x0000000097957328,0x0000000097980000)
 Metaspace       used 74529K, committed 76096K, reserved 1179648K
  class space    used 9043K, committed 9728K, reserved 1048576K
}
Event: 881.214 GC heap before
{Heap before GC invocations=478 (full 4):
 PSYoungGen      total 5632K, used 5056K [0x00000000d5580000, 0x00000000d5b80000, 0x0000000100000000)
  eden space 4608K, 100% used [0x00000000d5580000,0x00000000d5a00000,0x00000000d5a00000)
  from space 1024K, 43% used [0x00000000d5a00000,0x00000000d5a70000,0x00000000d5b00000)
  to   space 512K, 0% used [0x00000000d5b00000,0x00000000d5b00000,0x00000000d5b80000)
 ParOldGen       total 386560K, used 386396K [0x0000000080000000, 0x0000000097980000, 0x00000000d5580000)
  object space 386560K, 99% used [0x0000000080000000,0x0000000097957328,0x0000000097980000)
 Metaspace       used 74529K, committed 76096K, reserved 1179648K
  class space    used 9043K, committed 9728K, reserved 1048576K
}
Event: 881.217 GC heap after
{Heap after GC invocations=478 (full 4):
 PSYoungGen      total 5120K, used 512K [0x00000000d5580000, 0x00000000d5c00000, 0x0000000100000000)
  eden space 4608K, 0% used [0x00000000d5580000,0x00000000d5580000,0x00000000d5a00000)
  from space 512K, 100% used [0x00000000d5b00000,0x00000000d5b80000,0x00000000d5b80000)
  to   space 1024K, 0% used [0x00000000d5a00000,0x00000000d5a00000,0x00000000d5b00000)
 ParOldGen       total 387072K, used 386780K [0x0000000080000000, 0x0000000097a00000, 0x00000000d5580000)
  object space 387072K, 99% used [0x0000000080000000,0x00000000979b7328,0x0000000097a00000)
 Metaspace       used 74529K, committed 76096K, reserved 1179648K
  class space    used 9043K, committed 9728K, reserved 1048576K
}
Event: 881.274 GC heap before
{Heap before GC invocations=479 (full 4):
 PSYoungGen      total 5120K, used 5120K [0x00000000d5580000, 0x00000000d5c00000, 0x0000000100000000)
  eden space 4608K, 100% used [0x00000000d5580000,0x00000000d5a00000,0x00000000d5a00000)
  from space 512K, 100% used [0x00000000d5b00000,0x00000000d5b80000,0x00000000d5b80000)
  to   space 1024K, 0% used [0x00000000d5a00000,0x00000000d5a00000,0x00000000d5b00000)
 ParOldGen       total 387072K, used 386780K [0x0000000080000000, 0x0000000097a00000, 0x00000000d5580000)
  object space 387072K, 99% used [0x0000000080000000,0x00000000979b7328,0x0000000097a00000)
 Metaspace       used 74529K, committed 76096K, reserved 1179648K
  class space    used 9043K, committed 9728K, reserved 1048576K
}
Event: 881.279 GC heap after
{Heap after GC invocations=479 (full 4):
 PSYoungGen      total 5632K, used 416K [0x00000000d5580000, 0x00000000d5b80000, 0x0000000100000000)
  eden space 4608K, 0% used [0x00000000d5580000,0x00000000d5580000,0x00000000d5a00000)
  from space 1024K, 40% used [0x00000000d5a00000,0x00000000d5a68000,0x00000000d5b00000)
  to   space 512K, 0% used [0x00000000d5b00000,0x00000000d5b00000,0x00000000d5b80000)
 ParOldGen       total 387584K, used 387228K [0x0000000080000000, 0x0000000097a80000, 0x00000000d5580000)
  object space 387584K, 99% used [0x0000000080000000,0x0000000097a27328,0x0000000097a80000)
 Metaspace       used 74529K, committed 76096K, reserved 1179648K
  class space    used 9043K, committed 9728K, reserved 1048576K
}

