# JRE version: OpenJDK Runtime Environment Temurin-21.0.12.1+1 (21.0.12.1+1) (build 21.0.12.1+1-LTS)
# Java VM: OpenJDK 64-Bit Server VM Temurin-21.0.12.1+1 (21.0.12.1+1-LTS, mixed mode, sharing, tiered, compressed oops, compressed class ptrs, parallel gc, windows-amd64)
GC Precious Log:
 CardTable entry size: 512
 CPUs: 4 total, 4 available
 Memory: 4005M
 Large Page Support: Disabled
 NUMA Support: Disabled
 Compressed Oops: Enabled (32-bit)
 Alignments: Space 512K, Generation 512K, Heap 2M
 Heap Min Capacity: 100M
 Heap Initial Capacity: 100M
 Heap Max Capacity: 2G
 Pre-touch: Disabled
 Parallel Workers: 4
Heap:
 PSYoungGen      total 6656K, used 2610K [0x00000000d5580000, 0x00000000d5d00000, 0x0000000100000000)
  eden space 5632K, 35% used [0x00000000d5580000,0x00000000d576f200,0x00000000d5b00000)
  from space 1024K, 61% used [0x00000000d5c00000,0x00000000d5c9d808,0x00000000d5d00000)
  to   space 1024K, 0% used [0x00000000d5b00000,0x00000000d5b00000,0x00000000d5c00000)
 ParOldGen       total 312320K, used 312279K [0x0000000080000000, 0x0000000093100000, 0x00000000d5580000)
  object space 312320K, 99% used [0x0000000080000000,0x00000000930f5ef0,0x0000000093100000)
 Metaspace       used 73978K, committed 75520K, reserved 1179648K
  class space    used 8972K, committed 9664K, reserved 1048576K
GC Heap History (20 events):
Event: 89.355 GC heap before
{Heap before GC invocations=329 (full 3):
 PSYoungGen      total 6144K, used 6139K [0x00000000d5580000, 0x00000000d5e00000, 0x0000000100000000)
  eden space 5632K, 100% used [0x00000000d5580000,0x00000000d5b00000,0x00000000d5b00000)
  from space 512K, 99% used [0x00000000d5b80000,0x00000000d5bfec08,0x00000000d5c00000)
  to   space 1536K, 0% used [0x00000000d5c80000,0x00000000d5c80000,0x00000000d5e00000)
 ParOldGen       total 307712K, used 307663K [0x0000000080000000, 0x0000000092c80000, 0x00000000d5580000)
  object space 307712K, 99% used [0x0000000080000000,0x0000000092c73db8,0x0000000092c80000)
 Metaspace       used 73977K, committed 75520K, reserved 1179648K
  class space    used 8972K, committed 9664K, reserved 1048576K
}
Event: 89.358 GC heap after
{Heap after GC invocations=329 (full 3):
 PSYoungGen      total 6656K, used 871K [0x00000000d5580000, 0x00000000d5d80000, 0x0000000100000000)
  eden space 5632K, 0% used [0x00000000d5580000,0x00000000d5580000,0x00000000d5b00000)
  from space 1024K, 85% used [0x00000000d5c80000,0x00000000d5d59e08,0x00000000d5d80000)
  to   space 1024K, 0% used [0x00000000d5b80000,0x00000000d5b80000,0x00000000d5c80000)
 ParOldGen       total 308224K, used 308127K [0x0000000080000000, 0x0000000092d00000, 0x00000000d5580000)
  object space 308224K, 99% used [0x0000000080000000,0x0000000092ce7db8,0x0000000092d00000)
 Metaspace       used 73977K, committed 75520K, reserved 1179648K
  class space    used 8972K, committed 9664K, reserved 1048576K
}
Event: 89.436 GC heap before
{Heap before GC invocations=330 (full 3):
 PSYoungGen      total 6656K, used 6503K [0x00000000d5580000, 0x00000000d5d80000, 0x0000000100000000)
  eden space 5632K, 100% used [0x00000000d5580000,0x00000000d5b00000,0x00000000d5b00000)
  from space 1024K, 85% used [0x00000000d5c80000,0x00000000d5d59e08,0x00000000d5d80000)
  to   space 1024K, 0% used [0x00000000d5b80000,0x00000000d5b80000,0x00000000d5c80000)
 ParOldGen       total 308224K, used 308127K [0x0000000080000000, 0x0000000092d00000, 0x00000000d5580000)
  object space 308224K, 99% used [0x0000000080000000,0x0000000092ce7db8,0x0000000092d00000)
 Metaspace       used 73977K, committed 75520K, reserved 1179648K
  class space    used 8972K, committed 9664K, reserved 1048576K
}
Event: 89.439 GC heap after
{Heap after GC invocations=330 (full 3):
 PSYoungGen      total 6656K, used 689K [0x00000000d5580000, 0x00000000d5d00000, 0x0000000100000000)
  eden space 5632K, 0% used [0x00000000d5580000,0x00000000d5580000,0x00000000d5b00000)
  from space 1024K, 67% used [0x00000000d5b80000,0x00000000d5c2c568,0x00000000d5c80000)
  to   space 512K, 0% used [0x00000000d5c80000,0x00000000d5c80000,0x00000000d5d00000)
 ParOldGen       total 309248K, used 308781K [0x0000000080000000, 0x0000000092e00000, 0x00000000d5580000)
  object space 309248K, 99% used [0x0000000080000000,0x0000000092d8b5c0,0x0000000092e00000)
 Metaspace       used 73977K, committed 75520K, reserved 1179648K
  class space    used 8972K, committed 9664K, reserved 1048576K
}
Event: 89.477 GC heap before
{Heap before GC invocations=331 (full 3):
 PSYoungGen      total 6656K, used 6321K [0x00000000d5580000, 0x00000000d5d00000, 0x0000000100000000)
  eden space 5632K, 100% used [0x00000000d5580000,0x00000000d5b00000,0x00000000d5b00000)
  from space 1024K, 67% used [0x00000000d5b80000,0x00000000d5c2c568,0x00000000d5c80000)
  to   space 512K, 0% used [0x00000000d5c80000,0x00000000d5c80000,0x00000000d5d00000)
 ParOldGen       total 309248K, used 308781K [0x0000000080000000, 0x0000000092e00000, 0x00000000d5580000)
  object space 309248K, 99% used [0x0000000080000000,0x0000000092d8b5c0,0x0000000092e00000)
 Metaspace       used 73977K, committed 75520K, reserved 1179648K
  class space    used 8972K, committed 9664K, reserved 1048576K
}
Event: 89.482 GC heap after
{Heap after GC invocations=331 (full 3):
 PSYoungGen      total 6144K, used 352K [0x00000000d5580000, 0x00000000d5d00000, 0x0000000100000000)
  eden space 5632K, 0% used [0x00000000d5580000,0x00000000d5580000,0x00000000d5b00000)
  from space 512K, 68% used [0x00000000d5c80000,0x00000000d5cd8000,0x00000000d5d00000)
  to   space 512K, 0% used [0x00000000d5c00000,0x00000000d5c00000,0x00000000d5c80000)
 ParOldGen       total 309760K, used 309372K [0x0000000080000000, 0x0000000092e80000, 0x00000000d5580000)
  object space 309760K, 99% used [0x0000000080000000,0x0000000092e1f088,0x0000000092e80000)
 Metaspace       used 73977K, committed 75520K, reserved 1179648K
  class space    used 8972K, committed 9664K, reserved 1048576K
}
Event: 89.503 GC heap before
{Heap before GC invocations=332 (full 3):
 PSYoungGen      total 6144K, used 5984K [0x00000000d5580000, 0x00000000d5d00000, 0x0000000100000000)
  eden space 5632K, 100% used [0x00000000d5580000,0x00000000d5b00000,0x00000000d5b00000)
  from space 512K, 68% used [0x00000000d5c80000,0x00000000d5cd8000,0x00000000d5d00000)
  to   space 512K, 0% used [0x00000000d5c00000,0x00000000d5c00000,0x00000000d5c80000)
 ParOldGen       total 309760K, used 309372K [0x0000000080000000, 0x0000000092e80000, 0x00000000d5580000)
  object space 309760K, 99% used [0x0000000080000000,0x0000000092e1f088,0x0000000092e80000)
 Metaspace       used 73977K, committed 75520K, reserved 1179648K
  class space    used 8972K, committed 9664K, reserved 1048576K
}
Event: 89.505 GC heap after
{Heap after GC invocations=332 (full 3):
 PSYoungGen      total 6144K, used 224K [0x00000000d5580000, 0x00000000d5d00000, 0x0000000100000000)
  eden space 5632K, 0% used [0x00000000d5580000,0x00000000d5580000,0x00000000d5b00000)
  from space 512K, 43% used [0x00000000d5c00000,0x00000000d5c38000,0x00000000d5c80000)
  to   space 512K, 0% used [0x00000000d5c80000,0x00000000d5c80000,0x00000000d5d00000)
 ParOldGen       total 309760K, used 309652K [0x0000000080000000, 0x0000000092e80000, 0x00000000d5580000)
  object space 309760K, 99% used [0x0000000080000000,0x0000000092e65088,0x0000000092e80000)
 Metaspace       used 73977K, committed 75520K, reserved 1179648K
  class space    used 8972K, committed 9664K, reserved 1048576K
}
Event: 89.522 GC heap before
{Heap before GC invocations=333 (full 3):
 PSYoungGen      total 6144K, used 5856K [0x00000000d5580000, 0x00000000d5d00000, 0x0000000100000000)
  eden space 5632K, 100% used [0x00000000d5580000,0x00000000d5b00000,0x00000000d5b00000)
  from space 512K, 43% used [0x00000000d5c00000,0x00000000d5c38000,0x00000000d5c80000)
  to   space 512K, 0% used [0x00000000d5c80000,0x00000000d5c80000,0x00000000d5d00000)
 ParOldGen       total 309760K, used 309652K [0x0000000080000000, 0x0000000092e80000, 0x00000000d5580000)
  object space 309760K, 99% used [0x0000000080000000,0x0000000092e65088,0x0000000092e80000)
 Metaspace       used 73977K, committed 75520K, reserved 1179648K
  class space    used 8972K, committed 9664K, reserved 1048576K
}
Event: 89.524 GC heap after
{Heap after GC invocations=333 (full 3):
 PSYoungGen      total 6144K, used 374K [0x00000000d5580000, 0x00000000d5d00000, 0x0000000100000000)
  eden space 5632K, 0% used [0x00000000d5580000,0x00000000d5580000,0x00000000d5b00000)
  from space 512K, 73% used [0x00000000d5c80000,0x00000000d5cdd808,0x00000000d5d00000)
  to   space 512K, 0% used [0x00000000d5c00000,0x00000000d5c00000,0x00000000d5c80000)
 ParOldGen       total 310272K, used 309804K [0x0000000080000000, 0x0000000092f00000, 0x00000000d5580000)
  object space 310272K, 99% used [0x0000000080000000,0x0000000092e8b088,0x0000000092f00000)
 Metaspace       used 73977K, committed 75520K, reserved 1179648K
  class space    used 8972K, committed 9664K, reserved 1048576K
}
Event: 89.554 GC heap before
{Heap before GC invocations=334 (full 3):
 PSYoungGen      total 6144K, used 6006K [0x00000000d5580000, 0x00000000d5d00000, 0x0000000100000000)
  eden space 5632K, 100% used [0x00000000d5580000,0x00000000d5b00000,0x00000000d5b00000)
  from space 512K, 73% used [0x00000000d5c80000,0x00000000d5cdd808,0x00000000d5d00000)
  to   space 512K, 0% used [0x00000000d5c00000,0x00000000d5c00000,0x00000000d5c80000)
 ParOldGen       total 310272K, used 309804K [0x0000000080000000, 0x0000000092f00000, 0x00000000d5580000)
  object space 310272K, 99% used [0x0000000080000000,0x0000000092e8b088,0x0000000092f00000)
 Metaspace       used 73977K, committed 75520K, reserved 1179648K
  class space    used 8972K, committed 9664K, reserved 1048576K
}
Event: 89.557 GC heap after
{Heap after GC invocations=334 (full 3):
 PSYoungGen      total 6144K, used 320K [0x00000000d5580000, 0x00000000d5d00000, 0x0000000100000000)
  eden space 5632K, 0% used [0x00000000d5580000,0x00000000d5580000,0x00000000d5b00000)
  from space 512K, 62% used [0x00000000d5c00000,0x00000000d5c50000,0x00000000d5c80000)
  to   space 512K, 0% used [0x00000000d5c80000,0x00000000d5c80000,0x00000000d5d00000)
 ParOldGen       total 310272K, used 310106K [0x0000000080000000, 0x0000000092f00000, 0x00000000d5580000)
  object space 310272K, 99% used [0x0000000080000000,0x0000000092ed6890,0x0000000092f00000)
 Metaspace       used 73977K, committed 75520K, reserved 1179648K
  class space    used 8972K, committed 9664K, reserved 1048576K
}
Event: 89.596 GC heap before
{Heap before GC invocations=335 (full 3):
 PSYoungGen      total 6144K, used 5952K [0x00000000d5580000, 0x00000000d5d00000, 0x0000000100000000)
  eden space 5632K, 100% used [0x00000000d5580000,0x00000000d5b00000,0x00000000d5b00000)
  from space 512K, 62% used [0x00000000d5c00000,0x00000000d5c50000,0x00000000d5c80000)
  to   space 512K, 0% used [0x00000000d5c80000,0x00000000d5c80000,0x00000000d5d00000)
 ParOldGen       total 310272K, used 310106K [0x0000000080000000, 0x0000000092f00000, 0x00000000d5580000)
  object space 310272K, 99% used [0x0000000080000000,0x0000000092ed6890,0x0000000092f00000)
 Metaspace       used 73977K, committed 75520K, reserved 1179648K
  class space    used 8972K, committed 9664K, reserved 1048576K
}
Event: 89.598 GC heap after
{Heap after GC invocations=335 (full 3):
 PSYoungGen      total 6144K, used 352K [0x00000000d5580000, 0x00000000d5d00000, 0x0000000100000000)
  eden space 5632K, 0% used [0x00000000d5580000,0x00000000d5580000,0x00000000d5b00000)
  from space 512K, 68% used [0x00000000d5c80000,0x00000000d5cd8000,0x00000000d5d00000)
  to   space 512K, 0% used [0x00000000d5c00000,0x00000000d5c00000,0x00000000d5c80000)
 ParOldGen       total 310784K, used 310306K [0x0000000080000000, 0x0000000092f80000, 0x00000000d5580000)
  object space 310784K, 99% used [0x0000000080000000,0x0000000092f08890,0x0000000092f80000)
 Metaspace       used 73977K, committed 75520K, reserved 1179648K
  class space    used 8972K, committed 9664K, reserved 1048576K
}
Event: 89.680 GC heap before
{Heap before GC invocations=336 (full 3):
 PSYoungGen      total 6144K, used 5984K [0x00000000d5580000, 0x00000000d5d00000, 0x0000000100000000)
  eden space 5632K, 100% used [0x00000000d5580000,0x00000000d5b00000,0x00000000d5b00000)
  from space 512K, 68% used [0x00000000d5c80000,0x00000000d5cd8000,0x00000000d5d00000)
  to   space 512K, 0% used [0x00000000d5c00000,0x00000000d5c00000,0x00000000d5c80000)
 ParOldGen       total 310784K, used 310306K [0x0000000080000000, 0x0000000092f80000, 0x00000000d5580000)
  object space 310784K, 99% used [0x0000000080000000,0x0000000092f08890,0x0000000092f80000)
 Metaspace       used 73977K, committed 75520K, reserved 1179648K
  class space    used 8972K, committed 9664K, reserved 1048576K
}
Event: 89.682 GC heap after
{Heap after GC invocations=336 (full 3):
 PSYoungGen      total 6144K, used 512K [0x00000000d5580000, 0x00000000d5d00000, 0x0000000100000000)
  eden space 5632K, 0% used [0x00000000d5580000,0x00000000d5580000,0x00000000d5b00000)
  from space 512K, 100% used [0x00000000d5c00000,0x00000000d5c80000,0x00000000d5c80000)
  to   space 512K, 0% used [0x00000000d5c80000,0x00000000d5c80000,0x00000000d5d00000)
 ParOldGen       total 310784K, used 310586K [0x0000000080000000, 0x0000000092f80000, 0x00000000d5580000)
  object space 310784K, 99% used [0x0000000080000000,0x0000000092f4e890,0x0000000092f80000)
 Metaspace       used 73977K, committed 75520K, reserved 1179648K
  class space    used 8972K, committed 9664K, reserved 1048576K
}
Event: 89.921 GC heap before
{Heap before GC invocations=337 (full 3):
 PSYoungGen      total 6144K, used 6144K [0x00000000d5580000, 0x00000000d5d00000, 0x0000000100000000)
  eden space 5632K, 100% used [0x00000000d5580000,0x00000000d5b00000,0x00000000d5b00000)
  from space 512K, 100% used [0x00000000d5c00000,0x00000000d5c80000,0x00000000d5c80000)
  to   space 512K, 0% used [0x00000000d5c80000,0x00000000d5c80000,0x00000000d5d00000)
 ParOldGen       total 310784K, used 310586K [0x0000000080000000, 0x0000000092f80000, 0x00000000d5580000)
  object space 310784K, 99% used [0x0000000080000000,0x0000000092f4e890,0x0000000092f80000)
 Metaspace       used 73978K, committed 75520K, reserved 1179648K
  class space    used 8972K, committed 9664K, reserved 1048576K
}
Event: 89.925 GC heap after
{Heap after GC invocations=337 (full 3):
 PSYoungGen      total 6144K, used 509K [0x00000000d5580000, 0x00000000d5e00000, 0x0000000100000000)
  eden space 5632K, 0% used [0x00000000d5580000,0x00000000d5580000,0x00000000d5b00000)
  from space 512K, 99% used [0x00000000d5c80000,0x00000000d5cff6a8,0x00000000d5d00000)
  to   space 1536K, 0% used [0x00000000d5b00000,0x00000000d5b00000,0x00000000d5c80000)
 ParOldGen       total 311296K, used 311074K [0x0000000080000000, 0x0000000093000000, 0x00000000d5580000)
  object space 311296K, 99% used [0x0000000080000000,0x0000000092fc8890,0x0000000093000000)
 Metaspace       used 73978K, committed 75520K, reserved 1179648K
  class space    used 8972K, committed 9664K, reserved 1048576K
}
Event: 89.992 GC heap before
{Heap before GC invocations=338 (full 3):
 PSYoungGen      total 6144K, used 6141K [0x00000000d5580000, 0x00000000d5e00000, 0x0000000100000000)
  eden space 5632K, 100% used [0x00000000d5580000,0x00000000d5b00000,0x00000000d5b00000)
  from space 512K, 99% used [0x00000000d5c80000,0x00000000d5cff6a8,0x00000000d5d00000)
  to   space 1536K, 0% used [0x00000000d5b00000,0x00000000d5b00000,0x00000000d5c80000)
 ParOldGen       total 311296K, used 311074K [0x0000000080000000, 0x0000000093000000, 0x00000000d5580000)
  object space 311296K, 99% used [0x0000000080000000,0x0000000092fc8890,0x0000000093000000)
 Metaspace       used 73978K, committed 75520K, reserved 1179648K
  class space    used 8972K, committed 9664K, reserved 1048576K
}
Event: 89.997 GC heap after
{Heap after GC invocations=338 (full 3):
 PSYoungGen      total 6656K, used 827K [0x00000000d5580000, 0x00000000d5d00000, 0x0000000100000000)
  eden space 5632K, 0% used [0x00000000d5580000,0x00000000d5580000,0x00000000d5b00000)
  from space 1024K, 80% used [0x00000000d5b00000,0x00000000d5bcec08,0x00000000d5c00000)
  to   space 1024K, 0% used [0x00000000d5c00000,0x00000000d5c00000,0x00000000d5d00000)
 ParOldGen       total 311808K, used 311531K [0x0000000080000000, 0x0000000093080000, 0x00000000d5580000)
  object space 311808K, 99% used [0x0000000080000000,0x000000009303ace8,0x0000000093080000)
 Metaspace       used 73978K, committed 75520K, reserved 1179648K
  class space    used 8972K, committed 9664K, reserved 1048576K
}

