# JRE version: OpenJDK Runtime Environment Temurin-17.0.20.1+1 (17.0.20.1+1) (build 17.0.20.1+1)
# Java VM: OpenJDK 64-Bit Server VM Temurin-17.0.20.1+1 (17.0.20.1+1, mixed mode, sharing, tiered, compressed oops, compressed class ptrs, g1 gc, windows-amd64)
GC Precious Log:
 CPUs: 4 total, 4 available
 Memory: 4005M
 Large Page Support: Disabled
 NUMA Support: Disabled
 Compressed Oops: Enabled (32-bit)
 Heap Region Size: 1M
 Heap Min Capacity: 8M
 Heap Initial Capacity: 64M
 Heap Max Capacity: 1002M
 Pre-touch: Disabled
 Parallel Workers: 4
 Concurrent Workers: 1
 Concurrent Refinement Workers: 4
 Periodic GC: Disabled
Heap:
 garbage-first heap   total 106496K, used 55833K [0x00000000c1600000, 0x0000000100000000)
  region size 1024K, 5 young (5120K), 5 survivors (5120K)
 Metaspace       used 66980K, committed 67392K, reserved 1114112K
  class space    used 7988K, committed 8192K, reserved 1048576K
GC Heap History (20 events):
Event: 35.756 GC heap after
{Heap after GC invocations=26 (full 0):
 garbage-first heap   total 55296K, used 34021K [0x00000000c1600000, 0x0000000100000000)
  region size 1024K, 2 young (2048K), 2 survivors (2048K)
 Metaspace       used 65520K, committed 65984K, reserved 1114112K
  class space    used 7909K, committed 8128K, reserved 1048576K
}
Event: 36.617 GC heap before
{Heap before GC invocations=27 (full 0):
 garbage-first heap   total 61440K, used 43237K [0x00000000c1600000, 0x0000000100000000)
  region size 1024K, 11 young (11264K), 2 survivors (2048K)
 Metaspace       used 66158K, committed 66560K, reserved 1114112K
  class space    used 7981K, committed 8192K, reserved 1048576K
}
Event: 36.627 GC heap after
{Heap after GC invocations=28 (full 0):
 garbage-first heap   total 61440K, used 35762K [0x00000000c1600000, 0x0000000100000000)
  region size 1024K, 2 young (2048K), 2 survivors (2048K)
 Metaspace       used 66158K, committed 66560K, reserved 1114112K
  class space    used 7981K, committed 8192K, reserved 1048576K
}
Event: 37.564 GC heap before
{Heap before GC invocations=28 (full 0):
 garbage-first heap   total 61440K, used 47026K [0x00000000c1600000, 0x0000000100000000)
  region size 1024K, 13 young (13312K), 2 survivors (2048K)
 Metaspace       used 66361K, committed 66752K, reserved 1114112K
  class space    used 7982K, committed 8192K, reserved 1048576K
}
Event: 37.574 GC heap after
{Heap after GC invocations=29 (full 0):
 garbage-first heap   total 61440K, used 37125K [0x00000000c1600000, 0x0000000100000000)
  region size 1024K, 2 young (2048K), 2 survivors (2048K)
 Metaspace       used 66361K, committed 66752K, reserved 1114112K
  class space    used 7982K, committed 8192K, reserved 1048576K
}
Event: 38.024 GC heap before
{Heap before GC invocations=30 (full 0):
 garbage-first heap   total 66560K, used 48389K [0x00000000c1600000, 0x0000000100000000)
  region size 1024K, 13 young (13312K), 2 survivors (2048K)
 Metaspace       used 66551K, committed 67008K, reserved 1114112K
  class space    used 7982K, committed 8192K, reserved 1048576K
}
Event: 38.029 GC heap after
{Heap after GC invocations=31 (full 0):
 garbage-first heap   total 66560K, used 38694K [0x00000000c1600000, 0x0000000100000000)
  region size 1024K, 2 young (2048K), 2 survivors (2048K)
 Metaspace       used 66551K, committed 67008K, reserved 1114112K
  class space    used 7982K, committed 8192K, reserved 1048576K
}
Event: 38.213 GC heap before
{Heap before GC invocations=31 (full 0):
 garbage-first heap   total 66560K, used 52006K [0x00000000c1600000, 0x0000000100000000)
  region size 1024K, 15 young (15360K), 2 survivors (2048K)
 Metaspace       used 66584K, committed 67008K, reserved 1114112K
  class space    used 7982K, committed 8192K, reserved 1048576K
}
Event: 38.218 GC heap after
{Heap after GC invocations=32 (full 0):
 garbage-first heap   total 79872K, used 40522K [0x00000000c1600000, 0x0000000100000000)
  region size 1024K, 2 young (2048K), 2 survivors (2048K)
 Metaspace       used 66584K, committed 67008K, reserved 1114112K
  class space    used 7982K, committed 8192K, reserved 1048576K
}
Event: 38.761 GC heap before
{Heap before GC invocations=33 (full 0):
 garbage-first heap   total 79872K, used 62026K [0x00000000c1600000, 0x0000000100000000)
  region size 1024K, 23 young (23552K), 2 survivors (2048K)
 Metaspace       used 66671K, committed 67136K, reserved 1114112K
  class space    used 7986K, committed 8192K, reserved 1048576K
}
Event: 38.770 GC heap after
{Heap after GC invocations=34 (full 0):
 garbage-first heap   total 79872K, used 42903K [0x00000000c1600000, 0x0000000100000000)
  region size 1024K, 3 young (3072K), 3 survivors (3072K)
 Metaspace       used 66671K, committed 67136K, reserved 1114112K
  class space    used 7986K, committed 8192K, reserved 1048576K
}
Event: 39.075 GC heap before
{Heap before GC invocations=34 (full 0):
 garbage-first heap   total 79872K, used 61335K [0x00000000c1600000, 0x0000000100000000)
  region size 1024K, 22 young (22528K), 3 survivors (3072K)
 Metaspace       used 66723K, committed 67136K, reserved 1114112K
  class space    used 7986K, committed 8192K, reserved 1048576K
}
Event: 39.082 GC heap after
{Heap after GC invocations=35 (full 0):
 garbage-first heap   total 79872K, used 45084K [0x00000000c1600000, 0x0000000100000000)
  region size 1024K, 3 young (3072K), 3 survivors (3072K)
 Metaspace       used 66723K, committed 67136K, reserved 1114112K
  class space    used 7986K, committed 8192K, reserved 1048576K
}
Event: 39.401 GC heap before
{Heap before GC invocations=35 (full 0):
 garbage-first heap   total 106496K, used 63516K [0x00000000c1600000, 0x0000000100000000)
  region size 1024K, 21 young (21504K), 3 survivors (3072K)
 Metaspace       used 66726K, committed 67136K, reserved 1114112K
  class space    used 7986K, committed 8192K, reserved 1048576K
}
Event: 39.419 GC heap after
{Heap after GC invocations=36 (full 0):
 garbage-first heap   total 106496K, used 46792K [0x00000000c1600000, 0x0000000100000000)
  region size 1024K, 2 young (2048K), 2 survivors (2048K)
 Metaspace       used 66726K, committed 67136K, reserved 1114112K
  class space    used 7986K, committed 8192K, reserved 1048576K
}
Event: 40.065 GC heap before
{Heap before GC invocations=37 (full 0):
 garbage-first heap   total 106496K, used 82632K [0x00000000c1600000, 0x0000000100000000)
  region size 1024K, 37 young (37888K), 2 survivors (2048K)
 Metaspace       used 66755K, committed 67200K, reserved 1114112K
  class space    used 7986K, committed 8192K, reserved 1048576K
}
Event: 40.080 GC heap after
{Heap after GC invocations=38 (full 0):
 garbage-first heap   total 106496K, used 50285K [0x00000000c1600000, 0x0000000100000000)
  region size 1024K, 5 young (5120K), 5 survivors (5120K)
 Metaspace       used 66755K, committed 67200K, reserved 1114112K
  class space    used 7986K, committed 8192K, reserved 1048576K
}
Event: 40.129 GC heap before
{Heap before GC invocations=38 (full 0):
 garbage-first heap   total 106496K, used 51309K [0x00000000c1600000, 0x0000000100000000)
  region size 1024K, 6 young (6144K), 5 survivors (5120K)
 Metaspace       used 66756K, committed 67200K, reserved 1114112K
  class space    used 7986K, committed 8192K, reserved 1048576K
}
Event: 40.139 GC heap after
{Heap after GC invocations=39 (full 0):
 garbage-first heap   total 106496K, used 50755K [0x00000000c1600000, 0x0000000100000000)
  region size 1024K, 1 young (1024K), 1 survivors (1024K)
 Metaspace       used 66756K, committed 67200K, reserved 1114112K
  class space    used 7986K, committed 8192K, reserved 1048576K
}
Event: 41.777 GC heap before
{Heap before GC invocations=39 (full 0):
 garbage-first heap   total 106496K, used 83523K [0x00000000c1600000, 0x0000000100000000)
  region size 1024K, 33 young (33792K), 1 survivors (1024K)
 Metaspace       used 66980K, committed 67392K, reserved 1114112K
  class space    used 7988K, committed 8192K, reserved 1048576K
}

