# JRE version: OpenJDK Runtime Environment Temurin-17.0.20.1+1 (17.0.20.1+1) (build 17.0.20.1+1)
# Java VM: OpenJDK 64-Bit Server VM Temurin-17.0.20.1+1 (17.0.20.1+1, mixed mode, sharing, tiered, compressed oops, compressed class ptrs, g1 gc, windows-amd64)
GC Precious Log:
 CPUs: 4 total, 4 available
 Memory: 4005M
 Large Page Support: Disabled
 NUMA Support: Disabled
 Compressed Oops: Enabled (32-bit)
 Heap Region Size: 1M
 Heap Min Capacity: 8M
 Heap Initial Capacity: 64M
 Heap Max Capacity: 1002M
 Pre-touch: Disabled
 Parallel Workers: 4
 Concurrent Workers: 1
 Concurrent Refinement Workers: 4
 Periodic GC: Disabled
Heap:
 garbage-first heap   total 138240K, used 111248K [0x00000000c1600000, 0x0000000100000000)
  region size 1024K, 28 young (28672K), 5 survivors (5120K)
 Metaspace       used 67213K, committed 67648K, reserved 1114112K
  class space    used 7992K, committed 8192K, reserved 1048576K
GC Heap History (20 events):
Event: 62.441 GC heap before
{Heap before GC invocations=40 (full 0):
 garbage-first heap   total 80896K, used 64835K [0x00000000c1600000, 0x0000000100000000)
  region size 1024K, 21 young (21504K), 3 survivors (3072K)
 Metaspace       used 66838K, committed 67264K, reserved 1114112K
  class space    used 7988K, committed 8192K, reserved 1048576K
}
Event: 62.451 GC heap after
{Heap after GC invocations=41 (full 0):
 garbage-first heap   total 80896K, used 47551K [0x00000000c1600000, 0x0000000100000000)
  region size 1024K, 2 young (2048K), 2 survivors (2048K)
 Metaspace       used 66838K, committed 67264K, reserved 1114112K
  class space    used 7988K, committed 8192K, reserved 1048576K
}
Event: 63.712 GC heap before
{Heap before GC invocations=42 (full 0):
 garbage-first heap   total 87040K, used 65983K [0x00000000c1600000, 0x0000000100000000)
  region size 1024K, 20 young (20480K), 2 survivors (2048K)
 Metaspace       used 66846K, committed 67264K, reserved 1114112K
  class space    used 7988K, committed 8192K, reserved 1048576K
}
Event: 63.718 GC heap after
{Heap after GC invocations=43 (full 0):
 garbage-first heap   total 87040K, used 49477K [0x00000000c1600000, 0x0000000100000000)
  region size 1024K, 3 young (3072K), 3 survivors (3072K)
 Metaspace       used 66846K, committed 67264K, reserved 1114112K
  class space    used 7988K, committed 8192K, reserved 1048576K
}
Event: 65.179 GC heap before
{Heap before GC invocations=43 (full 0):
 garbage-first heap   total 87040K, used 69957K [0x00000000c1600000, 0x0000000100000000)
  region size 1024K, 23 young (23552K), 3 survivors (3072K)
 Metaspace       used 66900K, committed 67328K, reserved 1114112K
  class space    used 7989K, committed 8192K, reserved 1048576K
}
Event: 65.201 GC heap after
{Heap after GC invocations=44 (full 0):
 garbage-first heap   total 87040K, used 52235K [0x00000000c1600000, 0x0000000100000000)
  region size 1024K, 3 young (3072K), 3 survivors (3072K)
 Metaspace       used 66900K, committed 67328K, reserved 1114112K
  class space    used 7989K, committed 8192K, reserved 1048576K
}
Event: 65.767 GC heap before
{Heap before GC invocations=45 (full 0):
 garbage-first heap   total 99328K, used 68619K [0x00000000c1600000, 0x0000000100000000)
  region size 1024K, 20 young (20480K), 3 survivors (3072K)
 Metaspace       used 66986K, committed 67392K, reserved 1114112K
  class space    used 7989K, committed 8192K, reserved 1048576K
}
Event: 65.787 GC heap after
{Heap after GC invocations=46 (full 0):
 garbage-first heap   total 99328K, used 55640K [0x00000000c1600000, 0x0000000100000000)
  region size 1024K, 3 young (3072K), 3 survivors (3072K)
 Metaspace       used 66986K, committed 67392K, reserved 1114112K
  class space    used 7989K, committed 8192K, reserved 1048576K
}
Event: 65.806 GC heap before
{Heap before GC invocations=46 (full 0):
 garbage-first heap   total 99328K, used 56664K [0x00000000c1600000, 0x0000000100000000)
  region size 1024K, 4 young (4096K), 3 survivors (3072K)
 Metaspace       used 66991K, committed 67392K, reserved 1114112K
  class space    used 7989K, committed 8192K, reserved 1048576K
}
Event: 65.829 GC heap after
{Heap after GC invocations=47 (full 0):
 garbage-first heap   total 138240K, used 56003K [0x00000000c1600000, 0x0000000100000000)
  region size 1024K, 1 young (1024K), 1 survivors (1024K)
 Metaspace       used 66991K, committed 67392K, reserved 1114112K
  class space    used 7989K, committed 8192K, reserved 1048576K
}
Event: 68.654 GC heap before
{Heap before GC invocations=47 (full 0):
 garbage-first heap   total 138240K, used 106179K [0x00000000c1600000, 0x0000000100000000)
  region size 1024K, 50 young (51200K), 1 survivors (1024K)
 Metaspace       used 67130K, committed 67520K, reserved 1114112K
  class space    used 7991K, committed 8192K, reserved 1048576K
}
Event: 68.674 GC heap after
{Heap after GC invocations=48 (full 0):
 garbage-first heap   total 138240K, used 63076K [0x00000000c1600000, 0x0000000100000000)
  region size 1024K, 7 young (7168K), 7 survivors (7168K)
 Metaspace       used 67130K, committed 67520K, reserved 1114112K
  class space    used 7991K, committed 8192K, reserved 1048576K
}
Event: 70.044 GC heap before
{Heap before GC invocations=48 (full 0):
 garbage-first heap   total 138240K, used 103012K [0x00000000c1600000, 0x0000000100000000)
  region size 1024K, 46 young (47104K), 7 survivors (7168K)
 Metaspace       used 67156K, committed 67520K, reserved 1114112K
  class space    used 7991K, committed 8192K, reserved 1048576K
}
Event: 70.079 GC heap after
{Heap after GC invocations=49 (full 0):
 garbage-first heap   total 138240K, used 70268K [0x00000000c1600000, 0x0000000100000000)
  region size 1024K, 6 young (6144K), 6 survivors (6144K)
 Metaspace       used 67156K, committed 67520K, reserved 1114112K
  class space    used 7991K, committed 8192K, reserved 1048576K
}
Event: 72.062 GC heap before
{Heap before GC invocations=49 (full 0):
 garbage-first heap   total 138240K, used 106108K [0x00000000c1600000, 0x0000000100000000)
  region size 1024K, 41 young (41984K), 6 survivors (6144K)
 Metaspace       used 67172K, committed 67584K, reserved 1114112K
  class space    used 7991K, committed 8192K, reserved 1048576K
}
Event: 72.082 GC heap after
{Heap after GC invocations=50 (full 0):
 garbage-first heap   total 138240K, used 76701K [0x00000000c1600000, 0x0000000100000000)
  region size 1024K, 6 young (6144K), 6 survivors (6144K)
 Metaspace       used 67172K, committed 67584K, reserved 1114112K
  class space    used 7991K, committed 8192K, reserved 1048576K
}
Event: 73.074 GC heap before
{Heap before GC invocations=50 (full 0):
 garbage-first heap   total 138240K, used 109469K [0x00000000c1600000, 0x0000000100000000)
  region size 1024K, 38 young (38912K), 6 survivors (6144K)
 Metaspace       used 67189K, committed 67584K, reserved 1114112K
  class space    used 7992K, committed 8192K, reserved 1048576K
}
Event: 73.094 GC heap after
{Heap after GC invocations=51 (full 0):
 garbage-first heap   total 138240K, used 82944K [0x00000000c1600000, 0x0000000100000000)
  region size 1024K, 5 young (5120K), 5 survivors (5120K)
 Metaspace       used 67189K, committed 67584K, reserved 1114112K
  class space    used 7992K, committed 8192K, reserved 1048576K
}
Event: 73.650 GC heap before
{Heap before GC invocations=51 (full 0):
 garbage-first heap   total 138240K, used 111616K [0x00000000c1600000, 0x0000000100000000)
  region size 1024K, 33 young (33792K), 5 survivors (5120K)
 Metaspace       used 67209K, committed 67648K, reserved 1114112K
  class space    used 7992K, committed 8192K, reserved 1048576K
}
Event: 73.670 GC heap after
{Heap after GC invocations=52 (full 0):
 garbage-first heap   total 138240K, used 88720K [0x00000000c1600000, 0x0000000100000000)
  region size 1024K, 5 young (5120K), 5 survivors (5120K)
 Metaspace       used 67209K, committed 67648K, reserved 1114112K
  class space    used 7992K, committed 8192K, reserved 1048576K
}

