# JRE version: OpenJDK Runtime Environment Temurin-21.0.12.1+1 (21.0.12.1+1) (build 21.0.12.1+1-LTS)
# Java VM: OpenJDK 64-Bit Server VM Temurin-21.0.12.1+1 (21.0.12.1+1-LTS, mixed mode, sharing, tiered, compressed oops, compressed class ptrs, parallel gc, windows-amd64)
GC Precious Log:
 CardTable entry size: 512
 CPUs: 4 total, 4 available
 Memory: 4005M
 Large Page Support: Disabled
 NUMA Support: Disabled
 Compressed Oops: Enabled (32-bit)
 Alignments: Space 512K, Generation 512K, Heap 2M
 Heap Min Capacity: 100M
 Heap Initial Capacity: 100M
 Heap Max Capacity: 2G
 Pre-touch: Disabled
 Parallel Workers: 4
Heap:
 PSYoungGen      total 15360K, used 10306K [0x00000000d5580000, 0x00000000d6680000, 0x0000000100000000)
  eden space 14848K, 66% used [0x00000000d5580000,0x00000000d5f20a18,0x00000000d6400000)
  from space 512K, 87% used [0x00000000d6580000,0x00000000d65f0000,0x00000000d6600000)
  to   space 512K, 0% used [0x00000000d6600000,0x00000000d6600000,0x00000000d6680000)
 ParOldGen       total 119808K, used 119296K [0x0000000080000000, 0x0000000087500000, 0x00000000d5580000)
  object space 119808K, 99% used [0x0000000080000000,0x00000000874802d0,0x0000000087500000)
 Metaspace       used 61329K, committed 62784K, reserved 1114112K
  class space    used 7112K, committed 7744K, reserved 1048576K
GC Heap History (20 events):
Event: 154.019 GC heap before
{Heap before GC invocations=165 (full 3):
 PSYoungGen      total 15872K, used 15535K [0x00000000d5580000, 0x00000000d6880000, 0x0000000100000000)
  eden space 15360K, 100% used [0x00000000d5580000,0x00000000d6480000,0x00000000d6480000)
  from space 512K, 34% used [0x00000000d6780000,0x00000000d67abe10,0x00000000d6800000)
  to   space 512K, 0% used [0x00000000d6800000,0x00000000d6800000,0x00000000d6880000)
 ParOldGen       total 113152K, used 112930K [0x0000000080000000, 0x0000000086e80000, 0x00000000d5580000)
  object space 113152K, 99% used [0x0000000080000000,0x0000000086e48800,0x0000000086e80000)
 Metaspace       used 60760K, committed 62208K, reserved 1114112K
  class space    used 7072K, committed 7680K, reserved 1048576K
}
Event: 154.021 GC heap after
{Heap after GC invocations=165 (full 3):
 PSYoungGen      total 15872K, used 160K [0x00000000d5580000, 0x00000000d6880000, 0x0000000100000000)
  eden space 15360K, 0% used [0x00000000d5580000,0x00000000d5580000,0x00000000d6480000)
  from space 512K, 31% used [0x00000000d6800000,0x00000000d6828000,0x00000000d6880000)
  to   space 512K, 0% used [0x00000000d6780000,0x00000000d6780000,0x00000000d6800000)
 ParOldGen       total 113152K, used 112978K [0x0000000080000000, 0x0000000086e80000, 0x00000000d5580000)
  object space 113152K, 99% used [0x0000000080000000,0x0000000086e54800,0x0000000086e80000)
 Metaspace       used 60760K, committed 62208K, reserved 1114112K
  class space    used 7072K, committed 7680K, reserved 1048576K
}
Event: 154.239 GC heap before
{Heap before GC invocations=166 (full 3):
 PSYoungGen      total 15872K, used 15519K [0x00000000d5580000, 0x00000000d6880000, 0x0000000100000000)
  eden space 15360K, 99% used [0x00000000d5580000,0x00000000d647fff8,0x00000000d6480000)
  from space 512K, 31% used [0x00000000d6800000,0x00000000d6828000,0x00000000d6880000)
  to   space 512K, 0% used [0x00000000d6780000,0x00000000d6780000,0x00000000d6800000)
 ParOldGen       total 113152K, used 112978K [0x0000000080000000, 0x0000000086e80000, 0x00000000d5580000)
  object space 113152K, 99% used [0x0000000080000000,0x0000000086e54800,0x0000000086e80000)
 Metaspace       used 60849K, committed 62272K, reserved 1114112K
  class space    used 7084K, committed 7680K, reserved 1048576K
}
Event: 154.243 GC heap after
{Heap after GC invocations=166 (full 3):
 PSYoungGen      total 15872K, used 506K [0x00000000d5580000, 0x00000000d6880000, 0x0000000100000000)
  eden space 15360K, 0% used [0x00000000d5580000,0x00000000d5580000,0x00000000d6480000)
  from space 512K, 98% used [0x00000000d6780000,0x00000000d67fe920,0x00000000d6800000)
  to   space 512K, 0% used [0x00000000d6800000,0x00000000d6800000,0x00000000d6880000)
 ParOldGen       total 113152K, used 113098K [0x0000000080000000, 0x0000000086e80000, 0x00000000d5580000)
  object space 113152K, 99% used [0x0000000080000000,0x0000000086e72800,0x0000000086e80000)
 Metaspace       used 60849K, committed 62272K, reserved 1114112K
  class space    used 7084K, committed 7680K, reserved 1048576K
}
Event: 154.844 GC heap before
{Heap before GC invocations=167 (full 3):
 PSYoungGen      total 15872K, used 15866K [0x00000000d5580000, 0x00000000d6880000, 0x0000000100000000)
  eden space 15360K, 100% used [0x00000000d5580000,0x00000000d6480000,0x00000000d6480000)
  from space 512K, 98% used [0x00000000d6780000,0x00000000d67fe920,0x00000000d6800000)
  to   space 512K, 0% used [0x00000000d6800000,0x00000000d6800000,0x00000000d6880000)
 ParOldGen       total 113152K, used 113098K [0x0000000080000000, 0x0000000086e80000, 0x00000000d5580000)
  object space 113152K, 99% used [0x0000000080000000,0x0000000086e72890,0x0000000086e80000)
 Metaspace       used 60889K, committed 62272K, reserved 1114112K
  class space    used 7085K, committed 7680K, reserved 1048576K
}
Event: 154.846 GC heap after
{Heap after GC invocations=167 (full 3):
 PSYoungGen      total 15872K, used 512K [0x00000000d5580000, 0x00000000d6880000, 0x0000000100000000)
  eden space 15360K, 0% used [0x00000000d5580000,0x00000000d5580000,0x00000000d6480000)
  from space 512K, 100% used [0x00000000d6800000,0x00000000d6880000,0x00000000d6880000)
  to   space 1024K, 0% used [0x00000000d6680000,0x00000000d6680000,0x00000000d6780000)
 ParOldGen       total 113664K, used 113390K [0x0000000080000000, 0x0000000086f00000, 0x00000000d5580000)
  object space 113664K, 99% used [0x0000000080000000,0x0000000086ebbac0,0x0000000086f00000)
 Metaspace       used 60889K, committed 62272K, reserved 1114112K
  class space    used 7085K, committed 7680K, reserved 1048576K
}
Event: 155.575 GC heap before
{Heap before GC invocations=168 (full 3):
 PSYoungGen      total 15872K, used 15872K [0x00000000d5580000, 0x00000000d6880000, 0x0000000100000000)
  eden space 15360K, 100% used [0x00000000d5580000,0x00000000d6480000,0x00000000d6480000)
  from space 512K, 100% used [0x00000000d6800000,0x00000000d6880000,0x00000000d6880000)
  to   space 1024K, 0% used [0x00000000d6680000,0x00000000d6680000,0x00000000d6780000)
 ParOldGen       total 113664K, used 113405K [0x0000000080000000, 0x0000000086f00000, 0x00000000d5580000)
  object space 113664K, 99% used [0x0000000080000000,0x0000000086ebf740,0x0000000086f00000)
 Metaspace       used 61000K, committed 62336K, reserved 1114112K
  class space    used 7098K, committed 7680K, reserved 1048576K
}
Event: 155.577 GC heap after
{Heap after GC invocations=168 (full 3):
 PSYoungGen      total 16384K, used 352K [0x00000000d5580000, 0x00000000d6880000, 0x0000000100000000)
  eden space 15360K, 0% used [0x00000000d5580000,0x00000000d5580000,0x00000000d6480000)
  from space 1024K, 34% used [0x00000000d6680000,0x00000000d66d8000,0x00000000d6780000)
  to   space 1024K, 0% used [0x00000000d6780000,0x00000000d6780000,0x00000000d6880000)
 ParOldGen       total 114176K, used 113741K [0x0000000080000000, 0x0000000086f80000, 0x00000000d5580000)
  object space 114176K, 99% used [0x0000000080000000,0x0000000086f13750,0x0000000086f80000)
 Metaspace       used 61000K, committed 62336K, reserved 1114112K
  class space    used 7098K, committed 7680K, reserved 1048576K
}
Event: 157.692 GC heap before
{Heap before GC invocations=169 (full 3):
 PSYoungGen      total 16384K, used 15711K [0x00000000d5580000, 0x00000000d6880000, 0x0000000100000000)
  eden space 15360K, 99% used [0x00000000d5580000,0x00000000d647ff90,0x00000000d6480000)
  from space 1024K, 34% used [0x00000000d6680000,0x00000000d66d8000,0x00000000d6780000)
  to   space 1024K, 0% used [0x00000000d6780000,0x00000000d6780000,0x00000000d6880000)
 ParOldGen       total 114176K, used 113741K [0x0000000080000000, 0x0000000086f80000, 0x00000000d5580000)
  object space 114176K, 99% used [0x0000000080000000,0x0000000086f13750,0x0000000086f80000)
 Metaspace       used 61142K, committed 62528K, reserved 1114112K
  class space    used 7103K, committed 7680K, reserved 1048576K
}
Event: 157.697 GC heap after
{Heap after GC invocations=169 (full 3):
 PSYoungGen      total 15872K, used 993K [0x00000000d5580000, 0x00000000d6b80000, 0x0000000100000000)
  eden space 14848K, 0% used [0x00000000d5580000,0x00000000d5580000,0x00000000d6400000)
  from space 1024K, 96% used [0x00000000d6780000,0x00000000d6878480,0x00000000d6880000)
  to   space 3584K, 0% used [0x00000000d6400000,0x00000000d6400000,0x00000000d6780000)
 ParOldGen       total 115712K, used 115691K [0x0000000080000000, 0x0000000087100000, 0x00000000d5580000)
  object space 115712K, 99% used [0x0000000080000000,0x00000000870fac50,0x0000000087100000)
 Metaspace       used 61142K, committed 62528K, reserved 1114112K
  class space    used 7103K, committed 7680K, reserved 1048576K
}
Event: 160.225 GC heap before
{Heap before GC invocations=170 (full 3):
 PSYoungGen      total 15872K, used 15841K [0x00000000d5580000, 0x00000000d6b80000, 0x0000000100000000)
  eden space 14848K, 100% used [0x00000000d5580000,0x00000000d6400000,0x00000000d6400000)
  from space 1024K, 96% used [0x00000000d6780000,0x00000000d6878480,0x00000000d6880000)
  to   space 3584K, 0% used [0x00000000d6400000,0x00000000d6400000,0x00000000d6780000)
 ParOldGen       total 115712K, used 115691K [0x0000000080000000, 0x0000000087100000, 0x00000000d5580000)
  object space 115712K, 99% used [0x0000000080000000,0x00000000870fac50,0x0000000087100000)
 Metaspace       used 61224K, committed 62656K, reserved 1114112K
  class space    used 7110K, committed 7680K, reserved 1048576K
}
Event: 160.239 GC heap after
{Heap after GC invocations=170 (full 3):
 PSYoungGen      total 16896K, used 1920K [0x00000000d5580000, 0x00000000d6900000, 0x0000000100000000)
  eden space 14848K, 0% used [0x00000000d5580000,0x00000000d5580000,0x00000000d6400000)
  from space 2048K, 93% used [0x00000000d6400000,0x00000000d65e0000,0x00000000d6600000)
  to   space 2560K, 0% used [0x00000000d6680000,0x00000000d6680000,0x00000000d6900000)
 ParOldGen       total 116736K, used 116524K [0x0000000080000000, 0x0000000087200000, 0x00000000d5580000)
  object space 116736K, 99% used [0x0000000080000000,0x00000000871cb1c0,0x0000000087200000)
 Metaspace       used 61224K, committed 62656K, reserved 1114112K
  class space    used 7110K, committed 7680K, reserved 1048576K
}
Event: 161.810 GC heap before
{Heap before GC invocations=171 (full 3):
 PSYoungGen      total 16896K, used 16760K [0x00000000d5580000, 0x00000000d6900000, 0x0000000100000000)
  eden space 14848K, 99% used [0x00000000d5580000,0x00000000d63fe3b0,0x00000000d6400000)
  from space 2048K, 93% used [0x00000000d6400000,0x00000000d65e0000,0x00000000d6600000)
  to   space 2560K, 0% used [0x00000000d6680000,0x00000000d6680000,0x00000000d6900000)
 ParOldGen       total 116736K, used 116524K [0x0000000080000000, 0x0000000087200000, 0x00000000d5580000)
  object space 116736K, 99% used [0x0000000080000000,0x00000000871cb1c0,0x0000000087200000)
 Metaspace       used 61268K, committed 62656K, reserved 1114112K
  class space    used 7110K, committed 7680K, reserved 1048576K
}
Event: 161.815 GC heap after
{Heap after GC invocations=171 (full 3):
 PSYoungGen      total 15360K, used 512K [0x00000000d5580000, 0x00000000d6700000, 0x0000000100000000)
  eden space 14848K, 0% used [0x00000000d5580000,0x00000000d5580000,0x00000000d6400000)
  from space 512K, 100% used [0x00000000d6680000,0x00000000d6700000,0x00000000d6700000)
  to   space 1536K, 0% used [0x00000000d6400000,0x00000000d6400000,0x00000000d6580000)
 ParOldGen       total 118784K, used 118316K [0x0000000080000000, 0x0000000087400000, 0x00000000d5580000)
  object space 118784K, 99% used [0x0000000080000000,0x000000008738b1d0,0x0000000087400000)
 Metaspace       used 61268K, committed 62656K, reserved 1114112K
  class space    used 7110K, committed 7680K, reserved 1048576K
}
Event: 162.448 GC heap before
{Heap before GC invocations=172 (full 3):
 PSYoungGen      total 15360K, used 15360K [0x00000000d5580000, 0x00000000d6700000, 0x0000000100000000)
  eden space 14848K, 100% used [0x00000000d5580000,0x00000000d6400000,0x00000000d6400000)
  from space 512K, 100% used [0x00000000d6680000,0x00000000d6700000,0x00000000d6700000)
  to   space 1536K, 0% used [0x00000000d6400000,0x00000000d6400000,0x00000000d6580000)
 ParOldGen       total 118784K, used 118316K [0x0000000080000000, 0x0000000087400000, 0x00000000d5580000)
  object space 118784K, 99% used [0x0000000080000000,0x000000008738b1d0,0x0000000087400000)
 Metaspace       used 61276K, committed 62784K, reserved 1114112K
  class space    used 7111K, committed 7744K, reserved 1048576K
}
Event: 162.451 GC heap after
{Heap after GC invocations=172 (full 3):
 PSYoungGen      total 16384K, used 416K [0x00000000d5580000, 0x00000000d6700000, 0x0000000100000000)
  eden space 14848K, 0% used [0x00000000d5580000,0x00000000d5580000,0x00000000d6400000)
  from space 1536K, 27% used [0x00000000d6400000,0x00000000d6468000,0x00000000d6580000)
  to   space 1024K, 0% used [0x00000000d6600000,0x00000000d6600000,0x00000000d6700000)
 ParOldGen       total 118784K, used 118672K [0x0000000080000000, 0x0000000087400000, 0x00000000d5580000)
  object space 118784K, 99% used [0x0000000080000000,0x00000000873e4200,0x0000000087400000)
 Metaspace       used 61276K, committed 62784K, reserved 1114112K
  class space    used 7111K, committed 7744K, reserved 1048576K
}
Event: 164.153 GC heap before
{Heap before GC invocations=173 (full 3):
 PSYoungGen      total 16384K, used 15256K [0x00000000d5580000, 0x00000000d6700000, 0x0000000100000000)
  eden space 14848K, 99% used [0x00000000d5580000,0x00000000d63fe050,0x00000000d6400000)
  from space 1536K, 27% used [0x00000000d6400000,0x00000000d6468000,0x00000000d6580000)
  to   space 1024K, 0% used [0x00000000d6600000,0x00000000d6600000,0x00000000d6700000)
 ParOldGen       total 118784K, used 118672K [0x0000000080000000, 0x0000000087400000, 0x00000000d5580000)
  object space 118784K, 99% used [0x0000000080000000,0x00000000873e4200,0x0000000087400000)
 Metaspace       used 61308K, committed 62784K, reserved 1114112K
  class space    used 7112K, committed 7744K, reserved 1048576K
}
Event: 164.155 GC heap after
{Heap after GC invocations=173 (full 3):
 PSYoungGen      total 15360K, used 464K [0x00000000d5580000, 0x00000000d6680000, 0x0000000100000000)
  eden space 14848K, 0% used [0x00000000d5580000,0x00000000d5580000,0x00000000d6400000)
  from space 512K, 90% used [0x00000000d6600000,0x00000000d6674030,0x00000000d6680000)
  to   space 512K, 0% used [0x00000000d6580000,0x00000000d6580000,0x00000000d6600000)
 ParOldGen       total 119296K, used 118944K [0x0000000080000000, 0x0000000087480000, 0x00000000d5580000)
  object space 119296K, 99% used [0x0000000080000000,0x0000000087428240,0x0000000087480000)
 Metaspace       used 61308K, committed 62784K, reserved 1114112K
  class space    used 7112K, committed 7744K, reserved 1048576K
}
Event: 167.856 GC heap before
{Heap before GC invocations=174 (full 3):
 PSYoungGen      total 15360K, used 15312K [0x00000000d5580000, 0x00000000d6680000, 0x0000000100000000)
  eden space 14848K, 100% used [0x00000000d5580000,0x00000000d6400000,0x00000000d6400000)
  from space 512K, 90% used [0x00000000d6600000,0x00000000d6674030,0x00000000d6680000)
  to   space 512K, 0% used [0x00000000d6580000,0x00000000d6580000,0x00000000d6600000)
 ParOldGen       total 119296K, used 118944K [0x0000000080000000, 0x0000000087480000, 0x00000000d5580000)
  object space 119296K, 99% used [0x0000000080000000,0x0000000087428240,0x0000000087480000)
 Metaspace       used 61323K, committed 62784K, reserved 1114112K
  class space    used 7112K, committed 7744K, reserved 1048576K
}
Event: 167.859 GC heap after
{Heap after GC invocations=174 (full 3):
 PSYoungGen      total 15360K, used 448K [0x00000000d5580000, 0x00000000d6680000, 0x0000000100000000)
  eden space 14848K, 0% used [0x00000000d5580000,0x00000000d5580000,0x00000000d6400000)
  from space 512K, 87% used [0x00000000d6580000,0x00000000d65f0000,0x00000000d6600000)
  to   space 512K, 0% used [0x00000000d6600000,0x00000000d6600000,0x00000000d6680000)
 ParOldGen       total 119808K, used 119296K [0x0000000080000000, 0x0000000087500000, 0x00000000d5580000)
  object space 119808K, 99% used [0x0000000080000000,0x00000000874802d0,0x0000000087500000)
 Metaspace       used 61323K, committed 62784K, reserved 1114112K
  class space    used 7112K, committed 7744K, reserved 1048576K
}

