# JRE version: OpenJDK Runtime Environment Temurin-21.0.12.1+1 (21.0.12.1+1) (build 21.0.12.1+1-LTS)
# Java VM: OpenJDK 64-Bit Server VM Temurin-21.0.12.1+1 (21.0.12.1+1-LTS, mixed mode, sharing, tiered, compressed oops, compressed class ptrs, parallel gc, windows-amd64)
GC Precious Log:
 CardTable entry size: 512
 CPUs: 4 total, 4 available
 Memory: 4005M
 Large Page Support: Disabled
 NUMA Support: Disabled
 Compressed Oops: Enabled (32-bit)
 Alignments: Space 512K, Generation 512K, Heap 2M
 Heap Min Capacity: 100M
 Heap Initial Capacity: 100M
 Heap Max Capacity: 2G
 Pre-touch: Disabled
 Parallel Workers: 4
Heap:
 PSYoungGen      total 3072K, used 1790K [0x00000000d5580000, 0x00000000d5b00000, 0x0000000100000000)
  eden space 2560K, 64% used [0x00000000d5580000,0x00000000d571f948,0x00000000d5800000)
  from space 512K, 25% used [0x00000000d5a00000,0x00000000d5a20000,0x00000000d5a80000)
  to   space 512K, 0% used [0x00000000d5a80000,0x00000000d5a80000,0x00000000d5b00000)
 ParOldGen       total 101376K, used 93427K [0x0000000080000000, 0x0000000086300000, 0x00000000d5580000)
  object space 101376K, 92% used [0x0000000080000000,0x0000000085b3cec8,0x0000000086300000)
 Metaspace       used 74514K, committed 76032K, reserved 1179648K
  class space    used 8984K, committed 9664K, reserved 1048576K
GC Heap History (20 events):
Event: 138.659 GC heap before
{Heap before GC invocations=1517 (full 5):
 PSYoungGen      total 3072K, used 2720K [0x00000000d5580000, 0x00000000d5b00000, 0x0000000100000000)
  eden space 2560K, 100% used [0x00000000d5580000,0x00000000d5800000,0x00000000d5800000)
  from space 512K, 31% used [0x00000000d5a00000,0x00000000d5a28000,0x00000000d5a80000)
  to   space 512K, 0% used [0x00000000d5a80000,0x00000000d5a80000,0x00000000d5b00000)
 ParOldGen       total 101376K, used 92951K [0x0000000080000000, 0x0000000086300000, 0x00000000d5580000)
  object space 101376K, 91% used [0x0000000080000000,0x0000000085ac5cc8,0x0000000086300000)
 Metaspace       used 74504K, committed 76032K, reserved 1179648K
  class space    used 8984K, committed 9664K, reserved 1048576K
}
Event: 138.660 GC heap after
{Heap after GC invocations=1517 (full 5):
 PSYoungGen      total 3072K, used 128K [0x00000000d5580000, 0x00000000d5b00000, 0x0000000100000000)
  eden space 2560K, 0% used [0x00000000d5580000,0x00000000d5580000,0x00000000d5800000)
  from space 512K, 25% used [0x00000000d5a80000,0x00000000d5aa0000,0x00000000d5b00000)
  to   space 512K, 0% used [0x00000000d5a00000,0x00000000d5a00000,0x00000000d5a80000)
 ParOldGen       total 101376K, used 93007K [0x0000000080000000, 0x0000000086300000, 0x00000000d5580000)
  object space 101376K, 91% used [0x0000000080000000,0x0000000085ad3cc8,0x0000000086300000)
 Metaspace       used 74504K, committed 76032K, reserved 1179648K
  class space    used 8984K, committed 9664K, reserved 1048576K
}
Event: 138.678 GC heap before
{Heap before GC invocations=1518 (full 5):
 PSYoungGen      total 3072K, used 2688K [0x00000000d5580000, 0x00000000d5b00000, 0x0000000100000000)
  eden space 2560K, 100% used [0x00000000d5580000,0x00000000d5800000,0x00000000d5800000)
  from space 512K, 25% used [0x00000000d5a80000,0x00000000d5aa0000,0x00000000d5b00000)
  to   space 512K, 0% used [0x00000000d5a00000,0x00000000d5a00000,0x00000000d5a80000)
 ParOldGen       total 101376K, used 93007K [0x0000000080000000, 0x0000000086300000, 0x00000000d5580000)
  object space 101376K, 91% used [0x0000000080000000,0x0000000085ad3cc8,0x0000000086300000)
 Metaspace       used 74504K, committed 76032K, reserved 1179648K
  class space    used 8984K, committed 9664K, reserved 1048576K
}
Event: 138.679 GC heap after
{Heap after GC invocations=1518 (full 5):
 PSYoungGen      total 3072K, used 128K [0x00000000d5580000, 0x00000000d5b00000, 0x0000000100000000)
  eden space 2560K, 0% used [0x00000000d5580000,0x00000000d5580000,0x00000000d5800000)
  from space 512K, 25% used [0x00000000d5a00000,0x00000000d5a20000,0x00000000d5a80000)
  to   space 512K, 0% used [0x00000000d5a80000,0x00000000d5a80000,0x00000000d5b00000)
 ParOldGen       total 101376K, used 93031K [0x0000000080000000, 0x0000000086300000, 0x00000000d5580000)
  object space 101376K, 91% used [0x0000000080000000,0x0000000085ad9cc8,0x0000000086300000)
 Metaspace       used 74504K, committed 76032K, reserved 1179648K
  class space    used 8984K, committed 9664K, reserved 1048576K
}
Event: 138.721 GC heap before
{Heap before GC invocations=1519 (full 5):
 PSYoungGen      total 3072K, used 2688K [0x00000000d5580000, 0x00000000d5b00000, 0x0000000100000000)
  eden space 2560K, 100% used [0x00000000d5580000,0x00000000d5800000,0x00000000d5800000)
  from space 512K, 25% used [0x00000000d5a00000,0x00000000d5a20000,0x00000000d5a80000)
  to   space 512K, 0% used [0x00000000d5a80000,0x00000000d5a80000,0x00000000d5b00000)
 ParOldGen       total 101376K, used 93031K [0x0000000080000000, 0x0000000086300000, 0x00000000d5580000)
  object space 101376K, 91% used [0x0000000080000000,0x0000000085ad9cc8,0x0000000086300000)
 Metaspace       used 74504K, committed 76032K, reserved 1179648K
  class space    used 8984K, committed 9664K, reserved 1048576K
}
Event: 138.723 GC heap after
{Heap after GC invocations=1519 (full 5):
 PSYoungGen      total 3072K, used 128K [0x00000000d5580000, 0x00000000d5b00000, 0x0000000100000000)
  eden space 2560K, 0% used [0x00000000d5580000,0x00000000d5580000,0x00000000d5800000)
  from space 512K, 25% used [0x00000000d5a80000,0x00000000d5aa0000,0x00000000d5b00000)
  to   space 512K, 0% used [0x00000000d5a00000,0x00000000d5a00000,0x00000000d5a80000)
 ParOldGen       total 101376K, used 93063K [0x0000000080000000, 0x0000000086300000, 0x00000000d5580000)
  object space 101376K, 91% used [0x0000000080000000,0x0000000085ae1cc8,0x0000000086300000)
 Metaspace       used 74504K, committed 76032K, reserved 1179648K
  class space    used 8984K, committed 9664K, reserved 1048576K
}
Event: 138.734 GC heap before
{Heap before GC invocations=1520 (full 5):
 PSYoungGen      total 3072K, used 2688K [0x00000000d5580000, 0x00000000d5b00000, 0x0000000100000000)
  eden space 2560K, 100% used [0x00000000d5580000,0x00000000d5800000,0x00000000d5800000)
  from space 512K, 25% used [0x00000000d5a80000,0x00000000d5aa0000,0x00000000d5b00000)
  to   space 512K, 0% used [0x00000000d5a00000,0x00000000d5a00000,0x00000000d5a80000)
 ParOldGen       total 101376K, used 93063K [0x0000000080000000, 0x0000000086300000, 0x00000000d5580000)
  object space 101376K, 91% used [0x0000000080000000,0x0000000085ae1cc8,0x0000000086300000)
 Metaspace       used 74505K, committed 76032K, reserved 1179648K
  class space    used 8984K, committed 9664K, reserved 1048576K
}
Event: 138.735 GC heap after
{Heap after GC invocations=1520 (full 5):
 PSYoungGen      total 3072K, used 192K [0x00000000d5580000, 0x00000000d5b00000, 0x0000000100000000)
  eden space 2560K, 0% used [0x00000000d5580000,0x00000000d5580000,0x00000000d5800000)
  from space 512K, 37% used [0x00000000d5a00000,0x00000000d5a30000,0x00000000d5a80000)
  to   space 512K, 0% used [0x00000000d5a80000,0x00000000d5a80000,0x00000000d5b00000)
 ParOldGen       total 101376K, used 93079K [0x0000000080000000, 0x0000000086300000, 0x00000000d5580000)
  object space 101376K, 91% used [0x0000000080000000,0x0000000085ae5cc8,0x0000000086300000)
 Metaspace       used 74505K, committed 76032K, reserved 1179648K
  class space    used 8984K, committed 9664K, reserved 1048576K
}
Event: 138.824 GC heap before
{Heap before GC invocations=1521 (full 5):
 PSYoungGen      total 3072K, used 2752K [0x00000000d5580000, 0x00000000d5b00000, 0x0000000100000000)
  eden space 2560K, 100% used [0x00000000d5580000,0x00000000d5800000,0x00000000d5800000)
  from space 512K, 37% used [0x00000000d5a00000,0x00000000d5a30000,0x00000000d5a80000)
  to   space 512K, 0% used [0x00000000d5a80000,0x00000000d5a80000,0x00000000d5b00000)
 ParOldGen       total 101376K, used 93079K [0x0000000080000000, 0x0000000086300000, 0x00000000d5580000)
  object space 101376K, 91% used [0x0000000080000000,0x0000000085ae5cc8,0x0000000086300000)
 Metaspace       used 74505K, committed 76032K, reserved 1179648K
  class space    used 8984K, committed 9664K, reserved 1048576K
}
Event: 138.826 GC heap after
{Heap after GC invocations=1521 (full 5):
 PSYoungGen      total 3072K, used 96K [0x00000000d5580000, 0x00000000d5b00000, 0x0000000100000000)
  eden space 2560K, 0% used [0x00000000d5580000,0x00000000d5580000,0x00000000d5800000)
  from space 512K, 18% used [0x00000000d5a80000,0x00000000d5a98000,0x00000000d5b00000)
  to   space 512K, 0% used [0x00000000d5a00000,0x00000000d5a00000,0x00000000d5a80000)
 ParOldGen       total 101376K, used 93179K [0x0000000080000000, 0x0000000086300000, 0x00000000d5580000)
  object space 101376K, 91% used [0x0000000080000000,0x0000000085afeec8,0x0000000086300000)
 Metaspace       used 74505K, committed 76032K, reserved 1179648K
  class space    used 8984K, committed 9664K, reserved 1048576K
}
Event: 138.882 GC heap before
{Heap before GC invocations=1522 (full 5):
 PSYoungGen      total 3072K, used 2656K [0x00000000d5580000, 0x00000000d5b00000, 0x0000000100000000)
  eden space 2560K, 100% used [0x00000000d5580000,0x00000000d5800000,0x00000000d5800000)
  from space 512K, 18% used [0x00000000d5a80000,0x00000000d5a98000,0x00000000d5b00000)
  to   space 512K, 0% used [0x00000000d5a00000,0x00000000d5a00000,0x00000000d5a80000)
 ParOldGen       total 101376K, used 93179K [0x0000000080000000, 0x0000000086300000, 0x00000000d5580000)
  object space 101376K, 91% used [0x0000000080000000,0x0000000085afeec8,0x0000000086300000)
 Metaspace       used 74510K, committed 76032K, reserved 1179648K
  class space    used 8984K, committed 9664K, reserved 1048576K
}
Event: 138.883 GC heap after
{Heap after GC invocations=1522 (full 5):
 PSYoungGen      total 3072K, used 128K [0x00000000d5580000, 0x00000000d5b00000, 0x0000000100000000)
  eden space 2560K, 0% used [0x00000000d5580000,0x00000000d5580000,0x00000000d5800000)
  from space 512K, 25% used [0x00000000d5a00000,0x00000000d5a20000,0x00000000d5a80000)
  to   space 512K, 0% used [0x00000000d5a80000,0x00000000d5a80000,0x00000000d5b00000)
 ParOldGen       total 101376K, used 93203K [0x0000000080000000, 0x0000000086300000, 0x00000000d5580000)
  object space 101376K, 91% used [0x0000000080000000,0x0000000085b04ec8,0x0000000086300000)
 Metaspace       used 74510K, committed 76032K, reserved 1179648K
  class space    used 8984K, committed 9664K, reserved 1048576K
}
Event: 139.039 GC heap before
{Heap before GC invocations=1523 (full 5):
 PSYoungGen      total 3072K, used 2683K [0x00000000d5580000, 0x00000000d5b00000, 0x0000000100000000)
  eden space 2560K, 99% used [0x00000000d5580000,0x00000000d57fec18,0x00000000d5800000)
  from space 512K, 25% used [0x00000000d5a00000,0x00000000d5a20000,0x00000000d5a80000)
  to   space 512K, 0% used [0x00000000d5a80000,0x00000000d5a80000,0x00000000d5b00000)
 ParOldGen       total 101376K, used 93203K [0x0000000080000000, 0x0000000086300000, 0x00000000d5580000)
  object space 101376K, 91% used [0x0000000080000000,0x0000000085b04ec8,0x0000000086300000)
 Metaspace       used 74511K, committed 76032K, reserved 1179648K
  class space    used 8984K, committed 9664K, reserved 1048576K
}
Event: 139.041 GC heap after
{Heap after GC invocations=1523 (full 5):
 PSYoungGen      total 3072K, used 192K [0x00000000d5580000, 0x00000000d5b00000, 0x0000000100000000)
  eden space 2560K, 0% used [0x00000000d5580000,0x00000000d5580000,0x00000000d5800000)
  from space 512K, 37% used [0x00000000d5a80000,0x00000000d5ab0000,0x00000000d5b00000)
  to   space 512K, 0% used [0x00000000d5a00000,0x00000000d5a00000,0x00000000d5a80000)
 ParOldGen       total 101376K, used 93235K [0x0000000080000000, 0x0000000086300000, 0x00000000d5580000)
  object space 101376K, 91% used [0x0000000080000000,0x0000000085b0cec8,0x0000000086300000)
 Metaspace       used 74511K, committed 76032K, reserved 1179648K
  class space    used 8984K, committed 9664K, reserved 1048576K
}
Event: 139.064 GC heap before
{Heap before GC invocations=1524 (full 5):
 PSYoungGen      total 3072K, used 2752K [0x00000000d5580000, 0x00000000d5b00000, 0x0000000100000000)
  eden space 2560K, 100% used [0x00000000d5580000,0x00000000d5800000,0x00000000d5800000)
  from space 512K, 37% used [0x00000000d5a80000,0x00000000d5ab0000,0x00000000d5b00000)
  to   space 512K, 0% used [0x00000000d5a00000,0x00000000d5a00000,0x00000000d5a80000)
 ParOldGen       total 101376K, used 93235K [0x0000000080000000, 0x0000000086300000, 0x00000000d5580000)
  object space 101376K, 91% used [0x0000000080000000,0x0000000085b0cec8,0x0000000086300000)
 Metaspace       used 74511K, committed 76032K, reserved 1179648K
  class space    used 8984K, committed 9664K, reserved 1048576K
}
Event: 139.065 GC heap after
{Heap after GC invocations=1524 (full 5):
 PSYoungGen      total 3072K, used 96K [0x00000000d5580000, 0x00000000d5b00000, 0x0000000100000000)
  eden space 2560K, 0% used [0x00000000d5580000,0x00000000d5580000,0x00000000d5800000)
  from space 512K, 18% used [0x00000000d5a00000,0x00000000d5a18000,0x00000000d5a80000)
  to   space 512K, 0% used [0x00000000d5a80000,0x00000000d5a80000,0x00000000d5b00000)
 ParOldGen       total 101376K, used 93347K [0x0000000080000000, 0x0000000086300000, 0x00000000d5580000)
  object space 101376K, 92% used [0x0000000080000000,0x0000000085b28ec8,0x0000000086300000)
 Metaspace       used 74511K, committed 76032K, reserved 1179648K
  class space    used 8984K, committed 9664K, reserved 1048576K
}
Event: 139.174 GC heap before
{Heap before GC invocations=1525 (full 5):
 PSYoungGen      total 3072K, used 2656K [0x00000000d5580000, 0x00000000d5b00000, 0x0000000100000000)
  eden space 2560K, 100% used [0x00000000d5580000,0x00000000d5800000,0x00000000d5800000)
  from space 512K, 18% used [0x00000000d5a00000,0x00000000d5a18000,0x00000000d5a80000)
  to   space 512K, 0% used [0x00000000d5a80000,0x00000000d5a80000,0x00000000d5b00000)
 ParOldGen       total 101376K, used 93347K [0x0000000080000000, 0x0000000086300000, 0x00000000d5580000)
  object space 101376K, 92% used [0x0000000080000000,0x0000000085b28ec8,0x0000000086300000)
 Metaspace       used 74511K, committed 76032K, reserved 1179648K
  class space    used 8984K, committed 9664K, reserved 1048576K
}
Event: 139.176 GC heap after
{Heap after GC invocations=1525 (full 5):
 PSYoungGen      total 3072K, used 128K [0x00000000d5580000, 0x00000000d5b00000, 0x0000000100000000)
  eden space 2560K, 0% used [0x00000000d5580000,0x00000000d5580000,0x00000000d5800000)
  from space 512K, 25% used [0x00000000d5a80000,0x00000000d5aa0000,0x00000000d5b00000)
  to   space 512K, 0% used [0x00000000d5a00000,0x00000000d5a00000,0x00000000d5a80000)
 ParOldGen       total 101376K, used 93379K [0x0000000080000000, 0x0000000086300000, 0x00000000d5580000)
  object space 101376K, 92% used [0x0000000080000000,0x0000000085b30ec8,0x0000000086300000)
 Metaspace       used 74511K, committed 76032K, reserved 1179648K
  class space    used 8984K, committed 9664K, reserved 1048576K
}
Event: 139.533 GC heap before
{Heap before GC invocations=1526 (full 5):
 PSYoungGen      total 3072K, used 2688K [0x00000000d5580000, 0x00000000d5b00000, 0x0000000100000000)
  eden space 2560K, 100% used [0x00000000d5580000,0x00000000d5800000,0x00000000d5800000)
  from space 512K, 25% used [0x00000000d5a80000,0x00000000d5aa0000,0x00000000d5b00000)
  to   space 512K, 0% used [0x00000000d5a00000,0x00000000d5a00000,0x00000000d5a80000)
 ParOldGen       total 101376K, used 93379K [0x0000000080000000, 0x0000000086300000, 0x00000000d5580000)
  object space 101376K, 92% used [0x0000000080000000,0x0000000085b30ec8,0x0000000086300000)
 Metaspace       used 74512K, committed 76032K, reserved 1179648K
  class space    used 8984K, committed 9664K, reserved 1048576K
}
Event: 139.535 GC heap after
{Heap after GC invocations=1526 (full 5):
 PSYoungGen      total 3072K, used 128K [0x00000000d5580000, 0x00000000d5b00000, 0x0000000100000000)
  eden space 2560K, 0% used [0x00000000d5580000,0x00000000d5580000,0x00000000d5800000)
  from space 512K, 25% used [0x00000000d5a00000,0x00000000d5a20000,0x00000000d5a80000)
  to   space 512K, 0% used [0x00000000d5a80000,0x00000000d5a80000,0x00000000d5b00000)
 ParOldGen       total 101376K, used 93427K [0x0000000080000000, 0x0000000086300000, 0x00000000d5580000)
  object space 101376K, 92% used [0x0000000080000000,0x0000000085b3cec8,0x0000000086300000)
 Metaspace       used 74512K, committed 76032K, reserved 1179648K
  class space    used 8984K, committed 9664K, reserved 1048576K
}

