# JRE version: OpenJDK Runtime Environment Temurin-17.0.20.1+1 (17.0.20.1+1) (build 17.0.20.1+1)
# Java VM: OpenJDK 64-Bit Server VM Temurin-17.0.20.1+1 (17.0.20.1+1, mixed mode, sharing, tiered, compressed oops, compressed class ptrs, g1 gc, windows-amd64)
GC Precious Log:
 CPUs: 4 total, 4 available
 Memory: 4005M
 Large Page Support: Disabled
 NUMA Support: Disabled
 Compressed Oops: Enabled (32-bit)
 Heap Region Size: 1M
 Heap Min Capacity: 8M
 Heap Initial Capacity: 64M
 Heap Max Capacity: 1002M
 Pre-touch: Disabled
 Parallel Workers: 4
 Concurrent Workers: 1
 Concurrent Refinement Workers: 4
 Periodic GC: Disabled
Heap:
 garbage-first heap   total 65536K, used 25682K [0x00000000c1600000, 0x0000000100000000)
  region size 1024K, 18 young (18432K), 2 survivors (2048K)
 Metaspace       used 19884K, committed 20096K, reserved 1114112K
  class space    used 2218K, committed 2304K, reserved 1048576K
GC Heap History (6 events):
Event: 3.226 GC heap before
{Heap before GC invocations=0 (full 0):
 garbage-first heap   total 65536K, used 16384K [0x00000000c1600000, 0x0000000100000000)
  region size 1024K, 13 young (13312K), 0 survivors (0K)
 Metaspace       used 4507K, committed 4608K, reserved 1114112K
  class space    used 435K, committed 512K, reserved 1048576K
}
Event: 3.263 GC heap after
{Heap after GC invocations=1 (full 0):
 garbage-first heap   total 65536K, used 8162K [0x00000000c1600000, 0x0000000100000000)
  region size 1024K, 2 young (2048K), 2 survivors (2048K)
 Metaspace       used 4507K, committed 4608K, reserved 1114112K
  class space    used 435K, committed 512K, reserved 1048576K
}
Event: 5.195 GC heap before
{Heap before GC invocations=1 (full 0):
 garbage-first heap   total 65536K, used 21474K [0x00000000c1600000, 0x0000000100000000)
  region size 1024K, 15 young (15360K), 2 survivors (2048K)
 Metaspace       used 9423K, committed 9600K, reserved 1114112K
  class space    used 910K, committed 1024K, reserved 1048576K
}
Event: 5.204 GC heap after
{Heap after GC invocations=2 (full 0):
 garbage-first heap   total 65536K, used 9014K [0x00000000c1600000, 0x0000000100000000)
  region size 1024K, 1 young (1024K), 1 survivors (1024K)
 Metaspace       used 9423K, committed 9600K, reserved 1114112K
  class space    used 910K, committed 1024K, reserved 1048576K
}
Event: 7.970 GC heap before
{Heap before GC invocations=2 (full 0):
 garbage-first heap   total 65536K, used 31542K [0x00000000c1600000, 0x0000000100000000)
  region size 1024K, 23 young (23552K), 1 survivors (1024K)
 Metaspace       used 15882K, committed 16128K, reserved 1114112K
  class space    used 1713K, committed 1792K, reserved 1048576K
}
Event: 7.978 GC heap after
{Heap after GC invocations=3 (full 0):
 garbage-first heap   total 65536K, used 10322K [0x00000000c1600000, 0x0000000100000000)
  region size 1024K, 2 young (2048K), 2 survivors (2048K)
 Metaspace       used 15882K, committed 16128K, reserved 1114112K
  class space    used 1713K, committed 1792K, reserved 1048576K
}

