# JRE version: OpenJDK Runtime Environment Temurin-17.0.20.1+1 (17.0.20.1+1) (build 17.0.20.1+1)
# Java VM: OpenJDK 64-Bit Server VM Temurin-17.0.20.1+1 (17.0.20.1+1, mixed mode, sharing, tiered, compressed oops, compressed class ptrs, g1 gc, windows-amd64)
GC Precious Log:
 CPUs: 4 total, 4 available
 Memory: 4005M
 Large Page Support: Disabled
 NUMA Support: Disabled
 Compressed Oops: Enabled (32-bit)
 Heap Region Size: 1M
 Heap Min Capacity: 8M
 Heap Initial Capacity: 64M
 Heap Max Capacity: 1002M
 Pre-touch: Disabled
 Parallel Workers: 4
 Concurrent Workers: 1
 Concurrent Refinement Workers: 4
 Periodic GC: Disabled
Heap:
 garbage-first heap   total 48128K, used 29812K [0x00000000c1600000, 0x0000000100000000)
  region size 1024K, 14 young (14336K), 1 survivors (1024K)
 Metaspace       used 39859K, committed 40192K, reserved 1114112K
  class space    used 5032K, committed 5184K, reserved 1048576K
GC Heap History (16 events):
Event: 7.376 GC heap before
{Heap before GC invocations=0 (full 0):
 garbage-first heap   total 65536K, used 16384K [0x00000000c1600000, 0x0000000100000000)
  region size 1024K, 13 young (13312K), 0 survivors (0K)
 Metaspace       used 4497K, committed 4672K, reserved 1114112K
  class space    used 430K, committed 512K, reserved 1048576K
}
Event: 7.586 GC heap after
{Heap after GC invocations=1 (full 0):
 garbage-first heap   total 65536K, used 8158K [0x00000000c1600000, 0x0000000100000000)
  region size 1024K, 2 young (2048K), 2 survivors (2048K)
 Metaspace       used 4497K, committed 4672K, reserved 1114112K
  class space    used 430K, committed 512K, reserved 1048576K
}
Event: 10.282 GC heap before
{Heap before GC invocations=1 (full 0):
 garbage-first heap   total 65536K, used 20446K [0x00000000c1600000, 0x0000000100000000)
  region size 1024K, 14 young (14336K), 2 survivors (2048K)
 Metaspace       used 8823K, committed 9024K, reserved 1114112K
  class space    used 861K, committed 960K, reserved 1048576K
}
Event: 10.289 GC heap after
{Heap after GC invocations=2 (full 0):
 garbage-first heap   total 65536K, used 9115K [0x00000000c1600000, 0x0000000100000000)
  region size 1024K, 1 young (1024K), 1 survivors (1024K)
 Metaspace       used 8823K, committed 9024K, reserved 1114112K
  class space    used 861K, committed 960K, reserved 1048576K
}
Event: 13.979 GC heap before
{Heap before GC invocations=2 (full 0):
 garbage-first heap   total 65536K, used 30619K [0x00000000c1600000, 0x0000000100000000)
  region size 1024K, 22 young (22528K), 1 survivors (1024K)
 Metaspace       used 15689K, committed 15936K, reserved 1114112K
  class space    used 1690K, committed 1792K, reserved 1048576K
}
Event: 13.986 GC heap after
{Heap after GC invocations=3 (full 0):
 garbage-first heap   total 65536K, used 10185K [0x00000000c1600000, 0x0000000100000000)
  region size 1024K, 2 young (2048K), 2 survivors (2048K)
 Metaspace       used 15689K, committed 15936K, reserved 1114112K
  class space    used 1690K, committed 1792K, reserved 1048576K
}
Event: 17.414 GC heap before
{Heap before GC invocations=3 (full 0):
 garbage-first heap   total 65536K, used 34761K [0x00000000c1600000, 0x0000000100000000)
  region size 1024K, 27 young (27648K), 2 survivors (2048K)
 Metaspace       used 21341K, committed 21504K, reserved 1114112K
  class space    used 2402K, committed 2496K, reserved 1048576K
}
Event: 17.429 GC heap after
{Heap after GC invocations=4 (full 0):
 garbage-first heap   total 65536K, used 12063K [0x00000000c1600000, 0x0000000100000000)
  region size 1024K, 4 young (4096K), 4 survivors (4096K)
 Metaspace       used 21341K, committed 21504K, reserved 1114112K
  class space    used 2402K, committed 2496K, reserved 1048576K
}
Event: 22.054 GC heap before
{Heap before GC invocations=5 (full 0):
 garbage-first heap   total 48128K, used 36639K [0x00000000c1600000, 0x0000000100000000)
  region size 1024K, 28 young (28672K), 4 survivors (4096K)
 Metaspace       used 28101K, committed 28352K, reserved 1114112K
  class space    used 3134K, committed 3264K, reserved 1048576K
}
Event: 22.078 GC heap after
{Heap after GC invocations=6 (full 0):
 garbage-first heap   total 48128K, used 15065K [0x00000000c1600000, 0x0000000100000000)
  region size 1024K, 4 young (4096K), 4 survivors (4096K)
 Metaspace       used 28101K, committed 28352K, reserved 1114112K
  class space    used 3134K, committed 3264K, reserved 1048576K
}
Event: 27.798 GC heap before
{Heap before GC invocations=6 (full 0):
 garbage-first heap   total 48128K, used 32473K [0x00000000c1600000, 0x0000000100000000)
  region size 1024K, 22 young (22528K), 4 survivors (4096K)
 Metaspace       used 32377K, committed 32640K, reserved 1114112K
  class space    used 3667K, committed 3776K, reserved 1048576K
}
Event: 27.814 GC heap after
{Heap after GC invocations=7 (full 0):
 garbage-first heap   total 48128K, used 17738K [0x00000000c1600000, 0x0000000100000000)
  region size 1024K, 3 young (3072K), 3 survivors (3072K)
 Metaspace       used 32377K, committed 32640K, reserved 1114112K
  class space    used 3667K, committed 3776K, reserved 1048576K
}
Event: 30.697 GC heap before
{Heap before GC invocations=7 (full 0):
 garbage-first heap   total 48128K, used 34122K [0x00000000c1600000, 0x0000000100000000)
  region size 1024K, 19 young (19456K), 3 survivors (3072K)
 Metaspace       used 32810K, committed 33088K, reserved 1114112K
  class space    used 3711K, committed 3840K, reserved 1048576K
}
Event: 30.704 GC heap after
{Heap after GC invocations=8 (full 0):
 garbage-first heap   total 48128K, used 18084K [0x00000000c1600000, 0x0000000100000000)
  region size 1024K, 1 young (1024K), 1 survivors (1024K)
 Metaspace       used 32810K, committed 33088K, reserved 1114112K
  class space    used 3711K, committed 3840K, reserved 1048576K
}
Event: 32.244 GC heap before
{Heap before GC invocations=8 (full 0):
 garbage-first heap   total 48128K, used 26276K [0x00000000c1600000, 0x0000000100000000)
  region size 1024K, 11 young (11264K), 1 survivors (1024K)
 Metaspace       used 35738K, committed 35968K, reserved 1114112K
  class space    used 4372K, committed 4480K, reserved 1048576K
}
Event: 32.247 GC heap after
{Heap after GC invocations=9 (full 0):
 garbage-first heap   total 48128K, used 18548K [0x00000000c1600000, 0x0000000100000000)
  region size 1024K, 1 young (1024K), 1 survivors (1024K)
 Metaspace       used 35738K, committed 35968K, reserved 1114112K
  class space    used 4372K, committed 4480K, reserved 1048576K
}

