# JRE version: OpenJDK Runtime Environment Temurin-17.0.20.1+1 (17.0.20.1+1) (build 17.0.20.1+1)
# Java VM: OpenJDK 64-Bit Server VM Temurin-17.0.20.1+1 (17.0.20.1+1, mixed mode, sharing, tiered, compressed oops, compressed class ptrs, g1 gc, windows-amd64)
GC Precious Log:
 CPUs: 4 total, 4 available
 Memory: 4005M
 Large Page Support: Disabled
 NUMA Support: Disabled
 Compressed Oops: Enabled (32-bit)
 Heap Region Size: 1M
 Heap Min Capacity: 256M
 Heap Initial Capacity: 256M
 Heap Max Capacity: 512M
 Pre-touch: Disabled
 Parallel Workers: 4
 Concurrent Workers: 1
 Concurrent Refinement Workers: 4
 Periodic GC: Disabled
Heap:
 garbage-first heap   total 262144K, used 156056K [0x00000000e0000000, 0x0000000100000000)
  region size 1024K, 104 young (106496K), 11 survivors (11264K)
 Metaspace       used 65785K, committed 66496K, reserved 393216K
  class space    used 9175K, committed 9472K, reserved 327680K
GC Heap History (20 events):
Event: 1.288 GC heap before
{Heap before GC invocations=0 (full 0):
 garbage-first heap   total 262144K, used 12288K [0x00000000e0000000, 0x0000000100000000)
  region size 1024K, 13 young (13312K), 0 survivors (0K)
 Metaspace       used 775K, committed 896K, reserved 393216K
  class space    used 61K, committed 128K, reserved 327680K
}
Event: 1.294 GC heap after
{Heap after GC invocations=1 (full 0):
 garbage-first heap   total 262144K, used 1248K [0x00000000e0000000, 0x0000000100000000)
  region size 1024K, 2 young (2048K), 2 survivors (2048K)
 Metaspace       used 775K, committed 896K, reserved 393216K
  class space    used 61K, committed 128K, reserved 327680K
}
Event: 2.686 GC heap before
{Heap before GC invocations=1 (full 0):
 garbage-first heap   total 262144K, used 23776K [0x00000000e0000000, 0x0000000100000000)
  region size 1024K, 21 young (21504K), 2 survivors (2048K)
 Metaspace       used 3374K, committed 3584K, reserved 393216K
  class space    used 434K, committed 576K, reserved 327680K
}
Event: 2.694 GC heap after
{Heap after GC invocations=2 (full 0):
 garbage-first heap   total 262144K, used 11395K [0x00000000e0000000, 0x0000000100000000)
  region size 1024K, 3 young (3072K), 3 survivors (3072K)
 Metaspace       used 3374K, committed 3584K, reserved 393216K
  class space    used 434K, committed 576K, reserved 327680K
}
Event: 6.575 GC heap before
{Heap before GC invocations=2 (full 0):
 garbage-first heap   total 262144K, used 81027K [0x00000000e0000000, 0x0000000100000000)
  region size 1024K, 69 young (70656K), 3 survivors (3072K)
 Metaspace       used 5685K, committed 5888K, reserved 393216K
  class space    used 739K, committed 832K, reserved 327680K
}
Event: 6.592 GC heap after
{Heap after GC invocations=3 (full 0):
 garbage-first heap   total 262144K, used 18092K [0x00000000e0000000, 0x0000000100000000)
  region size 1024K, 9 young (9216K), 9 survivors (9216K)
 Metaspace       used 5685K, committed 5888K, reserved 393216K
  class space    used 739K, committed 832K, reserved 327680K
}
Event: 14.601 GC heap before
{Heap before GC invocations=3 (full 0):
 garbage-first heap   total 262144K, used 115372K [0x00000000e0000000, 0x0000000100000000)
  region size 1024K, 105 young (107520K), 9 survivors (9216K)
 Metaspace       used 21120K, committed 21504K, reserved 393216K
  class space    used 3074K, committed 3264K, reserved 327680K
}
Event: 14.628 GC heap after
{Heap after GC invocations=4 (full 0):
 garbage-first heap   total 262144K, used 24603K [0x00000000e0000000, 0x0000000100000000)
  region size 1024K, 15 young (15360K), 15 survivors (15360K)
 Metaspace       used 21120K, committed 21504K, reserved 393216K
  class space    used 3074K, committed 3264K, reserved 327680K
}
Event: 21.627 GC heap before
{Heap before GC invocations=5 (full 0):
 garbage-first heap   total 262144K, used 113691K [0x00000000e0000000, 0x0000000100000000)
  region size 1024K, 103 young (105472K), 15 survivors (15360K)
 Metaspace       used 33396K, committed 33856K, reserved 393216K
  class space    used 4815K, committed 5056K, reserved 327680K
}
Event: 21.663 GC heap after
{Heap after GC invocations=6 (full 0):
 garbage-first heap   total 262144K, used 30868K [0x00000000e0000000, 0x0000000100000000)
  region size 1024K, 13 young (13312K), 13 survivors (13312K)
 Metaspace       used 33396K, committed 33856K, reserved 393216K
  class space    used 4815K, committed 5056K, reserved 327680K
}
Event: 22.455 GC heap before
{Heap before GC invocations=6 (full 0):
 garbage-first heap   total 262144K, used 41108K [0x00000000e0000000, 0x0000000100000000)
  region size 1024K, 25 young (25600K), 13 survivors (13312K)
 Metaspace       used 35518K, committed 35968K, reserved 393216K
  class space    used 5033K, committed 5248K, reserved 327680K
}
Event: 22.485 GC heap after
{Heap after GC invocations=7 (full 0):
 garbage-first heap   total 262144K, used 33092K [0x00000000e0000000, 0x0000000100000000)
  region size 1024K, 9 young (9216K), 9 survivors (9216K)
 Metaspace       used 35518K, committed 35968K, reserved 393216K
  class space    used 5033K, committed 5248K, reserved 327680K
}
Event: 33.607 GC heap before
{Heap before GC invocations=8 (full 0):
 garbage-first heap   total 262144K, used 186692K [0x00000000e0000000, 0x0000000100000000)
  region size 1024K, 153 young (156672K), 9 survivors (9216K)
 Metaspace       used 47022K, committed 47680K, reserved 393216K
  class space    used 6561K, committed 6912K, reserved 327680K
}
Event: 33.661 GC heap after
{Heap after GC invocations=9 (full 0):
 garbage-first heap   total 262144K, used 40220K [0x00000000e0000000, 0x0000000100000000)
  region size 1024K, 16 young (16384K), 16 survivors (16384K)
 Metaspace       used 47022K, committed 47680K, reserved 393216K
  class space    used 6561K, committed 6912K, reserved 327680K
}
Event: 33.727 GC heap before
{Heap before GC invocations=9 (full 0):
 garbage-first heap   total 262144K, used 41244K [0x00000000e0000000, 0x0000000100000000)
  region size 1024K, 17 young (17408K), 16 survivors (16384K)
 Metaspace       used 47132K, committed 47744K, reserved 393216K
  class space    used 6580K, committed 6912K, reserved 327680K
}
Event: 33.762 GC heap after
{Heap after GC invocations=10 (full 0):
 garbage-first heap   total 262144K, used 41153K [0x00000000e0000000, 0x0000000100000000)
  region size 1024K, 2 young (2048K), 2 survivors (2048K)
 Metaspace       used 47132K, committed 47744K, reserved 393216K
  class space    used 6580K, committed 6912K, reserved 327680K
}
Event: 47.521 GC heap before
{Heap before GC invocations=10 (full 0):
 garbage-first heap   total 262144K, used 203969K [0x00000000e0000000, 0x0000000100000000)
  region size 1024K, 150 young (153600K), 2 survivors (2048K)
 Metaspace       used 58615K, committed 59264K, reserved 393216K
  class space    used 8121K, committed 8448K, reserved 327680K
}
Event: 47.565 GC heap after
{Heap after GC invocations=11 (full 0):
 garbage-first heap   total 262144K, used 61602K [0x00000000e0000000, 0x0000000100000000)
  region size 1024K, 10 young (10240K), 10 survivors (10240K)
 Metaspace       used 58615K, committed 59264K, reserved 393216K
  class space    used 8121K, committed 8448K, reserved 327680K
}
Event: 48.306 GC heap before
{Heap before GC invocations=11 (full 0):
 garbage-first heap   total 262144K, used 68770K [0x00000000e0000000, 0x0000000100000000)
  region size 1024K, 18 young (18432K), 10 survivors (10240K)
 Metaspace       used 59477K, committed 60096K, reserved 393216K
  class space    used 8255K, committed 8576K, reserved 327680K
}
Event: 48.328 GC heap after
{Heap after GC invocations=12 (full 0):
 garbage-first heap   total 262144K, used 62872K [0x00000000e0000000, 0x0000000100000000)
  region size 1024K, 11 young (11264K), 11 survivors (11264K)
 Metaspace       used 59477K, committed 60096K, reserved 393216K
  class space    used 8255K, committed 8576K, reserved 327680K
}

