# JRE version: OpenJDK Runtime Environment Temurin-17.0.20.1+1 (17.0.20.1+1) (build 17.0.20.1+1)
# Java VM: OpenJDK 64-Bit Server VM Temurin-17.0.20.1+1 (17.0.20.1+1, mixed mode, sharing, tiered, compressed oops, compressed class ptrs, g1 gc, windows-amd64)
GC Precious Log:
 CPUs: 4 total, 4 available
 Memory: 4005M
 Large Page Support: Disabled
 NUMA Support: Disabled
 Compressed Oops: Enabled (32-bit)
 Heap Region Size: 1M
 Heap Min Capacity: 8M
 Heap Initial Capacity: 64M
 Heap Max Capacity: 1002M
 Pre-touch: Disabled
 Parallel Workers: 4
 Concurrent Workers: 1
 Concurrent Refinement Workers: 4
 Periodic GC: Disabled
Heap:
 garbage-first heap   total 261120K, used 176640K [0x00000000c1600000, 0x0000000100000000)
  region size 1024K, 30 young (30720K), 9 survivors (9216K)
 Metaspace       used 67241K, committed 67648K, reserved 1114112K
  class space    used 7993K, committed 8192K, reserved 1048576K
GC Heap History (20 events):
Event: 58.209 GC heap before
{Heap before GC invocations=49 (full 0):
 garbage-first heap   total 126976K, used 98301K [0x00000000c1600000, 0x0000000100000000)
  region size 1024K, 32 young (32768K), 5 survivors (5120K)
 Metaspace       used 67172K, committed 67584K, reserved 1114112K
  class space    used 7991K, committed 8192K, reserved 1048576K
}
Event: 58.225 GC heap after
{Heap after GC invocations=50 (full 0):
 garbage-first heap   total 126976K, used 75609K [0x00000000c1600000, 0x0000000100000000)
  region size 1024K, 4 young (4096K), 4 survivors (4096K)
 Metaspace       used 67172K, committed 67584K, reserved 1114112K
  class space    used 7991K, committed 8192K, reserved 1048576K
}
Event: 59.007 GC heap before
{Heap before GC invocations=50 (full 0):
 garbage-first heap   total 126976K, used 102233K [0x00000000c1600000, 0x0000000100000000)
  region size 1024K, 30 young (30720K), 4 survivors (4096K)
 Metaspace       used 67182K, committed 67584K, reserved 1114112K
  class space    used 7992K, committed 8192K, reserved 1048576K
}
Event: 59.024 GC heap after
{Heap after GC invocations=51 (full 0):
 garbage-first heap   total 126976K, used 81163K [0x00000000c1600000, 0x0000000100000000)
  region size 1024K, 4 young (4096K), 4 survivors (4096K)
 Metaspace       used 67182K, committed 67584K, reserved 1114112K
  class space    used 7992K, committed 8192K, reserved 1048576K
}
Event: 60.074 GC heap before
{Heap before GC invocations=52 (full 0):
 garbage-first heap   total 150528K, used 101643K [0x00000000c1600000, 0x0000000100000000)
  region size 1024K, 24 young (24576K), 4 survivors (4096K)
 Metaspace       used 67206K, committed 67648K, reserved 1114112K
  class space    used 7992K, committed 8192K, reserved 1048576K
}
Event: 60.090 GC heap after
{Heap after GC invocations=53 (full 0):
 garbage-first heap   total 150528K, used 85249K [0x00000000c1600000, 0x0000000100000000)
  region size 1024K, 3 young (3072K), 3 survivors (3072K)
 Metaspace       used 67206K, committed 67648K, reserved 1114112K
  class space    used 7992K, committed 8192K, reserved 1048576K
}
Event: 60.136 GC heap before
{Heap before GC invocations=53 (full 0):
 garbage-first heap   total 150528K, used 89345K [0x00000000c1600000, 0x0000000100000000)
  region size 1024K, 7 young (7168K), 3 survivors (3072K)
 Metaspace       used 67206K, committed 67648K, reserved 1114112K
  class space    used 7992K, committed 8192K, reserved 1048576K
}
Event: 60.148 GC heap after
{Heap after GC invocations=54 (full 0):
 garbage-first heap   total 150528K, used 85907K [0x00000000c1600000, 0x0000000100000000)
  region size 1024K, 1 young (1024K), 1 survivors (1024K)
 Metaspace       used 67206K, committed 67648K, reserved 1114112K
  class space    used 7992K, committed 8192K, reserved 1048576K
}
Event: 60.842 GC heap before
{Heap before GC invocations=54 (full 0):
 garbage-first heap   total 150528K, used 120723K [0x00000000c1600000, 0x0000000100000000)
  region size 1024K, 35 young (35840K), 1 survivors (1024K)
 Metaspace       used 67211K, committed 67648K, reserved 1114112K
  class space    used 7992K, committed 8192K, reserved 1048576K
}
Event: 60.862 GC heap after
{Heap after GC invocations=55 (full 0):
 garbage-first heap   total 261120K, used 92344K [0x00000000c1600000, 0x0000000100000000)
  region size 1024K, 5 young (5120K), 5 survivors (5120K)
 Metaspace       used 67211K, committed 67648K, reserved 1114112K
  class space    used 7992K, committed 8192K, reserved 1048576K
}
Event: 63.384 GC heap before
{Heap before GC invocations=55 (full 0):
 garbage-first heap   total 261120K, used 192696K [0x00000000c1600000, 0x0000000100000000)
  region size 1024K, 103 young (105472K), 5 survivors (5120K)
 Metaspace       used 67220K, committed 67648K, reserved 1114112K
  class space    used 7992K, committed 8192K, reserved 1048576K
}
Event: 63.455 GC heap after
{Heap after GC invocations=56 (full 0):
 garbage-first heap   total 261120K, used 108919K [0x00000000c1600000, 0x0000000100000000)
  region size 1024K, 13 young (13312K), 13 survivors (13312K)
 Metaspace       used 67220K, committed 67648K, reserved 1114112K
  class space    used 7992K, committed 8192K, reserved 1048576K
}
Event: 65.396 GC heap before
{Heap before GC invocations=56 (full 0):
 garbage-first heap   total 261120K, used 188791K [0x00000000c1600000, 0x0000000100000000)
  region size 1024K, 91 young (93184K), 13 survivors (13312K)
 Metaspace       used 67222K, committed 67648K, reserved 1114112K
  class space    used 7992K, committed 8192K, reserved 1048576K
}
Event: 65.435 GC heap after
{Heap after GC invocations=57 (full 0):
 garbage-first heap   total 261120K, used 121344K [0x00000000c1600000, 0x0000000100000000)
  region size 1024K, 12 young (12288K), 12 survivors (12288K)
 Metaspace       used 67222K, committed 67648K, reserved 1114112K
  class space    used 7992K, committed 8192K, reserved 1048576K
}
Event: 66.743 GC heap before
{Heap before GC invocations=57 (full 0):
 garbage-first heap   total 261120K, used 197120K [0x00000000c1600000, 0x0000000100000000)
  region size 1024K, 86 young (88064K), 12 survivors (12288K)
 Metaspace       used 67228K, committed 67648K, reserved 1114112K
  class space    used 7993K, committed 8192K, reserved 1048576K
}
Event: 66.792 GC heap after
{Heap after GC invocations=58 (full 0):
 garbage-first heap   total 261120K, used 133120K [0x00000000c1600000, 0x0000000100000000)
  region size 1024K, 11 young (11264K), 11 survivors (11264K)
 Metaspace       used 67228K, committed 67648K, reserved 1114112K
  class space    used 7993K, committed 8192K, reserved 1048576K
}
Event: 68.791 GC heap before
{Heap before GC invocations=58 (full 0):
 garbage-first heap   total 261120K, used 203776K [0x00000000c1600000, 0x0000000100000000)
  region size 1024K, 80 young (81920K), 11 survivors (11264K)
 Metaspace       used 67237K, committed 67648K, reserved 1114112K
  class space    used 7993K, committed 8192K, reserved 1048576K
}
Event: 68.834 GC heap after
{Heap after GC invocations=59 (full 0):
 garbage-first heap   total 261120K, used 146432K [0x00000000c1600000, 0x0000000100000000)
  region size 1024K, 10 young (10240K), 10 survivors (10240K)
 Metaspace       used 67237K, committed 67648K, reserved 1114112K
  class space    used 7993K, committed 8192K, reserved 1048576K
}
Event: 70.447 GC heap before
{Heap before GC invocations=59 (full 0):
 garbage-first heap   total 261120K, used 207872K [0x00000000c1600000, 0x0000000100000000)
  region size 1024K, 70 young (71680K), 10 survivors (10240K)
 Metaspace       used 67237K, committed 67648K, reserved 1114112K
  class space    used 7993K, committed 8192K, reserved 1048576K
}
Event: 70.482 GC heap after
{Heap after GC invocations=60 (full 0):
 garbage-first heap   total 261120K, used 156160K [0x00000000c1600000, 0x0000000100000000)
  region size 1024K, 9 young (9216K), 9 survivors (9216K)
 Metaspace       used 67237K, committed 67648K, reserved 1114112K
  class space    used 7993K, committed 8192K, reserved 1048576K
}

