# JRE version: OpenJDK Runtime Environment Temurin-17.0.20.1+1 (17.0.20.1+1) (build 17.0.20.1+1)
# Java VM: OpenJDK 64-Bit Server VM Temurin-17.0.20.1+1 (17.0.20.1+1, mixed mode, sharing, tiered, compressed oops, compressed class ptrs, g1 gc, windows-amd64)
GC Precious Log:
 CPUs: 4 total, 4 available
 Memory: 4005M
 Large Page Support: Disabled
 NUMA Support: Disabled
 Compressed Oops: Enabled (32-bit)
 Heap Region Size: 1M
 Heap Min Capacity: 8M
 Heap Initial Capacity: 64M
 Heap Max Capacity: 1002M
 Pre-touch: Disabled
 Parallel Workers: 4
 Concurrent Workers: 1
 Concurrent Refinement Workers: 4
 Periodic GC: Disabled
Heap:
 garbage-first heap   total 55296K, used 30572K [0x00000000c1600000, 0x0000000100000000)
  region size 1024K, 2 young (2048K), 2 survivors (2048K)
 Metaspace       used 57539K, committed 57920K, reserved 1114112K
  class space    used 6943K, committed 7104K, reserved 1048576K
GC Heap History (20 events):
Event: 17.631 GC heap after
{Heap after GC invocations=9 (full 0):
 garbage-first heap   total 46080K, used 18247K [0x00000000c1600000, 0x0000000100000000)
  region size 1024K, 2 young (2048K), 2 survivors (2048K)
 Metaspace       used 35658K, committed 35968K, reserved 1114112K
  class space    used 4314K, committed 4416K, reserved 1048576K
}
Event: 19.174 GC heap before
{Heap before GC invocations=10 (full 0):
 garbage-first heap   total 46080K, used 32583K [0x00000000c1600000, 0x0000000100000000)
  region size 1024K, 17 young (17408K), 2 survivors (2048K)
 Metaspace       used 40577K, committed 40896K, reserved 1114112K
  class space    used 5093K, committed 5248K, reserved 1048576K
}
Event: 19.179 GC heap after
{Heap after GC invocations=11 (full 0):
 garbage-first heap   total 46080K, used 19278K [0x00000000c1600000, 0x0000000100000000)
  region size 1024K, 3 young (3072K), 3 survivors (3072K)
 Metaspace       used 40577K, committed 40896K, reserved 1114112K
  class space    used 5093K, committed 5248K, reserved 1048576K
}
Event: 20.289 GC heap before
{Heap before GC invocations=11 (full 0):
 garbage-first heap   total 46080K, used 33614K [0x00000000c1600000, 0x0000000100000000)
  region size 1024K, 18 young (18432K), 3 survivors (3072K)
 Metaspace       used 43369K, committed 43648K, reserved 1114112K
  class space    used 5411K, committed 5568K, reserved 1048576K
}
Event: 20.295 GC heap after
{Heap after GC invocations=12 (full 0):
 garbage-first heap   total 46080K, used 21281K [0x00000000c1600000, 0x0000000100000000)
  region size 1024K, 3 young (3072K), 3 survivors (3072K)
 Metaspace       used 43369K, committed 43648K, reserved 1114112K
  class space    used 5411K, committed 5568K, reserved 1048576K
}
Event: 20.800 GC heap before
{Heap before GC invocations=12 (full 0):
 garbage-first heap   total 46080K, used 34593K [0x00000000c1600000, 0x0000000100000000)
  region size 1024K, 17 young (17408K), 3 survivors (3072K)
 Metaspace       used 46111K, committed 46464K, reserved 1114112K
  class space    used 5635K, committed 5760K, reserved 1048576K
}
Event: 20.806 GC heap after
{Heap after GC invocations=13 (full 0):
 garbage-first heap   total 46080K, used 22919K [0x00000000c1600000, 0x0000000100000000)
  region size 1024K, 2 young (2048K), 2 survivors (2048K)
 Metaspace       used 46111K, committed 46464K, reserved 1114112K
  class space    used 5635K, committed 5760K, reserved 1048576K
}
Event: 21.271 GC heap before
{Heap before GC invocations=13 (full 0):
 garbage-first heap   total 46080K, used 34183K [0x00000000c1600000, 0x0000000100000000)
  region size 1024K, 14 young (14336K), 2 survivors (2048K)
 Metaspace       used 48476K, committed 48832K, reserved 1114112K
  class space    used 5876K, committed 6016K, reserved 1048576K
}
Event: 21.276 GC heap after
{Heap after GC invocations=14 (full 0):
 garbage-first heap   total 46080K, used 23853K [0x00000000c1600000, 0x0000000100000000)
  region size 1024K, 1 young (1024K), 1 survivors (1024K)
 Metaspace       used 48476K, committed 48832K, reserved 1114112K
  class space    used 5876K, committed 6016K, reserved 1048576K
}
Event: 21.881 GC heap before
{Heap before GC invocations=15 (full 0):
 garbage-first heap   total 46080K, used 35117K [0x00000000c1600000, 0x0000000100000000)
  region size 1024K, 13 young (13312K), 1 survivors (1024K)
 Metaspace       used 51178K, committed 51520K, reserved 1114112K
  class space    used 6186K, committed 6336K, reserved 1048576K
}
Event: 21.888 GC heap after
{Heap after GC invocations=16 (full 0):
 garbage-first heap   total 46080K, used 25017K [0x00000000c1600000, 0x0000000100000000)
  region size 1024K, 2 young (2048K), 2 survivors (2048K)
 Metaspace       used 51178K, committed 51520K, reserved 1114112K
  class space    used 6186K, committed 6336K, reserved 1048576K
}
Event: 22.483 GC heap before
{Heap before GC invocations=16 (full 0):
 garbage-first heap   total 46080K, used 34233K [0x00000000c1600000, 0x0000000100000000)
  region size 1024K, 13 young (13312K), 2 survivors (2048K)
 Metaspace       used 53560K, committed 53888K, reserved 1114112K
  class space    used 6449K, committed 6592K, reserved 1048576K
}
Event: 22.492 GC heap after
{Heap after GC invocations=17 (full 0):
 garbage-first heap   total 46080K, used 26072K [0x00000000c1600000, 0x0000000100000000)
  region size 1024K, 2 young (2048K), 2 survivors (2048K)
 Metaspace       used 53560K, committed 53888K, reserved 1114112K
  class space    used 6449K, committed 6592K, reserved 1048576K
}
Event: 22.806 GC heap before
{Heap before GC invocations=18 (full 0):
 garbage-first heap   total 51200K, used 36312K [0x00000000c1600000, 0x0000000100000000)
  region size 1024K, 12 young (12288K), 2 survivors (2048K)
 Metaspace       used 53576K, committed 53888K, reserved 1114112K
  class space    used 6450K, committed 6592K, reserved 1048576K
}
Event: 22.813 GC heap after
{Heap after GC invocations=19 (full 0):
 garbage-first heap   total 51200K, used 28829K [0x00000000c1600000, 0x0000000100000000)
  region size 1024K, 2 young (2048K), 2 survivors (2048K)
 Metaspace       used 53576K, committed 53888K, reserved 1114112K
  class space    used 6450K, committed 6592K, reserved 1048576K
}
Event: 23.028 GC heap before
{Heap before GC invocations=19 (full 0):
 garbage-first heap   total 51200K, used 39069K [0x00000000c1600000, 0x0000000100000000)
  region size 1024K, 12 young (12288K), 2 survivors (2048K)
 Metaspace       used 53627K, committed 53952K, reserved 1114112K
  class space    used 6450K, committed 6592K, reserved 1048576K
}
Event: 23.033 GC heap after
{Heap after GC invocations=20 (full 0):
 garbage-first heap   total 51200K, used 29501K [0x00000000c1600000, 0x0000000100000000)
  region size 1024K, 2 young (2048K), 2 survivors (2048K)
 Metaspace       used 53627K, committed 53952K, reserved 1114112K
  class space    used 6450K, committed 6592K, reserved 1048576K
}
Event: 23.328 GC heap before
{Heap before GC invocations=21 (full 0):
 garbage-first heap   total 55296K, used 39741K [0x00000000c1600000, 0x0000000100000000)
  region size 1024K, 12 young (12288K), 2 survivors (2048K)
 Metaspace       used 53677K, committed 54016K, reserved 1114112K
  class space    used 6450K, committed 6592K, reserved 1048576K
}
Event: 23.331 GC heap after
{Heap after GC invocations=22 (full 0):
 garbage-first heap   total 55296K, used 29578K [0x00000000c1600000, 0x0000000100000000)
  region size 1024K, 1 young (1024K), 1 survivors (1024K)
 Metaspace       used 53677K, committed 54016K, reserved 1114112K
  class space    used 6450K, committed 6592K, reserved 1048576K
}
Event: 24.641 GC heap before
{Heap before GC invocations=22 (full 0):
 garbage-first heap   total 55296K, used 42890K [0x00000000c1600000, 0x0000000100000000)
  region size 1024K, 15 young (15360K), 1 survivors (1024K)
 Metaspace       used 57539K, committed 57920K, reserved 1114112K
  class space    used 6943K, committed 7104K, reserved 1048576K
}

