# JRE version: OpenJDK Runtime Environment Temurin-21.0.12.1+1 (21.0.12.1+1) (build 21.0.12.1+1-LTS)
# Java VM: OpenJDK 64-Bit Server VM Temurin-21.0.12.1+1 (21.0.12.1+1-LTS, mixed mode, sharing, tiered, compressed oops, compressed class ptrs, parallel gc, windows-amd64)
GC Precious Log:
 CardTable entry size: 512
 CPUs: 4 total, 4 available
 Memory: 4005M
 Large Page Support: Disabled
 NUMA Support: Disabled
 Compressed Oops: Enabled (32-bit)
 Alignments: Space 512K, Generation 512K, Heap 2M
 Heap Min Capacity: 100M
 Heap Initial Capacity: 100M
 Heap Max Capacity: 2G
 Pre-touch: Disabled
 Parallel Workers: 4
Heap:
 PSYoungGen      total 7168K, used 6848K [0x00000000d5580000, 0x00000000d5e00000, 0x0000000100000000)
  eden space 5632K, 100% used [0x00000000d5580000,0x00000000d5b00000,0x00000000d5b00000)
  from space 1536K, 79% used [0x00000000d5b00000,0x00000000d5c30000,0x00000000d5c80000)
  to   space 1536K, 83% used [0x00000000d5c80000,0x00000000d5dc22b8,0x00000000d5e00000)
 ParOldGen       total 161280K, used 160783K [0x0000000080000000, 0x0000000089d80000, 0x00000000d5580000)
  object space 161280K, 99% used [0x0000000080000000,0x0000000089d03da0,0x0000000089d80000)
 Metaspace       used 59897K, committed 61312K, reserved 1114112K
  class space    used 7047K, committed 7680K, reserved 1048576K
GC Heap History (20 events):
Event: 254.356 GC heap after
{Heap after GC invocations=108 (full 3):
 PSYoungGen      total 7168K, used 1257K [0x00000000d5580000, 0x00000000d5e00000, 0x0000000100000000)
  eden space 5632K, 0% used [0x00000000d5580000,0x00000000d5580000,0x00000000d5b00000)
  from space 1536K, 81% used [0x00000000d5b00000,0x00000000d5c3a648,0x00000000d5c80000)
  to   space 1536K, 0% used [0x00000000d5c80000,0x00000000d5c80000,0x00000000d5e00000)
 ParOldGen       total 150528K, used 150030K [0x0000000080000000, 0x0000000089300000, 0x00000000d5580000)
  object space 150528K, 99% used [0x0000000080000000,0x0000000089283818,0x0000000089300000)
 Metaspace       used 59897K, committed 61312K, reserved 1114112K
  class space    used 7047K, committed 7680K, reserved 1048576K
}
Event: 254.407 GC heap before
{Heap before GC invocations=109 (full 3):
 PSYoungGen      total 7168K, used 6889K [0x00000000d5580000, 0x00000000d5e00000, 0x0000000100000000)
  eden space 5632K, 100% used [0x00000000d5580000,0x00000000d5b00000,0x00000000d5b00000)
  from space 1536K, 81% used [0x00000000d5b00000,0x00000000d5c3a648,0x00000000d5c80000)
  to   space 1536K, 0% used [0x00000000d5c80000,0x00000000d5c80000,0x00000000d5e00000)
 ParOldGen       total 150528K, used 150030K [0x0000000080000000, 0x0000000089300000, 0x00000000d5580000)
  object space 150528K, 99% used [0x0000000080000000,0x0000000089283818,0x0000000089300000)
 Metaspace       used 59897K, committed 61312K, reserved 1114112K
  class space    used 7047K, committed 7680K, reserved 1048576K
}
Event: 254.410 GC heap after
{Heap after GC invocations=109 (full 3):
 PSYoungGen      total 7168K, used 1288K [0x00000000d5580000, 0x00000000d5e00000, 0x0000000100000000)
  eden space 5632K, 0% used [0x00000000d5580000,0x00000000d5580000,0x00000000d5b00000)
  from space 1536K, 83% used [0x00000000d5c80000,0x00000000d5dc2368,0x00000000d5e00000)
  to   space 1536K, 0% used [0x00000000d5b00000,0x00000000d5b00000,0x00000000d5c80000)
 ParOldGen       total 151552K, used 151207K [0x0000000080000000, 0x0000000089400000, 0x00000000d5580000)
  object space 151552K, 99% used [0x0000000080000000,0x00000000893a9e30,0x0000000089400000)
 Metaspace       used 59897K, committed 61312K, reserved 1114112K
  class space    used 7047K, committed 7680K, reserved 1048576K
}
Event: 254.466 GC heap before
{Heap before GC invocations=110 (full 3):
 PSYoungGen      total 7168K, used 6920K [0x00000000d5580000, 0x00000000d5e00000, 0x0000000100000000)
  eden space 5632K, 100% used [0x00000000d5580000,0x00000000d5b00000,0x00000000d5b00000)
  from space 1536K, 83% used [0x00000000d5c80000,0x00000000d5dc2368,0x00000000d5e00000)
  to   space 1536K, 0% used [0x00000000d5b00000,0x00000000d5b00000,0x00000000d5c80000)
 ParOldGen       total 151552K, used 151207K [0x0000000080000000, 0x0000000089400000, 0x00000000d5580000)
  object space 151552K, 99% used [0x0000000080000000,0x00000000893a9e30,0x0000000089400000)
 Metaspace       used 59897K, committed 61312K, reserved 1114112K
  class space    used 7047K, committed 7680K, reserved 1048576K
}
Event: 254.470 GC heap after
{Heap after GC invocations=110 (full 3):
 PSYoungGen      total 7168K, used 1275K [0x00000000d5580000, 0x00000000d5e00000, 0x0000000100000000)
  eden space 5632K, 0% used [0x00000000d5580000,0x00000000d5580000,0x00000000d5b00000)
  from space 1536K, 83% used [0x00000000d5b00000,0x00000000d5c3eec8,0x00000000d5c80000)
  to   space 1536K, 0% used [0x00000000d5c80000,0x00000000d5c80000,0x00000000d5e00000)
 ParOldGen       total 152576K, used 152413K [0x0000000080000000, 0x0000000089500000, 0x00000000d5580000)
  object space 152576K, 99% used [0x0000000080000000,0x00000000894d77c0,0x0000000089500000)
 Metaspace       used 59897K, committed 61312K, reserved 1114112K
  class space    used 7047K, committed 7680K, reserved 1048576K
}
Event: 254.515 GC heap before
{Heap before GC invocations=111 (full 3):
 PSYoungGen      total 7168K, used 6907K [0x00000000d5580000, 0x00000000d5e00000, 0x0000000100000000)
  eden space 5632K, 100% used [0x00000000d5580000,0x00000000d5b00000,0x00000000d5b00000)
  from space 1536K, 83% used [0x00000000d5b00000,0x00000000d5c3eec8,0x00000000d5c80000)
  to   space 1536K, 0% used [0x00000000d5c80000,0x00000000d5c80000,0x00000000d5e00000)
 ParOldGen       total 152576K, used 152413K [0x0000000080000000, 0x0000000089500000, 0x00000000d5580000)
  object space 152576K, 99% used [0x0000000080000000,0x00000000894d77c0,0x0000000089500000)
 Metaspace       used 59897K, committed 61312K, reserved 1114112K
  class space    used 7047K, committed 7680K, reserved 1048576K
}
Event: 254.519 GC heap after
{Heap after GC invocations=111 (full 3):
 PSYoungGen      total 7168K, used 1284K [0x00000000d5580000, 0x00000000d5e00000, 0x0000000100000000)
  eden space 5632K, 0% used [0x00000000d5580000,0x00000000d5580000,0x00000000d5b00000)
  from space 1536K, 83% used [0x00000000d5c80000,0x00000000d5dc13f8,0x00000000d5e00000)
  to   space 1536K, 0% used [0x00000000d5b00000,0x00000000d5b00000,0x00000000d5c80000)
 ParOldGen       total 153600K, used 153599K [0x0000000080000000, 0x0000000089600000, 0x00000000d5580000)
  object space 153600K, 99% used [0x0000000080000000,0x00000000895ffee8,0x0000000089600000)
 Metaspace       used 59897K, committed 61312K, reserved 1114112K
  class space    used 7047K, committed 7680K, reserved 1048576K
}
Event: 254.570 GC heap before
{Heap before GC invocations=112 (full 3):
 PSYoungGen      total 7168K, used 6916K [0x00000000d5580000, 0x00000000d5e00000, 0x0000000100000000)
  eden space 5632K, 100% used [0x00000000d5580000,0x00000000d5b00000,0x00000000d5b00000)
  from space 1536K, 83% used [0x00000000d5c80000,0x00000000d5dc13f8,0x00000000d5e00000)
  to   space 1536K, 0% used [0x00000000d5b00000,0x00000000d5b00000,0x00000000d5c80000)
 ParOldGen       total 153600K, used 153599K [0x0000000080000000, 0x0000000089600000, 0x00000000d5580000)
  object space 153600K, 99% used [0x0000000080000000,0x00000000895ffee8,0x0000000089600000)
 Metaspace       used 59897K, committed 61312K, reserved 1114112K
  class space    used 7047K, committed 7680K, reserved 1048576K
}
Event: 254.572 GC heap after
{Heap after GC invocations=112 (full 3):
 PSYoungGen      total 7168K, used 1241K [0x00000000d5580000, 0x00000000d5e00000, 0x0000000100000000)
  eden space 5632K, 0% used [0x00000000d5580000,0x00000000d5580000,0x00000000d5b00000)
  from space 1536K, 80% used [0x00000000d5b00000,0x00000000d5c367e0,0x00000000d5c80000)
  to   space 1536K, 0% used [0x00000000d5c80000,0x00000000d5c80000,0x00000000d5e00000)
 ParOldGen       total 155136K, used 154768K [0x0000000080000000, 0x0000000089780000, 0x00000000d5580000)
  object space 155136K, 99% used [0x0000000080000000,0x0000000089724388,0x0000000089780000)
 Metaspace       used 59897K, committed 61312K, reserved 1114112K
  class space    used 7047K, committed 7680K, reserved 1048576K
}
Event: 254.618 GC heap before
{Heap before GC invocations=113 (full 3):
 PSYoungGen      total 7168K, used 6873K [0x00000000d5580000, 0x00000000d5e00000, 0x0000000100000000)
  eden space 5632K, 100% used [0x00000000d5580000,0x00000000d5b00000,0x00000000d5b00000)
  from space 1536K, 80% used [0x00000000d5b00000,0x00000000d5c367e0,0x00000000d5c80000)
  to   space 1536K, 0% used [0x00000000d5c80000,0x00000000d5c80000,0x00000000d5e00000)
 ParOldGen       total 155136K, used 154768K [0x0000000080000000, 0x0000000089780000, 0x00000000d5580000)
  object space 155136K, 99% used [0x0000000080000000,0x0000000089724388,0x0000000089780000)
 Metaspace       used 59897K, committed 61312K, reserved 1114112K
  class space    used 7047K, committed 7680K, reserved 1048576K
}
Event: 254.622 GC heap after
{Heap after GC invocations=113 (full 3):
 PSYoungGen      total 7168K, used 1291K [0x00000000d5580000, 0x00000000d5e00000, 0x0000000100000000)
  eden space 5632K, 0% used [0x00000000d5580000,0x00000000d5580000,0x00000000d5b00000)
  from space 1536K, 84% used [0x00000000d5c80000,0x00000000d5dc2cb8,0x00000000d5e00000)
  to   space 1536K, 0% used [0x00000000d5b00000,0x00000000d5b00000,0x00000000d5c80000)
 ParOldGen       total 156160K, used 155944K [0x0000000080000000, 0x0000000089880000, 0x00000000d5580000)
  object space 156160K, 99% used [0x0000000080000000,0x000000008984a1b8,0x0000000089880000)
 Metaspace       used 59897K, committed 61312K, reserved 1114112K
  class space    used 7047K, committed 7680K, reserved 1048576K
}
Event: 254.673 GC heap before
{Heap before GC invocations=114 (full 3):
 PSYoungGen      total 7168K, used 6923K [0x00000000d5580000, 0x00000000d5e00000, 0x0000000100000000)
  eden space 5632K, 100% used [0x00000000d5580000,0x00000000d5b00000,0x00000000d5b00000)
  from space 1536K, 84% used [0x00000000d5c80000,0x00000000d5dc2cb8,0x00000000d5e00000)
  to   space 1536K, 0% used [0x00000000d5b00000,0x00000000d5b00000,0x00000000d5c80000)
 ParOldGen       total 156160K, used 155944K [0x0000000080000000, 0x0000000089880000, 0x00000000d5580000)
  object space 156160K, 99% used [0x0000000080000000,0x000000008984a1b8,0x0000000089880000)
 Metaspace       used 59897K, committed 61312K, reserved 1114112K
  class space    used 7047K, committed 7680K, reserved 1048576K
}
Event: 254.676 GC heap after
{Heap after GC invocations=114 (full 3):
 PSYoungGen      total 7168K, used 1394K [0x00000000d5580000, 0x00000000d5e00000, 0x0000000100000000)
  eden space 5632K, 0% used [0x00000000d5580000,0x00000000d5580000,0x00000000d5b00000)
  from space 1536K, 90% used [0x00000000d5b00000,0x00000000d5c5cba8,0x00000000d5c80000)
  to   space 1536K, 0% used [0x00000000d5c80000,0x00000000d5c80000,0x00000000d5e00000)
 ParOldGen       total 157184K, used 157131K [0x0000000080000000, 0x0000000089980000, 0x00000000d5580000)
  object space 157184K, 99% used [0x0000000080000000,0x0000000089972de0,0x0000000089980000)
 Metaspace       used 59897K, committed 61312K, reserved 1114112K
  class space    used 7047K, committed 7680K, reserved 1048576K
}
Event: 254.737 GC heap before
{Heap before GC invocations=115 (full 3):
 PSYoungGen      total 7168K, used 7026K [0x00000000d5580000, 0x00000000d5e00000, 0x0000000100000000)
  eden space 5632K, 100% used [0x00000000d5580000,0x00000000d5b00000,0x00000000d5b00000)
  from space 1536K, 90% used [0x00000000d5b00000,0x00000000d5c5cba8,0x00000000d5c80000)
  to   space 1536K, 0% used [0x00000000d5c80000,0x00000000d5c80000,0x00000000d5e00000)
 ParOldGen       total 157184K, used 157131K [0x0000000080000000, 0x0000000089980000, 0x00000000d5580000)
  object space 157184K, 99% used [0x0000000080000000,0x0000000089972de0,0x0000000089980000)
 Metaspace       used 59897K, committed 61312K, reserved 1114112K
  class space    used 7047K, committed 7680K, reserved 1048576K
}
Event: 254.740 GC heap after
{Heap after GC invocations=115 (full 3):
 PSYoungGen      total 7168K, used 1336K [0x00000000d5580000, 0x00000000d5e00000, 0x0000000100000000)
  eden space 5632K, 0% used [0x00000000d5580000,0x00000000d5580000,0x00000000d5b00000)
  from space 1536K, 87% used [0x00000000d5c80000,0x00000000d5dce1f8,0x00000000d5e00000)
  to   space 1536K, 0% used [0x00000000d5b00000,0x00000000d5b00000,0x00000000d5c80000)
 ParOldGen       total 158720K, used 158432K [0x0000000080000000, 0x0000000089b00000, 0x00000000d5580000)
  object space 158720K, 99% used [0x0000000080000000,0x0000000089ab81a8,0x0000000089b00000)
 Metaspace       used 59897K, committed 61312K, reserved 1114112K
  class space    used 7047K, committed 7680K, reserved 1048576K
}
Event: 254.875 GC heap before
{Heap before GC invocations=116 (full 3):
 PSYoungGen      total 7168K, used 6968K [0x00000000d5580000, 0x00000000d5e00000, 0x0000000100000000)
  eden space 5632K, 100% used [0x00000000d5580000,0x00000000d5b00000,0x00000000d5b00000)
  from space 1536K, 87% used [0x00000000d5c80000,0x00000000d5dce1f8,0x00000000d5e00000)
  to   space 1536K, 0% used [0x00000000d5b00000,0x00000000d5b00000,0x00000000d5c80000)
 ParOldGen       total 158720K, used 158432K [0x0000000080000000, 0x0000000089b00000, 0x00000000d5580000)
  object space 158720K, 99% used [0x0000000080000000,0x0000000089ab81a8,0x0000000089b00000)
 Metaspace       used 59897K, committed 61312K, reserved 1114112K
  class space    used 7047K, committed 7680K, reserved 1048576K
}
Event: 254.881 GC heap after
{Heap after GC invocations=116 (full 3):
 PSYoungGen      total 7168K, used 1216K [0x00000000d5580000, 0x00000000d5e00000, 0x0000000100000000)
  eden space 5632K, 0% used [0x00000000d5580000,0x00000000d5580000,0x00000000d5b00000)
  from space 1536K, 79% used [0x00000000d5b00000,0x00000000d5c30000,0x00000000d5c80000)
  to   space 1536K, 0% used [0x00000000d5c80000,0x00000000d5c80000,0x00000000d5e00000)
 ParOldGen       total 159744K, used 159672K [0x0000000080000000, 0x0000000089c00000, 0x00000000d5580000)
  object space 159744K, 99% used [0x0000000080000000,0x0000000089bee2a8,0x0000000089c00000)
 Metaspace       used 59897K, committed 61312K, reserved 1114112K
  class space    used 7047K, committed 7680K, reserved 1048576K
}
Event: 254.971 GC heap before
{Heap before GC invocations=117 (full 3):
 PSYoungGen      total 7168K, used 6848K [0x00000000d5580000, 0x00000000d5e00000, 0x0000000100000000)
  eden space 5632K, 100% used [0x00000000d5580000,0x00000000d5b00000,0x00000000d5b00000)
  from space 1536K, 79% used [0x00000000d5b00000,0x00000000d5c30000,0x00000000d5c80000)
  to   space 1536K, 0% used [0x00000000d5c80000,0x00000000d5c80000,0x00000000d5e00000)
 ParOldGen       total 159744K, used 159672K [0x0000000080000000, 0x0000000089c00000, 0x00000000d5580000)
  object space 159744K, 99% used [0x0000000080000000,0x0000000089bee2a8,0x0000000089c00000)
 Metaspace       used 59897K, committed 61312K, reserved 1114112K
  class space    used 7047K, committed 7680K, reserved 1048576K
}
Event: 254.976 GC heap after
{Heap after GC invocations=117 (full 3):
 PSYoungGen      total 7168K, used 6848K [0x00000000d5580000, 0x00000000d5e00000, 0x0000000100000000)
  eden space 5632K, 100% used [0x00000000d5580000,0x00000000d5b00000,0x00000000d5b00000)
  from space 1536K, 79% used [0x00000000d5b00000,0x00000000d5c30000,0x00000000d5c80000)
  to   space 1536K, 83% used [0x00000000d5c80000,0x00000000d5dc22b8,0x00000000d5e00000)
 ParOldGen       total 161280K, used 160783K [0x0000000080000000, 0x0000000089d80000, 0x00000000d5580000)
  object space 161280K, 99% used [0x0000000080000000,0x0000000089d03da0,0x0000000089d80000)
 Metaspace       used 59897K, committed 61312K, reserved 1114112K
  class space    used 7047K, committed 7680K, reserved 1048576K
}
Event: 254.976 GC heap before
{Heap before GC invocations=118 (full 4):
 PSYoungGen      total 7168K, used 6848K [0x00000000d5580000, 0x00000000d5e00000, 0x0000000100000000)
  eden space 5632K, 100% used [0x00000000d5580000,0x00000000d5b00000,0x00000000d5b00000)
  from space 1536K, 79% used [0x00000000d5b00000,0x00000000d5c30000,0x00000000d5c80000)
  to   space 1536K, 83% used [0x00000000d5c80000,0x00000000d5dc22b8,0x00000000d5e00000)
 ParOldGen       total 161280K, used 160783K [0x0000000080000000, 0x0000000089d80000, 0x00000000d5580000)
  object space 161280K, 99% used [0x0000000080000000,0x0000000089d03da0,0x0000000089d80000)
 Metaspace       used 59897K, committed 61312K, reserved 1114112K
  class space    used 7047K, committed 7680K, reserved 1048576K
}

