# JRE version: OpenJDK Runtime Environment Temurin-17.0.20.1+1 (17.0.20.1+1) (build 17.0.20.1+1)
# Java VM: OpenJDK 64-Bit Server VM Temurin-17.0.20.1+1 (17.0.20.1+1, mixed mode, sharing, tiered, compressed oops, compressed class ptrs, g1 gc, windows-amd64)
GC Precious Log:
 CPUs: 4 total, 4 available
 Memory: 4005M
 Large Page Support: Disabled
 NUMA Support: Disabled
 Compressed Oops: Enabled (32-bit)
 Heap Region Size: 1M
 Heap Min Capacity: 8M
 Heap Initial Capacity: 64M
 Heap Max Capacity: 1002M
 Pre-touch: Disabled
 Parallel Workers: 4
 Concurrent Workers: 1
 Concurrent Refinement Workers: 4
 Periodic GC: Disabled
Heap:
 garbage-first heap   total 75776K, used 37532K [0x00000000c1600000, 0x0000000100000000)
  region size 1024K, 2 young (2048K), 2 survivors (2048K)
 Metaspace       used 60554K, committed 60928K, reserved 1114112K
  class space    used 7265K, committed 7424K, reserved 1048576K
GC Heap History (20 events):
Event: 25.291 GC heap after
{Heap after GC invocations=17 (full 0):
 garbage-first heap   total 46080K, used 25084K [0x00000000c1600000, 0x0000000100000000)
  region size 1024K, 1 young (1024K), 1 survivors (1024K)
 Metaspace       used 51532K, committed 51840K, reserved 1114112K
  class space    used 6213K, committed 6336K, reserved 1048576K
}
Event: 26.097 GC heap before
{Heap before GC invocations=17 (full 0):
 garbage-first heap   total 46080K, used 33276K [0x00000000c1600000, 0x0000000100000000)
  region size 1024K, 10 young (10240K), 1 survivors (1024K)
 Metaspace       used 53539K, committed 53824K, reserved 1114112K
  class space    used 6444K, committed 6592K, reserved 1048576K
}
Event: 26.099 GC heap after
{Heap after GC invocations=18 (full 0):
 garbage-first heap   total 46080K, used 25661K [0x00000000c1600000, 0x0000000100000000)
  region size 1024K, 1 young (1024K), 1 survivors (1024K)
 Metaspace       used 53539K, committed 53824K, reserved 1114112K
  class space    used 6444K, committed 6592K, reserved 1048576K
}
Event: 26.266 GC heap before
{Heap before GC invocations=19 (full 0):
 garbage-first heap   total 51200K, used 35901K [0x00000000c1600000, 0x0000000100000000)
  region size 1024K, 11 young (11264K), 1 survivors (1024K)
 Metaspace       used 53552K, committed 53888K, reserved 1114112K
  class space    used 6444K, committed 6592K, reserved 1048576K
}
Event: 26.271 GC heap after
{Heap after GC invocations=20 (full 0):
 garbage-first heap   total 51200K, used 28588K [0x00000000c1600000, 0x0000000100000000)
  region size 1024K, 2 young (2048K), 2 survivors (2048K)
 Metaspace       used 53552K, committed 53888K, reserved 1114112K
  class space    used 6444K, committed 6592K, reserved 1048576K
}
Event: 26.274 GC heap before
{Heap before GC invocations=20 (full 0):
 garbage-first heap   total 51200K, used 29612K [0x00000000c1600000, 0x0000000100000000)
  region size 1024K, 3 young (3072K), 2 survivors (2048K)
 Metaspace       used 53552K, committed 53888K, reserved 1114112K
  class space    used 6444K, committed 6592K, reserved 1048576K
}
Event: 26.279 GC heap after
{Heap after GC invocations=21 (full 0):
 garbage-first heap   total 51200K, used 28851K [0x00000000c1600000, 0x0000000100000000)
  region size 1024K, 1 young (1024K), 1 survivors (1024K)
 Metaspace       used 53552K, committed 53888K, reserved 1114112K
  class space    used 6444K, committed 6592K, reserved 1048576K
}
Event: 26.650 GC heap before
{Heap before GC invocations=21 (full 0):
 garbage-first heap   total 51200K, used 39091K [0x00000000c1600000, 0x0000000100000000)
  region size 1024K, 11 young (11264K), 1 survivors (1024K)
 Metaspace       used 53585K, committed 53888K, reserved 1114112K
  class space    used 6444K, committed 6592K, reserved 1048576K
}
Event: 26.657 GC heap after
{Heap after GC invocations=22 (full 0):
 garbage-first heap   total 51200K, used 30720K [0x00000000c1600000, 0x0000000100000000)
  region size 1024K, 2 young (2048K), 2 survivors (2048K)
 Metaspace       used 53585K, committed 53888K, reserved 1114112K
  class space    used 6444K, committed 6592K, reserved 1048576K
}
Event: 27.258 GC heap before
{Heap before GC invocations=23 (full 0):
 garbage-first heap   total 56320K, used 39936K [0x00000000c1600000, 0x0000000100000000)
  region size 1024K, 11 young (11264K), 2 survivors (2048K)
 Metaspace       used 53642K, committed 54016K, reserved 1114112K
  class space    used 6444K, committed 6592K, reserved 1048576K
}
Event: 27.262 GC heap after
{Heap after GC invocations=24 (full 0):
 garbage-first heap   total 56320K, used 30599K [0x00000000c1600000, 0x0000000100000000)
  region size 1024K, 1 young (1024K), 1 survivors (1024K)
 Metaspace       used 53642K, committed 54016K, reserved 1114112K
  class space    used 6444K, committed 6592K, reserved 1048576K
}
Event: 28.226 GC heap before
{Heap before GC invocations=24 (full 0):
 garbage-first heap   total 56320K, used 42887K [0x00000000c1600000, 0x0000000100000000)
  region size 1024K, 14 young (14336K), 1 survivors (1024K)
 Metaspace       used 57015K, committed 57344K, reserved 1114112K
  class space    used 6882K, committed 7040K, reserved 1048576K
}
Event: 28.231 GC heap after
{Heap after GC invocations=25 (full 0):
 garbage-first heap   total 56320K, used 31548K [0x00000000c1600000, 0x0000000100000000)
  region size 1024K, 2 young (2048K), 2 survivors (2048K)
 Metaspace       used 57015K, committed 57344K, reserved 1114112K
  class space    used 6882K, committed 7040K, reserved 1048576K
}
Event: 30.309 GC heap before
{Heap before GC invocations=26 (full 0):
 garbage-first heap   total 56320K, used 42812K [0x00000000c1600000, 0x0000000100000000)
  region size 1024K, 14 young (14336K), 2 survivors (2048K)
 Metaspace       used 59785K, committed 60096K, reserved 1114112K
  class space    used 7176K, committed 7296K, reserved 1048576K
}
Event: 30.315 GC heap after
{Heap after GC invocations=27 (full 0):
 garbage-first heap   total 56320K, used 32582K [0x00000000c1600000, 0x0000000100000000)
  region size 1024K, 2 young (2048K), 2 survivors (2048K)
 Metaspace       used 59785K, committed 60096K, reserved 1114112K
  class space    used 7176K, committed 7296K, reserved 1048576K
}
Event: 30.410 GC heap before
{Heap before GC invocations=27 (full 0):
 garbage-first heap   total 56320K, used 33606K [0x00000000c1600000, 0x0000000100000000)
  region size 1024K, 3 young (3072K), 2 survivors (2048K)
 Metaspace       used 60054K, committed 60416K, reserved 1114112K
  class space    used 7204K, committed 7360K, reserved 1048576K
}
Event: 30.415 GC heap after
{Heap after GC invocations=28 (full 0):
 garbage-first heap   total 56320K, used 31884K [0x00000000c1600000, 0x0000000100000000)
  region size 1024K, 1 young (1024K), 1 survivors (1024K)
 Metaspace       used 60054K, committed 60416K, reserved 1114112K
  class space    used 7204K, committed 7360K, reserved 1048576K
}
Event: 30.856 GC heap before
{Heap before GC invocations=28 (full 0):
 garbage-first heap   total 56320K, used 44172K [0x00000000c1600000, 0x0000000100000000)
  region size 1024K, 13 young (13312K), 1 survivors (1024K)
 Metaspace       used 60554K, committed 60928K, reserved 1114112K
  class space    used 7265K, committed 7424K, reserved 1048576K
}
Event: 30.860 GC heap after
{Heap after GC invocations=29 (full 0):
 garbage-first heap   total 56320K, used 34300K [0x00000000c1600000, 0x0000000100000000)
  region size 1024K, 2 young (2048K), 2 survivors (2048K)
 Metaspace       used 60554K, committed 60928K, reserved 1114112K
  class space    used 7265K, committed 7424K, reserved 1048576K
}
Event: 30.967 GC heap before
{Heap before GC invocations=29 (full 0):
 garbage-first heap   total 75776K, used 44540K [0x00000000c1600000, 0x0000000100000000)
  region size 1024K, 12 young (12288K), 2 survivors (2048K)
 Metaspace       used 60554K, committed 60928K, reserved 1114112K
  class space    used 7265K, committed 7424K, reserved 1048576K
}

