# JRE version: OpenJDK Runtime Environment Temurin-21.0.12.1+1 (21.0.12.1+1) (build 21.0.12.1+1-LTS)
# Java VM: OpenJDK 64-Bit Server VM Temurin-21.0.12.1+1 (21.0.12.1+1-LTS, mixed mode, sharing, tiered, compressed oops, compressed class ptrs, parallel gc, windows-amd64)
GC Precious Log:
 CardTable entry size: 512
 CPUs: 4 total, 4 available
 Memory: 4005M
 Large Page Support: Disabled
 NUMA Support: Disabled
 Compressed Oops: Enabled (32-bit)
 Alignments: Space 512K, Generation 512K, Heap 2M
 Heap Min Capacity: 100M
 Heap Initial Capacity: 100M
 Heap Max Capacity: 2G
 Pre-touch: Disabled
 Parallel Workers: 4
Heap:
 PSYoungGen      total 7680K, used 7257K [0x00000000d5580000, 0x00000000d5f80000, 0x0000000100000000)
  eden space 6144K, 95% used [0x00000000d5580000,0x00000000d5b38ea0,0x00000000d5b80000)
  from space 1536K, 91% used [0x00000000d5b80000,0x00000000d5cdd850,0x00000000d5d00000)
  to   space 2048K, 0% used [0x00000000d5d80000,0x00000000d5d80000,0x00000000d5f80000)
 ParOldGen       total 94720K, used 94433K [0x0000000080000000, 0x0000000085c80000, 0x00000000d5580000)
  object space 94720K, 99% used [0x0000000080000000,0x0000000085c384c0,0x0000000085c80000)
 Metaspace       used 59000K, committed 60352K, reserved 1114112K
  class space    used 6707K, committed 7296K, reserved 1048576K
GC Heap History (20 events):
Event: 209.528 GC heap before
{Heap before GC invocations=53 (full 3):
 PSYoungGen      total 9216K, used 8192K [0x00000000d5580000, 0x00000000d6000000, 0x0000000100000000)
  eden space 8192K, 100% used [0x00000000d5580000,0x00000000d5d80000,0x00000000d5d80000)
  from space 1024K, 0% used [0x00000000d5e00000,0x00000000d5e00000,0x00000000d5f00000)
  to   space 1024K, 0% used [0x00000000d5f00000,0x00000000d5f00000,0x00000000d6000000)
 ParOldGen       total 91136K, used 84283K [0x0000000080000000, 0x0000000085900000, 0x00000000d5580000)
  object space 91136K, 92% used [0x0000000080000000,0x000000008524eca0,0x0000000085900000)
 Metaspace       used 58706K, committed 60032K, reserved 1114112K
  class space    used 6675K, committed 7232K, reserved 1048576K
}
Event: 209.531 GC heap after
{Heap after GC invocations=53 (full 3):
 PSYoungGen      total 9216K, used 640K [0x00000000d5580000, 0x00000000d6000000, 0x0000000100000000)
  eden space 8192K, 0% used [0x00000000d5580000,0x00000000d5580000,0x00000000d5d80000)
  from space 1024K, 62% used [0x00000000d5f00000,0x00000000d5fa0000,0x00000000d6000000)
  to   space 1024K, 0% used [0x00000000d5e00000,0x00000000d5e00000,0x00000000d5f00000)
 ParOldGen       total 91136K, used 84283K [0x0000000080000000, 0x0000000085900000, 0x00000000d5580000)
  object space 91136K, 92% used [0x0000000080000000,0x000000008524eca0,0x0000000085900000)
 Metaspace       used 58706K, committed 60032K, reserved 1114112K
  class space    used 6675K, committed 7232K, reserved 1048576K
}
Event: 210.529 GC heap before
{Heap before GC invocations=54 (full 3):
 PSYoungGen      total 9216K, used 8832K [0x00000000d5580000, 0x00000000d6000000, 0x0000000100000000)
  eden space 8192K, 100% used [0x00000000d5580000,0x00000000d5d80000,0x00000000d5d80000)
  from space 1024K, 62% used [0x00000000d5f00000,0x00000000d5fa0000,0x00000000d6000000)
  to   space 1024K, 0% used [0x00000000d5e00000,0x00000000d5e00000,0x00000000d5f00000)
 ParOldGen       total 91136K, used 84283K [0x0000000080000000, 0x0000000085900000, 0x00000000d5580000)
  object space 91136K, 92% used [0x0000000080000000,0x000000008524eca0,0x0000000085900000)
 Metaspace       used 58973K, committed 60288K, reserved 1114112K
  class space    used 6706K, committed 7296K, reserved 1048576K
}
Event: 210.532 GC heap after
{Heap after GC invocations=54 (full 3):
 PSYoungGen      total 8704K, used 432K [0x00000000d5580000, 0x00000000d5f80000, 0x0000000100000000)
  eden space 8192K, 0% used [0x00000000d5580000,0x00000000d5580000,0x00000000d5d80000)
  from space 512K, 84% used [0x00000000d5e00000,0x00000000d5e6c230,0x00000000d5e80000)
  to   space 1024K, 0% used [0x00000000d5e80000,0x00000000d5e80000,0x00000000d5f80000)
 ParOldGen       total 91136K, used 84874K [0x0000000080000000, 0x0000000085900000, 0x00000000d5580000)
  object space 91136K, 93% used [0x0000000080000000,0x00000000852e2810,0x0000000085900000)
 Metaspace       used 58973K, committed 60288K, reserved 1114112K
  class space    used 6706K, committed 7296K, reserved 1048576K
}
Event: 210.626 GC heap before
{Heap before GC invocations=55 (full 3):
 PSYoungGen      total 8704K, used 8624K [0x00000000d5580000, 0x00000000d5f80000, 0x0000000100000000)
  eden space 8192K, 100% used [0x00000000d5580000,0x00000000d5d80000,0x00000000d5d80000)
  from space 512K, 84% used [0x00000000d5e00000,0x00000000d5e6c230,0x00000000d5e80000)
  to   space 1024K, 0% used [0x00000000d5e80000,0x00000000d5e80000,0x00000000d5f80000)
 ParOldGen       total 91136K, used 84874K [0x0000000080000000, 0x0000000085900000, 0x00000000d5580000)
  object space 91136K, 93% used [0x0000000080000000,0x00000000852e2810,0x0000000085900000)
 Metaspace       used 58979K, committed 60352K, reserved 1114112K
  class space    used 6706K, committed 7296K, reserved 1048576K
}
Event: 210.631 GC heap after
{Heap after GC invocations=55 (full 3):
 PSYoungGen      total 8192K, used 1024K [0x00000000d5580000, 0x00000000d6180000, 0x0000000100000000)
  eden space 7168K, 0% used [0x00000000d5580000,0x00000000d5580000,0x00000000d5c80000)
  from space 1024K, 100% used [0x00000000d5e80000,0x00000000d5f80000,0x00000000d5f80000)
  to   space 2048K, 0% used [0x00000000d5c80000,0x00000000d5c80000,0x00000000d5e80000)
 ParOldGen       total 91136K, used 85382K [0x0000000080000000, 0x0000000085900000, 0x00000000d5580000)
  object space 91136K, 93% used [0x0000000080000000,0x0000000085361a40,0x0000000085900000)
 Metaspace       used 58979K, committed 60352K, reserved 1114112K
  class space    used 6706K, committed 7296K, reserved 1048576K
}
Event: 211.644 GC heap before
{Heap before GC invocations=56 (full 3):
 PSYoungGen      total 8192K, used 8192K [0x00000000d5580000, 0x00000000d6180000, 0x0000000100000000)
  eden space 7168K, 100% used [0x00000000d5580000,0x00000000d5c80000,0x00000000d5c80000)
  from space 1024K, 100% used [0x00000000d5e80000,0x00000000d5f80000,0x00000000d5f80000)
  to   space 2048K, 0% used [0x00000000d5c80000,0x00000000d5c80000,0x00000000d5e80000)
 ParOldGen       total 91136K, used 85382K [0x0000000080000000, 0x0000000085900000, 0x00000000d5580000)
  object space 91136K, 93% used [0x0000000080000000,0x0000000085361a40,0x0000000085900000)
 Metaspace       used 58998K, committed 60352K, reserved 1114112K
  class space    used 6707K, committed 7296K, reserved 1048576K
}
Event: 211.648 GC heap after
{Heap after GC invocations=56 (full 3):
 PSYoungGen      total 8192K, used 805K [0x00000000d5580000, 0x00000000d5f80000, 0x0000000100000000)
  eden space 7168K, 0% used [0x00000000d5580000,0x00000000d5580000,0x00000000d5c80000)
  from space 1024K, 78% used [0x00000000d5c80000,0x00000000d5d496a0,0x00000000d5d80000)
  to   space 1536K, 0% used [0x00000000d5e00000,0x00000000d5e00000,0x00000000d5f80000)
 ParOldGen       total 91136K, used 86436K [0x0000000080000000, 0x0000000085900000, 0x00000000d5580000)
  object space 91136K, 94% used [0x0000000080000000,0x0000000085469128,0x0000000085900000)
 Metaspace       used 58998K, committed 60352K, reserved 1114112K
  class space    used 6707K, committed 7296K, reserved 1048576K
}
Event: 211.994 GC heap before
{Heap before GC invocations=57 (full 3):
 PSYoungGen      total 8192K, used 7973K [0x00000000d5580000, 0x00000000d5f80000, 0x0000000100000000)
  eden space 7168K, 100% used [0x00000000d5580000,0x00000000d5c80000,0x00000000d5c80000)
  from space 1024K, 78% used [0x00000000d5c80000,0x00000000d5d496a0,0x00000000d5d80000)
  to   space 1536K, 0% used [0x00000000d5e00000,0x00000000d5e00000,0x00000000d5f80000)
 ParOldGen       total 91136K, used 86436K [0x0000000080000000, 0x0000000085900000, 0x00000000d5580000)
  object space 91136K, 94% used [0x0000000080000000,0x0000000085469128,0x0000000085900000)
 Metaspace       used 58998K, committed 60352K, reserved 1114112K
  class space    used 6707K, committed 7296K, reserved 1048576K
}
Event: 211.999 GC heap after
{Heap after GC invocations=57 (full 3):
 PSYoungGen      total 8704K, used 1354K [0x00000000d5580000, 0x00000000d5f80000, 0x0000000100000000)
  eden space 7168K, 0% used [0x00000000d5580000,0x00000000d5580000,0x00000000d5c80000)
  from space 1536K, 88% used [0x00000000d5e00000,0x00000000d5f52990,0x00000000d5f80000)
  to   space 1536K, 0% used [0x00000000d5c80000,0x00000000d5c80000,0x00000000d5e00000)
 ParOldGen       total 91136K, used 87140K [0x0000000080000000, 0x0000000085900000, 0x00000000d5580000)
  object space 91136K, 95% used [0x0000000080000000,0x00000000855190f8,0x0000000085900000)
 Metaspace       used 58998K, committed 60352K, reserved 1114112K
  class space    used 6707K, committed 7296K, reserved 1048576K
}
Event: 213.422 GC heap before
{Heap before GC invocations=58 (full 3):
 PSYoungGen      total 8704K, used 8522K [0x00000000d5580000, 0x00000000d5f80000, 0x0000000100000000)
  eden space 7168K, 100% used [0x00000000d5580000,0x00000000d5c80000,0x00000000d5c80000)
  from space 1536K, 88% used [0x00000000d5e00000,0x00000000d5f52990,0x00000000d5f80000)
  to   space 1536K, 0% used [0x00000000d5c80000,0x00000000d5c80000,0x00000000d5e00000)
 ParOldGen       total 91136K, used 87140K [0x0000000080000000, 0x0000000085900000, 0x00000000d5580000)
  object space 91136K, 95% used [0x0000000080000000,0x00000000855190f8,0x0000000085900000)
 Metaspace       used 58998K, committed 60352K, reserved 1114112K
  class space    used 6707K, committed 7296K, reserved 1048576K
}
Event: 213.427 GC heap after
{Heap after GC invocations=58 (full 3):
 PSYoungGen      total 8704K, used 1524K [0x00000000d5580000, 0x00000000d6380000, 0x0000000100000000)
  eden space 7168K, 0% used [0x00000000d5580000,0x00000000d5580000,0x00000000d5c80000)
  from space 1536K, 99% used [0x00000000d5c80000,0x00000000d5dfd0d0,0x00000000d5e00000)
  to   space 3584K, 0% used [0x00000000d6000000,0x00000000d6000000,0x00000000d6380000)
 ParOldGen       total 91136K, used 88562K [0x0000000080000000, 0x0000000085900000, 0x00000000d5580000)
  object space 91136K, 97% used [0x0000000080000000,0x000000008567cb28,0x0000000085900000)
 Metaspace       used 58998K, committed 60352K, reserved 1114112K
  class space    used 6707K, committed 7296K, reserved 1048576K
}
Event: 213.652 GC heap before
{Heap before GC invocations=59 (full 3):
 PSYoungGen      total 8704K, used 8692K [0x00000000d5580000, 0x00000000d6380000, 0x0000000100000000)
  eden space 7168K, 100% used [0x00000000d5580000,0x00000000d5c80000,0x00000000d5c80000)
  from space 1536K, 99% used [0x00000000d5c80000,0x00000000d5dfd0d0,0x00000000d5e00000)
  to   space 3584K, 0% used [0x00000000d6000000,0x00000000d6000000,0x00000000d6380000)
 ParOldGen       total 91136K, used 88562K [0x0000000080000000, 0x0000000085900000, 0x00000000d5580000)
  object space 91136K, 97% used [0x0000000080000000,0x000000008567cb28,0x0000000085900000)
 Metaspace       used 58999K, committed 60352K, reserved 1114112K
  class space    used 6707K, committed 7296K, reserved 1048576K
}
Event: 213.657 GC heap after
{Heap after GC invocations=59 (full 3):
 PSYoungGen      total 8704K, used 1524K [0x00000000d5580000, 0x00000000d6180000, 0x0000000100000000)
  eden space 7168K, 0% used [0x00000000d5580000,0x00000000d5580000,0x00000000d5c80000)
  from space 1536K, 99% used [0x00000000d6000000,0x00000000d617d0b8,0x00000000d6180000)
  to   space 2048K, 0% used [0x00000000d5d80000,0x00000000d5d80000,0x00000000d5f80000)
 ParOldGen       total 91136K, used 90082K [0x0000000080000000, 0x0000000085900000, 0x00000000d5580000)
  object space 91136K, 98% used [0x0000000080000000,0x00000000857f8b50,0x0000000085900000)
 Metaspace       used 58999K, committed 60352K, reserved 1114112K
  class space    used 6707K, committed 7296K, reserved 1048576K
}
Event: 213.912 GC heap before
{Heap before GC invocations=60 (full 3):
 PSYoungGen      total 8704K, used 8692K [0x00000000d5580000, 0x00000000d6180000, 0x0000000100000000)
  eden space 7168K, 100% used [0x00000000d5580000,0x00000000d5c80000,0x00000000d5c80000)
  from space 1536K, 99% used [0x00000000d6000000,0x00000000d617d0b8,0x00000000d6180000)
  to   space 2048K, 0% used [0x00000000d5d80000,0x00000000d5d80000,0x00000000d5f80000)
 ParOldGen       total 91136K, used 90082K [0x0000000080000000, 0x0000000085900000, 0x00000000d5580000)
  object space 91136K, 98% used [0x0000000080000000,0x00000000857f8b50,0x0000000085900000)
 Metaspace       used 58999K, committed 60352K, reserved 1114112K
  class space    used 6707K, committed 7296K, reserved 1048576K
}
Event: 213.917 GC heap after
{Heap after GC invocations=60 (full 3):
 PSYoungGen      total 8704K, used 1476K [0x00000000d5580000, 0x00000000d6080000, 0x0000000100000000)
  eden space 7168K, 0% used [0x00000000d5580000,0x00000000d5580000,0x00000000d5c80000)
  from space 1536K, 96% used [0x00000000d5d80000,0x00000000d5ef1280,0x00000000d5f00000)
  to   space 1536K, 0% used [0x00000000d5f00000,0x00000000d5f00000,0x00000000d6080000)
 ParOldGen       total 91648K, used 91499K [0x0000000080000000, 0x0000000085980000, 0x00000000d5580000)
  object space 91648K, 99% used [0x0000000080000000,0x000000008595ac60,0x0000000085980000)
 Metaspace       used 58999K, committed 60352K, reserved 1114112K
  class space    used 6707K, committed 7296K, reserved 1048576K
}
Event: 214.013 GC heap before
{Heap before GC invocations=61 (full 3):
 PSYoungGen      total 8704K, used 8644K [0x00000000d5580000, 0x00000000d6080000, 0x0000000100000000)
  eden space 7168K, 100% used [0x00000000d5580000,0x00000000d5c80000,0x00000000d5c80000)
  from space 1536K, 96% used [0x00000000d5d80000,0x00000000d5ef1280,0x00000000d5f00000)
  to   space 1536K, 0% used [0x00000000d5f00000,0x00000000d5f00000,0x00000000d6080000)
 ParOldGen       total 91648K, used 91499K [0x0000000080000000, 0x0000000085980000, 0x00000000d5580000)
  object space 91648K, 99% used [0x0000000080000000,0x000000008595ac60,0x0000000085980000)
 Metaspace       used 59000K, committed 60352K, reserved 1114112K
  class space    used 6707K, committed 7296K, reserved 1048576K
}
Event: 214.016 GC heap after
{Heap after GC invocations=61 (full 3):
 PSYoungGen      total 7680K, used 1530K [0x00000000d5580000, 0x00000000d6380000, 0x0000000100000000)
  eden space 6144K, 0% used [0x00000000d5580000,0x00000000d5580000,0x00000000d5b80000)
  from space 1536K, 99% used [0x00000000d5f00000,0x00000000d607ea98,0x00000000d6080000)
  to   space 3584K, 0% used [0x00000000d5b80000,0x00000000d5b80000,0x00000000d5f00000)
 ParOldGen       total 93184K, used 92964K [0x0000000080000000, 0x0000000085b00000, 0x00000000d5580000)
  object space 93184K, 99% used [0x0000000080000000,0x0000000085ac9050,0x0000000085b00000)
 Metaspace       used 59000K, committed 60352K, reserved 1114112K
  class space    used 6707K, committed 7296K, reserved 1048576K
}
Event: 214.238 GC heap before
{Heap before GC invocations=62 (full 3):
 PSYoungGen      total 7680K, used 7674K [0x00000000d5580000, 0x00000000d6380000, 0x0000000100000000)
  eden space 6144K, 100% used [0x00000000d5580000,0x00000000d5b80000,0x00000000d5b80000)
  from space 1536K, 99% used [0x00000000d5f00000,0x00000000d607ea98,0x00000000d6080000)
  to   space 3584K, 0% used [0x00000000d5b80000,0x00000000d5b80000,0x00000000d5f00000)
 ParOldGen       total 93184K, used 92964K [0x0000000080000000, 0x0000000085b00000, 0x00000000d5580000)
  object space 93184K, 99% used [0x0000000080000000,0x0000000085ac9050,0x0000000085b00000)
 Metaspace       used 59000K, committed 60352K, reserved 1114112K
  class space    used 6707K, committed 7296K, reserved 1048576K
}
Event: 214.243 GC heap after
{Heap after GC invocations=62 (full 3):
 PSYoungGen      total 7680K, used 1398K [0x00000000d5580000, 0x00000000d5f80000, 0x0000000100000000)
  eden space 6144K, 0% used [0x00000000d5580000,0x00000000d5580000,0x00000000d5b80000)
  from space 1536K, 91% used [0x00000000d5b80000,0x00000000d5cdd850,0x00000000d5d00000)
  to   space 2048K, 0% used [0x00000000d5d80000,0x00000000d5d80000,0x00000000d5f80000)
 ParOldGen       total 94720K, used 94433K [0x0000000080000000, 0x0000000085c80000, 0x00000000d5580000)
  object space 94720K, 99% used [0x0000000080000000,0x0000000085c384c0,0x0000000085c80000)
 Metaspace       used 59000K, committed 60352K, reserved 1114112K
  class space    used 6707K, committed 7296K, reserved 1048576K
}

