# JRE version: OpenJDK Runtime Environment Temurin-17.0.20.1+1 (17.0.20.1+1) (build 17.0.20.1+1)
# Java VM: OpenJDK 64-Bit Server VM Temurin-17.0.20.1+1 (17.0.20.1+1, mixed mode, sharing, tiered, compressed oops, compressed class ptrs, g1 gc, windows-amd64)
GC Precious Log:
 CPUs: 4 total, 4 available
 Memory: 4005M
 Large Page Support: Disabled
 NUMA Support: Disabled
 Compressed Oops: Enabled (32-bit)
 Heap Region Size: 1M
 Heap Min Capacity: 256M
 Heap Initial Capacity: 256M
 Heap Max Capacity: 512M
 Pre-touch: Disabled
 Parallel Workers: 4
 Concurrent Workers: 1
 Concurrent Refinement Workers: 4
 Periodic GC: Disabled
Heap:
 garbage-first heap   total 262144K, used 162542K [0x00000000e0000000, 0x0000000100000000)
  region size 1024K, 81 young (82944K), 18 survivors (18432K)
 Metaspace       used 92153K, committed 92864K, reserved 458752K
  class space    used 12626K, committed 12992K, reserved 327680K
GC Heap History (20 events):
Event: 2.670 GC heap before
{Heap before GC invocations=1 (full 0):
 garbage-first heap   total 262144K, used 23776K [0x00000000e0000000, 0x0000000100000000)
  region size 1024K, 21 young (21504K), 2 survivors (2048K)
 Metaspace       used 3401K, committed 3648K, reserved 393216K
  class space    used 437K, committed 576K, reserved 327680K
}
Event: 2.677 GC heap after
{Heap after GC invocations=2 (full 0):
 garbage-first heap   total 262144K, used 11250K [0x00000000e0000000, 0x0000000100000000)
  region size 1024K, 3 young (3072K), 3 survivors (3072K)
 Metaspace       used 3401K, committed 3648K, reserved 393216K
  class space    used 437K, committed 576K, reserved 327680K
}
Event: 5.666 GC heap before
{Heap before GC invocations=2 (full 0):
 garbage-first heap   total 262144K, used 71666K [0x00000000e0000000, 0x0000000100000000)
  region size 1024K, 60 young (61440K), 3 survivors (3072K)
 Metaspace       used 4530K, committed 4736K, reserved 393216K
  class space    used 559K, committed 640K, reserved 327680K
}
Event: 5.679 GC heap after
{Heap after GC invocations=3 (full 0):
 garbage-first heap   total 262144K, used 17029K [0x00000000e0000000, 0x0000000100000000)
  region size 1024K, 8 young (8192K), 8 survivors (8192K)
 Metaspace       used 4530K, committed 4736K, reserved 393216K
  class space    used 559K, committed 640K, reserved 327680K
}
Event: 15.148 GC heap before
{Heap before GC invocations=3 (full 0):
 garbage-first heap   total 262144K, used 124549K [0x00000000e0000000, 0x0000000100000000)
  region size 1024K, 114 young (116736K), 8 survivors (8192K)
 Metaspace       used 21167K, committed 21504K, reserved 393216K
  class space    used 3075K, committed 3264K, reserved 327680K
}
Event: 15.180 GC heap after
{Heap after GC invocations=4 (full 0):
 garbage-first heap   total 262144K, used 24352K [0x00000000e0000000, 0x0000000100000000)
  region size 1024K, 15 young (15360K), 15 survivors (15360K)
 Metaspace       used 21167K, committed 21504K, reserved 393216K
  class space    used 3075K, committed 3264K, reserved 327680K
}
Event: 22.347 GC heap before
{Heap before GC invocations=5 (full 0):
 garbage-first heap   total 262144K, used 124704K [0x00000000e0000000, 0x0000000100000000)
  region size 1024K, 114 young (116736K), 15 survivors (15360K)
 Metaspace       used 34148K, committed 34560K, reserved 393216K
  class space    used 4834K, committed 4992K, reserved 327680K
}
Event: 22.398 GC heap after
{Heap after GC invocations=6 (full 0):
 garbage-first heap   total 262144K, used 31812K [0x00000000e0000000, 0x0000000100000000)
  region size 1024K, 15 young (15360K), 15 survivors (15360K)
 Metaspace       used 34148K, committed 34560K, reserved 393216K
  class space    used 4834K, committed 4992K, reserved 327680K
}
Event: 23.227 GC heap before
{Heap before GC invocations=6 (full 0):
 garbage-first heap   total 262144K, used 48196K [0x00000000e0000000, 0x0000000100000000)
  region size 1024K, 28 young (28672K), 15 survivors (15360K)
 Metaspace       used 35598K, committed 35968K, reserved 393216K
  class space    used 4943K, committed 5120K, reserved 327680K
}
Event: 23.258 GC heap after
{Heap after GC invocations=7 (full 0):
 garbage-first heap   total 262144K, used 32454K [0x00000000e0000000, 0x0000000100000000)
  region size 1024K, 9 young (9216K), 9 survivors (9216K)
 Metaspace       used 35598K, committed 35968K, reserved 393216K
  class space    used 4943K, committed 5120K, reserved 327680K
}
Event: 35.298 GC heap before
{Heap before GC invocations=8 (full 0):
 garbage-first heap   total 262144K, used 180934K [0x00000000e0000000, 0x0000000100000000)
  region size 1024K, 153 young (156672K), 9 survivors (9216K)
 Metaspace       used 46282K, committed 46784K, reserved 393216K
  class space    used 6474K, committed 6720K, reserved 327680K
}
Event: 35.336 GC heap after
{Heap after GC invocations=9 (full 0):
 garbage-first heap   total 262144K, used 37964K [0x00000000e0000000, 0x0000000100000000)
  region size 1024K, 14 young (14336K), 14 survivors (14336K)
 Metaspace       used 46282K, committed 46784K, reserved 393216K
  class space    used 6474K, committed 6720K, reserved 327680K
}
Event: 43.409 GC heap before
{Heap before GC invocations=9 (full 0):
 garbage-first heap   total 262144K, used 191564K [0x00000000e0000000, 0x0000000100000000)
  region size 1024K, 153 young (156672K), 14 survivors (14336K)
 Metaspace       used 59481K, committed 60032K, reserved 393216K
  class space    used 8329K, committed 8576K, reserved 327680K
}
Event: 43.460 GC heap after
{Heap after GC invocations=10 (full 0):
 garbage-first heap   total 262144K, used 59228K [0x00000000e0000000, 0x0000000100000000)
  region size 1024K, 17 young (17408K), 17 survivors (17408K)
 Metaspace       used 59481K, committed 60032K, reserved 393216K
  class space    used 8329K, committed 8576K, reserved 327680K
}
Event: 43.574 GC heap before
{Heap before GC invocations=10 (full 0):
 garbage-first heap   total 262144K, used 61276K [0x00000000e0000000, 0x0000000100000000)
  region size 1024K, 20 young (20480K), 17 survivors (17408K)
 Metaspace       used 59649K, committed 60160K, reserved 393216K
  class space    used 8356K, committed 8576K, reserved 327680K
}
Event: 43.612 GC heap after
{Heap after GC invocations=11 (full 0):
 garbage-first heap   total 262144K, used 60299K [0x00000000e0000000, 0x0000000100000000)
  region size 1024K, 10 young (10240K), 10 survivors (10240K)
 Metaspace       used 59649K, committed 60160K, reserved 393216K
  class space    used 8356K, committed 8576K, reserved 327680K
}
Event: 50.428 GC heap before
{Heap before GC invocations=12 (full 0):
 garbage-first heap   total 262144K, used 213899K [0x00000000e0000000, 0x0000000100000000)
  region size 1024K, 153 young (156672K), 10 survivors (10240K)
 Metaspace       used 74194K, committed 74944K, reserved 393216K
  class space    used 10653K, committed 11008K, reserved 327680K
}
Event: 50.485 GC heap after
{Heap after GC invocations=13 (full 0):
 garbage-first heap   total 262144K, used 72704K [0x00000000e0000000, 0x0000000100000000)
  region size 1024K, 20 young (20480K), 20 survivors (20480K)
 Metaspace       used 74194K, committed 74944K, reserved 393216K
  class space    used 10653K, committed 11008K, reserved 327680K
}
Event: 55.274 GC heap before
{Heap before GC invocations=13 (full 0):
 garbage-first heap   total 262144K, used 211968K [0x00000000e0000000, 0x0000000100000000)
  region size 1024K, 149 young (152576K), 20 survivors (20480K)
 Metaspace       used 84308K, committed 84992K, reserved 458752K
  class space    used 11664K, committed 12032K, reserved 327680K
}
Event: 55.387 GC heap after
{Heap after GC invocations=14 (full 0):
 garbage-first heap   total 262144K, used 99054K [0x00000000e0000000, 0x0000000100000000)
  region size 1024K, 18 young (18432K), 18 survivors (18432K)
 Metaspace       used 84308K, committed 84992K, reserved 458752K
  class space    used 11664K, committed 12032K, reserved 327680K
}

