# JRE version: OpenJDK Runtime Environment Temurin-17.0.20.1+1 (17.0.20.1+1) (build 17.0.20.1+1)
# Java VM: OpenJDK 64-Bit Server VM Temurin-17.0.20.1+1 (17.0.20.1+1, mixed mode, sharing, tiered, compressed oops, compressed class ptrs, g1 gc, windows-amd64)
GC Precious Log:
 CPUs: 4 total, 4 available
 Memory: 4005M
 Large Page Support: Disabled
 NUMA Support: Disabled
 Compressed Oops: Enabled (32-bit)
 Heap Region Size: 1M
 Heap Min Capacity: 256M
 Heap Initial Capacity: 256M
 Heap Max Capacity: 512M
 Pre-touch: Disabled
 Parallel Workers: 4
 Concurrent Workers: 1
 Concurrent Refinement Workers: 4
 Periodic GC: Disabled
Heap:
 garbage-first heap   total 262144K, used 168448K [0x00000000e0000000, 0x0000000100000000)
  region size 1024K, 87 young (89088K), 16 survivors (16384K)
 Metaspace       used 92320K, committed 92992K, reserved 458752K
  class space    used 12642K, committed 12928K, reserved 327680K
GC Heap History (20 events):
Event: 13.399 GC heap before
{Heap before GC invocations=3 (full 0):
 garbage-first heap   total 262144K, used 104840K [0x00000000e0000000, 0x0000000100000000)
  region size 1024K, 94 young (96256K), 9 survivors (9216K)
 Metaspace       used 19783K, committed 20096K, reserved 393216K
  class space    used 2871K, committed 3008K, reserved 327680K
}
Event: 13.426 GC heap after
{Heap after GC invocations=4 (full 0):
 garbage-first heap   total 262144K, used 23474K [0x00000000e0000000, 0x0000000100000000)
  region size 1024K, 12 young (12288K), 12 survivors (12288K)
 Metaspace       used 19783K, committed 20096K, reserved 393216K
  class space    used 2871K, committed 3008K, reserved 327680K
}
Event: 14.707 GC heap before
{Heap before GC invocations=4 (full 0):
 garbage-first heap   total 262144K, used 36786K [0x00000000e0000000, 0x0000000100000000)
  region size 1024K, 26 young (26624K), 12 survivors (12288K)
 Metaspace       used 21135K, committed 21504K, reserved 393216K
  class space    used 3076K, committed 3264K, reserved 327680K
}
Event: 14.728 GC heap after
{Heap after GC invocations=5 (full 0):
 garbage-first heap   total 262144K, used 24903K [0x00000000e0000000, 0x0000000100000000)
  region size 1024K, 7 young (7168K), 7 survivors (7168K)
 Metaspace       used 21135K, committed 21504K, reserved 393216K
  class space    used 3076K, committed 3264K, reserved 327680K
}
Event: 22.005 GC heap before
{Heap before GC invocations=6 (full 0):
 garbage-first heap   total 262144K, used 130375K [0x00000000e0000000, 0x0000000100000000)
  region size 1024K, 111 young (113664K), 7 survivors (7168K)
 Metaspace       used 34394K, committed 34816K, reserved 393216K
  class space    used 4869K, committed 5056K, reserved 327680K
}
Event: 22.038 GC heap after
{Heap after GC invocations=7 (full 0):
 garbage-first heap   total 262144K, used 31519K [0x00000000e0000000, 0x0000000100000000)
  region size 1024K, 14 young (14336K), 14 survivors (14336K)
 Metaspace       used 34394K, committed 34816K, reserved 393216K
  class space    used 4869K, committed 5056K, reserved 327680K
}
Event: 22.668 GC heap before
{Heap before GC invocations=7 (full 0):
 garbage-first heap   total 262144K, used 43807K [0x00000000e0000000, 0x0000000100000000)
  region size 1024K, 23 young (23552K), 14 survivors (14336K)
 Metaspace       used 35605K, committed 35968K, reserved 393216K
  class space    used 4948K, committed 5120K, reserved 327680K
}
Event: 22.696 GC heap after
{Heap after GC invocations=8 (full 0):
 garbage-first heap   total 262144K, used 31811K [0x00000000e0000000, 0x0000000100000000)
  region size 1024K, 9 young (9216K), 9 survivors (9216K)
 Metaspace       used 35605K, committed 35968K, reserved 393216K
  class space    used 4948K, committed 5120K, reserved 327680K
}
Event: 32.071 GC heap before
{Heap before GC invocations=9 (full 0):
 garbage-first heap   total 262144K, used 180291K [0x00000000e0000000, 0x0000000100000000)
  region size 1024K, 153 young (156672K), 9 survivors (9216K)
 Metaspace       used 46322K, committed 46912K, reserved 393216K
  class space    used 6488K, committed 6784K, reserved 327680K
}
Event: 32.113 GC heap after
{Heap after GC invocations=10 (full 0):
 garbage-first heap   total 262144K, used 37952K [0x00000000e0000000, 0x0000000100000000)
  region size 1024K, 15 young (15360K), 15 survivors (15360K)
 Metaspace       used 46322K, committed 46912K, reserved 393216K
  class space    used 6488K, committed 6784K, reserved 327680K
}
Event: 32.163 GC heap before
{Heap before GC invocations=10 (full 0):
 garbage-first heap   total 262144K, used 37952K [0x00000000e0000000, 0x0000000100000000)
  region size 1024K, 16 young (16384K), 15 survivors (15360K)
 Metaspace       used 46335K, committed 46912K, reserved 393216K
  class space    used 6488K, committed 6784K, reserved 327680K
}
Event: 32.198 GC heap after
{Heap after GC invocations=11 (full 0):
 garbage-first heap   total 262144K, used 39183K [0x00000000e0000000, 0x0000000100000000)
  region size 1024K, 2 young (2048K), 2 survivors (2048K)
 Metaspace       used 46335K, committed 46912K, reserved 393216K
  class space    used 6488K, committed 6784K, reserved 327680K
}
Event: 42.405 GC heap before
{Heap before GC invocations=11 (full 0):
 garbage-first heap   total 262144K, used 193807K [0x00000000e0000000, 0x0000000100000000)
  region size 1024K, 143 young (146432K), 2 survivors (2048K)
 Metaspace       used 59534K, committed 60096K, reserved 393216K
  class space    used 8351K, committed 8640K, reserved 327680K
}
Event: 42.424 GC heap after
{Heap after GC invocations=12 (full 0):
 garbage-first heap   total 262144K, used 58584K [0x00000000e0000000, 0x0000000100000000)
  region size 1024K, 9 young (9216K), 9 survivors (9216K)
 Metaspace       used 59534K, committed 60096K, reserved 393216K
  class space    used 8351K, committed 8640K, reserved 327680K
}
Event: 49.950 GC heap before
{Heap before GC invocations=13 (full 0):
 garbage-first heap   total 262144K, used 211160K [0x00000000e0000000, 0x0000000100000000)
  region size 1024K, 152 young (155648K), 9 survivors (9216K)
 Metaspace       used 74170K, committed 74880K, reserved 393216K
  class space    used 10664K, committed 11008K, reserved 327680K
}
Event: 50.019 GC heap after
{Heap after GC invocations=14 (full 0):
 garbage-first heap   total 262144K, used 78098K [0x00000000e0000000, 0x0000000100000000)
  region size 1024K, 19 young (19456K), 19 survivors (19456K)
 Metaspace       used 74170K, committed 74880K, reserved 393216K
  class space    used 10664K, committed 11008K, reserved 327680K
}
Event: 50.043 GC heap before
{Heap before GC invocations=14 (full 0):
 garbage-first heap   total 262144K, used 79122K [0x00000000e0000000, 0x0000000100000000)
  region size 1024K, 20 young (20480K), 19 survivors (19456K)
 Metaspace       used 74170K, committed 74880K, reserved 393216K
  class space    used 10664K, committed 11008K, reserved 327680K
}
Event: 50.098 GC heap after
{Heap after GC invocations=15 (full 0):
 garbage-first heap   total 262144K, used 80190K [0x00000000e0000000, 0x0000000100000000)
  region size 1024K, 2 young (2048K), 2 survivors (2048K)
 Metaspace       used 74170K, committed 74880K, reserved 393216K
  class space    used 10664K, committed 11008K, reserved 327680K
}
Event: 55.018 GC heap before
{Heap before GC invocations=15 (full 0):
 garbage-first heap   total 262144K, used 213310K [0x00000000e0000000, 0x0000000100000000)
  region size 1024K, 125 young (128000K), 2 survivors (2048K)
 Metaspace       used 83698K, committed 84352K, reserved 458752K
  class space    used 11600K, committed 11904K, reserved 327680K
}
Event: 55.057 GC heap after
{Heap after GC invocations=16 (full 0):
 garbage-first heap   total 262144K, used 96768K [0x00000000e0000000, 0x0000000100000000)
  region size 1024K, 16 young (16384K), 16 survivors (16384K)
 Metaspace       used 83698K, committed 84352K, reserved 458752K
  class space    used 11600K, committed 11904K, reserved 327680K
}

