# JRE version: OpenJDK Runtime Environment Temurin-21.0.12.1+1 (21.0.12.1+1) (build 21.0.12.1+1-LTS)
# Java VM: OpenJDK 64-Bit Server VM Temurin-21.0.12.1+1 (21.0.12.1+1-LTS, mixed mode, sharing, tiered, compressed oops, compressed class ptrs, parallel gc, windows-amd64)
GC Precious Log:
 CardTable entry size: 512
 CPUs: 4 total, 4 available
 Memory: 4005M
 Large Page Support: Disabled
 NUMA Support: Disabled
 Compressed Oops: Enabled (32-bit)
 Alignments: Space 512K, Generation 512K, Heap 2M
 Heap Min Capacity: 100M
 Heap Initial Capacity: 100M
 Heap Max Capacity: 2G
 Pre-touch: Disabled
 Parallel Workers: 4
Heap:
 PSYoungGen      total 10752K, used 5057K [0x00000000d5580000, 0x00000000d6280000, 0x0000000100000000)
  eden space 10240K, 47% used [0x00000000d5580000,0x00000000d5a384b8,0x00000000d5f80000)
  from space 512K, 43% used [0x00000000d5f80000,0x00000000d5fb8000,0x00000000d6000000)
  to   space 512K, 0% used [0x00000000d6200000,0x00000000d6200000,0x00000000d6280000)
 ParOldGen       total 198656K, used 198191K [0x0000000080000000, 0x000000008c200000, 0x00000000d5580000)
  object space 198656K, 99% used [0x0000000080000000,0x000000008c18bd40,0x000000008c200000)
 Metaspace       used 60387K, committed 61888K, reserved 1114112K
  class space    used 6967K, committed 7616K, reserved 1048576K
GC Heap History (20 events):
Event: 121.444 GC heap before
{Heap before GC invocations=421 (full 3):
 PSYoungGen      total 10752K, used 10322K [0x00000000d5580000, 0x00000000d6100000, 0x0000000100000000)
  eden space 9728K, 99% used [0x00000000d5580000,0x00000000d5effff0,0x00000000d5f00000)
  from space 1024K, 58% used [0x00000000d5f00000,0x00000000d5f94b48,0x00000000d6000000)
  to   space 1024K, 0% used [0x00000000d6000000,0x00000000d6000000,0x00000000d6100000)
 ParOldGen       total 193536K, used 193415K [0x0000000080000000, 0x000000008bd00000, 0x00000000d5580000)
  object space 193536K, 99% used [0x0000000080000000,0x000000008bce1e28,0x000000008bd00000)
 Metaspace       used 60356K, committed 61824K, reserved 1114112K
  class space    used 6960K, committed 7616K, reserved 1048576K
}
Event: 121.446 GC heap after
{Heap after GC invocations=421 (full 3):
 PSYoungGen      total 10240K, used 244K [0x00000000d5580000, 0x00000000d6080000, 0x0000000100000000)
  eden space 9728K, 0% used [0x00000000d5580000,0x00000000d5580000,0x00000000d5f00000)
  from space 512K, 47% used [0x00000000d6000000,0x00000000d603d200,0x00000000d6080000)
  to   space 512K, 0% used [0x00000000d5f80000,0x00000000d5f80000,0x00000000d6000000)
 ParOldGen       total 194048K, used 193920K [0x0000000080000000, 0x000000008bd80000, 0x00000000d5580000)
  object space 194048K, 99% used [0x0000000080000000,0x000000008bd600f0,0x000000008bd80000)
 Metaspace       used 60356K, committed 61824K, reserved 1114112K
  class space    used 6960K, committed 7616K, reserved 1048576K
}
Event: 121.476 GC heap before
{Heap before GC invocations=422 (full 3):
 PSYoungGen      total 10240K, used 9972K [0x00000000d5580000, 0x00000000d6080000, 0x0000000100000000)
  eden space 9728K, 100% used [0x00000000d5580000,0x00000000d5f00000,0x00000000d5f00000)
  from space 512K, 47% used [0x00000000d6000000,0x00000000d603d200,0x00000000d6080000)
  to   space 512K, 0% used [0x00000000d5f80000,0x00000000d5f80000,0x00000000d6000000)
 ParOldGen       total 194048K, used 193920K [0x0000000080000000, 0x000000008bd80000, 0x00000000d5580000)
  object space 194048K, 99% used [0x0000000080000000,0x000000008bd600f0,0x000000008bd80000)
 Metaspace       used 60359K, committed 61824K, reserved 1114112K
  class space    used 6961K, committed 7616K, reserved 1048576K
}
Event: 121.478 GC heap after
{Heap after GC invocations=422 (full 3):
 PSYoungGen      total 10240K, used 503K [0x00000000d5580000, 0x00000000d6100000, 0x0000000100000000)
  eden space 9728K, 0% used [0x00000000d5580000,0x00000000d5580000,0x00000000d5f00000)
  from space 512K, 98% used [0x00000000d5f80000,0x00000000d5ffdf00,0x00000000d6000000)
  to   space 1024K, 0% used [0x00000000d6000000,0x00000000d6000000,0x00000000d6100000)
 ParOldGen       total 194560K, used 194068K [0x0000000080000000, 0x000000008be00000, 0x00000000d5580000)
  object space 194560K, 99% used [0x0000000080000000,0x000000008bd852f0,0x000000008be00000)
 Metaspace       used 60359K, committed 61824K, reserved 1114112K
  class space    used 6961K, committed 7616K, reserved 1048576K
}
Event: 121.503 GC heap before
{Heap before GC invocations=423 (full 3):
 PSYoungGen      total 10240K, used 10231K [0x00000000d5580000, 0x00000000d6100000, 0x0000000100000000)
  eden space 9728K, 100% used [0x00000000d5580000,0x00000000d5f00000,0x00000000d5f00000)
  from space 512K, 98% used [0x00000000d5f80000,0x00000000d5ffdf00,0x00000000d6000000)
  to   space 1024K, 0% used [0x00000000d6000000,0x00000000d6000000,0x00000000d6100000)
 ParOldGen       total 194560K, used 194068K [0x0000000080000000, 0x000000008be00000, 0x00000000d5580000)
  object space 194560K, 99% used [0x0000000080000000,0x000000008bd852f0,0x000000008be00000)
 Metaspace       used 60365K, committed 61824K, reserved 1114112K
  class space    used 6964K, committed 7616K, reserved 1048576K
}
Event: 121.506 GC heap after
{Heap after GC invocations=423 (full 3):
 PSYoungGen      total 10752K, used 577K [0x00000000d5580000, 0x00000000d6100000, 0x0000000100000000)
  eden space 9728K, 0% used [0x00000000d5580000,0x00000000d5580000,0x00000000d5f00000)
  from space 1024K, 56% used [0x00000000d6000000,0x00000000d60905b8,0x00000000d6100000)
  to   space 1024K, 0% used [0x00000000d5f00000,0x00000000d5f00000,0x00000000d6000000)
 ParOldGen       total 194560K, used 194531K [0x0000000080000000, 0x000000008be00000, 0x00000000d5580000)
  object space 194560K, 99% used [0x0000000080000000,0x000000008bdf8cf0,0x000000008be00000)
 Metaspace       used 60365K, committed 61824K, reserved 1114112K
  class space    used 6964K, committed 7616K, reserved 1048576K
}
Event: 121.533 GC heap before
{Heap before GC invocations=424 (full 3):
 PSYoungGen      total 10752K, used 10305K [0x00000000d5580000, 0x00000000d6100000, 0x0000000100000000)
  eden space 9728K, 100% used [0x00000000d5580000,0x00000000d5f00000,0x00000000d5f00000)
  from space 1024K, 56% used [0x00000000d6000000,0x00000000d60905b8,0x00000000d6100000)
  to   space 1024K, 0% used [0x00000000d5f00000,0x00000000d5f00000,0x00000000d6000000)
 ParOldGen       total 194560K, used 194531K [0x0000000080000000, 0x000000008be00000, 0x00000000d5580000)
  object space 194560K, 99% used [0x0000000080000000,0x000000008bdf8cf0,0x000000008be00000)
 Metaspace       used 60366K, committed 61824K, reserved 1114112K
  class space    used 6964K, committed 7616K, reserved 1048576K
}
Event: 121.535 GC heap after
{Heap after GC invocations=424 (full 3):
 PSYoungGen      total 10752K, used 293K [0x00000000d5580000, 0x00000000d6080000, 0x0000000100000000)
  eden space 9728K, 0% used [0x00000000d5580000,0x00000000d5580000,0x00000000d5f00000)
  from space 1024K, 28% used [0x00000000d5f00000,0x00000000d5f496b8,0x00000000d6000000)
  to   space 512K, 0% used [0x00000000d6000000,0x00000000d6000000,0x00000000d6080000)
 ParOldGen       total 195072K, used 195023K [0x0000000080000000, 0x000000008be80000, 0x00000000d5580000)
  object space 195072K, 99% used [0x0000000080000000,0x000000008be73f90,0x000000008be80000)
 Metaspace       used 60366K, committed 61824K, reserved 1114112K
  class space    used 6964K, committed 7616K, reserved 1048576K
}
Event: 121.580 GC heap before
{Heap before GC invocations=425 (full 3):
 PSYoungGen      total 10752K, used 10021K [0x00000000d5580000, 0x00000000d6080000, 0x0000000100000000)
  eden space 9728K, 99% used [0x00000000d5580000,0x00000000d5efff88,0x00000000d5f00000)
  from space 1024K, 28% used [0x00000000d5f00000,0x00000000d5f496b8,0x00000000d6000000)
  to   space 512K, 0% used [0x00000000d6000000,0x00000000d6000000,0x00000000d6080000)
 ParOldGen       total 195072K, used 195023K [0x0000000080000000, 0x000000008be80000, 0x00000000d5580000)
  object space 195072K, 99% used [0x0000000080000000,0x000000008be73f90,0x000000008be80000)
 Metaspace       used 60369K, committed 61824K, reserved 1114112K
  class space    used 6964K, committed 7616K, reserved 1048576K
}
Event: 121.582 GC heap after
{Heap after GC invocations=425 (full 3):
 PSYoungGen      total 10240K, used 495K [0x00000000d5580000, 0x00000000d6100000, 0x0000000100000000)
  eden space 9728K, 0% used [0x00000000d5580000,0x00000000d5580000,0x00000000d5f00000)
  from space 512K, 96% used [0x00000000d6000000,0x00000000d607bef8,0x00000000d6080000)
  to   space 1024K, 0% used [0x00000000d5f00000,0x00000000d5f00000,0x00000000d6000000)
 ParOldGen       total 195584K, used 195164K [0x0000000080000000, 0x000000008bf00000, 0x00000000d5580000)
  object space 195584K, 99% used [0x0000000080000000,0x000000008be97190,0x000000008bf00000)
 Metaspace       used 60369K, committed 61824K, reserved 1114112K
  class space    used 6964K, committed 7616K, reserved 1048576K
}
Event: 121.599 GC heap before
{Heap before GC invocations=426 (full 3):
 PSYoungGen      total 10240K, used 10223K [0x00000000d5580000, 0x00000000d6100000, 0x0000000100000000)
  eden space 9728K, 100% used [0x00000000d5580000,0x00000000d5f00000,0x00000000d5f00000)
  from space 512K, 96% used [0x00000000d6000000,0x00000000d607bef8,0x00000000d6080000)
  to   space 1024K, 0% used [0x00000000d5f00000,0x00000000d5f00000,0x00000000d6000000)
 ParOldGen       total 195584K, used 195164K [0x0000000080000000, 0x000000008bf00000, 0x00000000d5580000)
  object space 195584K, 99% used [0x0000000080000000,0x000000008be97190,0x000000008bf00000)
 Metaspace       used 60373K, committed 61824K, reserved 1114112K
  class space    used 6964K, committed 7616K, reserved 1048576K
}
Event: 121.604 GC heap after
{Heap after GC invocations=426 (full 3):
 PSYoungGen      total 10752K, used 1023K [0x00000000d5580000, 0x00000000d6100000, 0x0000000100000000)
  eden space 9728K, 0% used [0x00000000d5580000,0x00000000d5580000,0x00000000d5f00000)
  from space 1024K, 99% used [0x00000000d5f00000,0x00000000d5ffffa8,0x00000000d6000000)
  to   space 512K, 0% used [0x00000000d6000000,0x00000000d6000000,0x00000000d6080000)
 ParOldGen       total 197120K, used 196667K [0x0000000080000000, 0x000000008c080000, 0x00000000d5580000)
  object space 197120K, 99% used [0x0000000080000000,0x000000008c00eca8,0x000000008c080000)
 Metaspace       used 60373K, committed 61824K, reserved 1114112K
  class space    used 6964K, committed 7616K, reserved 1048576K
}
Event: 121.627 GC heap before
{Heap before GC invocations=427 (full 3):
 PSYoungGen      total 10752K, used 10751K [0x00000000d5580000, 0x00000000d6100000, 0x0000000100000000)
  eden space 9728K, 100% used [0x00000000d5580000,0x00000000d5f00000,0x00000000d5f00000)
  from space 1024K, 99% used [0x00000000d5f00000,0x00000000d5ffffa8,0x00000000d6000000)
  to   space 512K, 0% used [0x00000000d6000000,0x00000000d6000000,0x00000000d6080000)
 ParOldGen       total 197120K, used 196667K [0x0000000080000000, 0x000000008c080000, 0x00000000d5580000)
  object space 197120K, 99% used [0x0000000080000000,0x000000008c00eca8,0x000000008c080000)
 Metaspace       used 60380K, committed 61888K, reserved 1114112K
  class space    used 6967K, committed 7616K, reserved 1048576K
}
Event: 121.629 GC heap after
{Heap after GC invocations=427 (full 3):
 PSYoungGen      total 10240K, used 160K [0x00000000d5580000, 0x00000000d6100000, 0x0000000100000000)
  eden space 9728K, 0% used [0x00000000d5580000,0x00000000d5580000,0x00000000d5f00000)
  from space 512K, 31% used [0x00000000d6000000,0x00000000d6028000,0x00000000d6080000)
  to   space 1024K, 0% used [0x00000000d5f00000,0x00000000d5f00000,0x00000000d6000000)
 ParOldGen       total 197120K, used 197105K [0x0000000080000000, 0x000000008c080000, 0x00000000d5580000)
  object space 197120K, 99% used [0x0000000080000000,0x000000008c07c7b8,0x000000008c080000)
 Metaspace       used 60380K, committed 61888K, reserved 1114112K
  class space    used 6967K, committed 7616K, reserved 1048576K
}
Event: 121.820 GC heap before
{Heap before GC invocations=428 (full 3):
 PSYoungGen      total 10240K, used 9888K [0x00000000d5580000, 0x00000000d6100000, 0x0000000100000000)
  eden space 9728K, 100% used [0x00000000d5580000,0x00000000d5f00000,0x00000000d5f00000)
  from space 512K, 31% used [0x00000000d6000000,0x00000000d6028000,0x00000000d6080000)
  to   space 1024K, 0% used [0x00000000d5f00000,0x00000000d5f00000,0x00000000d6000000)
 ParOldGen       total 197120K, used 197105K [0x0000000080000000, 0x000000008c080000, 0x00000000d5580000)
  object space 197120K, 99% used [0x0000000080000000,0x000000008c07c7b8,0x000000008c080000)
 Metaspace       used 60387K, committed 61888K, reserved 1114112K
  class space    used 6967K, committed 7616K, reserved 1048576K
}
Event: 121.832 GC heap after
{Heap after GC invocations=428 (full 3):
 PSYoungGen      total 10752K, used 335K [0x00000000d5580000, 0x00000000d6080000, 0x0000000100000000)
  eden space 9728K, 0% used [0x00000000d5580000,0x00000000d5580000,0x00000000d5f00000)
  from space 1024K, 32% used [0x00000000d5f00000,0x00000000d5f53ed0,0x00000000d6000000)
  to   space 512K, 0% used [0x00000000d6000000,0x00000000d6000000,0x00000000d6080000)
 ParOldGen       total 197632K, used 197169K [0x0000000080000000, 0x000000008c100000, 0x00000000d5580000)
  object space 197632K, 99% used [0x0000000080000000,0x000000008c08c7b8,0x000000008c100000)
 Metaspace       used 60387K, committed 61888K, reserved 1114112K
  class space    used 6967K, committed 7616K, reserved 1048576K
}
Event: 121.859 GC heap before
{Heap before GC invocations=429 (full 3):
 PSYoungGen      total 10752K, used 10063K [0x00000000d5580000, 0x00000000d6080000, 0x0000000100000000)
  eden space 9728K, 100% used [0x00000000d5580000,0x00000000d5f00000,0x00000000d5f00000)
  from space 1024K, 32% used [0x00000000d5f00000,0x00000000d5f53ed0,0x00000000d6000000)
  to   space 512K, 0% used [0x00000000d6000000,0x00000000d6000000,0x00000000d6080000)
 ParOldGen       total 197632K, used 197169K [0x0000000080000000, 0x000000008c100000, 0x00000000d5580000)
  object space 197632K, 99% used [0x0000000080000000,0x000000008c08c7b8,0x000000008c100000)
 Metaspace       used 60387K, committed 61888K, reserved 1114112K
  class space    used 6967K, committed 7616K, reserved 1048576K
}
Event: 121.868 GC heap after
{Heap after GC invocations=429 (full 3):
 PSYoungGen      total 10240K, used 362K [0x00000000d5580000, 0x00000000d6080000, 0x0000000100000000)
  eden space 9728K, 0% used [0x00000000d5580000,0x00000000d5580000,0x00000000d5f00000)
  from space 512K, 70% used [0x00000000d6000000,0x00000000d605a898,0x00000000d6080000)
  to   space 512K, 0% used [0x00000000d5f80000,0x00000000d5f80000,0x00000000d6000000)
 ParOldGen       total 197632K, used 197241K [0x0000000080000000, 0x000000008c100000, 0x00000000d5580000)
  object space 197632K, 99% used [0x0000000080000000,0x000000008c09e7b8,0x000000008c100000)
 Metaspace       used 60387K, committed 61888K, reserved 1114112K
  class space    used 6967K, committed 7616K, reserved 1048576K
}
Event: 121.889 GC heap before
{Heap before GC invocations=430 (full 3):
 PSYoungGen      total 10240K, used 10090K [0x00000000d5580000, 0x00000000d6080000, 0x0000000100000000)
  eden space 9728K, 100% used [0x00000000d5580000,0x00000000d5f00000,0x00000000d5f00000)
  from space 512K, 70% used [0x00000000d6000000,0x00000000d605a898,0x00000000d6080000)
  to   space 512K, 0% used [0x00000000d5f80000,0x00000000d5f80000,0x00000000d6000000)
 ParOldGen       total 197632K, used 197241K [0x0000000080000000, 0x000000008c100000, 0x00000000d5580000)
  object space 197632K, 99% used [0x0000000080000000,0x000000008c09e7b8,0x000000008c100000)
 Metaspace       used 60387K, committed 61888K, reserved 1114112K
  class space    used 6967K, committed 7616K, reserved 1048576K
}
Event: 121.905 GC heap after
{Heap after GC invocations=430 (full 3):
 PSYoungGen      total 10752K, used 456K [0x00000000d5580000, 0x00000000d6200000, 0x0000000100000000)
  eden space 10240K, 0% used [0x00000000d5580000,0x00000000d5580000,0x00000000d5f80000)
  from space 512K, 89% used [0x00000000d5f80000,0x00000000d5ff22d8,0x00000000d6000000)
  to   space 512K, 0% used [0x00000000d6180000,0x00000000d6180000,0x00000000d6200000)
 ParOldGen       total 197632K, used 197573K [0x0000000080000000, 0x000000008c100000, 0x00000000d5580000)
  object space 197632K, 99% used [0x0000000080000000,0x000000008c0f16f8,0x000000008c100000)
 Metaspace       used 60387K, committed 61888K, reserved 1114112K
  class space    used 6967K, committed 7616K, reserved 1048576K
}

