# JRE version: OpenJDK Runtime Environment Temurin-17.0.20.1+1 (17.0.20.1+1) (build 17.0.20.1+1)
# Java VM: OpenJDK 64-Bit Server VM Temurin-17.0.20.1+1 (17.0.20.1+1, mixed mode, sharing, tiered, compressed oops, compressed class ptrs, g1 gc, windows-amd64)
GC Precious Log:
 CPUs: 4 total, 4 available
 Memory: 4005M
 Large Page Support: Disabled
 NUMA Support: Disabled
 Compressed Oops: Enabled (32-bit)
 Heap Region Size: 1M
 Heap Min Capacity: 8M
 Heap Initial Capacity: 64M
 Heap Max Capacity: 1002M
 Pre-touch: Disabled
 Parallel Workers: 4
 Concurrent Workers: 1
 Concurrent Refinement Workers: 4
 Periodic GC: Disabled
Heap:
 garbage-first heap   total 294912K, used 121856K [0x00000000c1600000, 0x0000000100000000)
  region size 1024K, 7 young (7168K), 7 survivors (7168K)
 Metaspace       used 68712K, committed 69120K, reserved 1114112K
  class space    used 8160K, committed 8320K, reserved 1048576K
GC Heap History (20 events):
Event: 483.882 GC heap after
{Heap after GC invocations=38 (full 0):
 garbage-first heap   total 98304K, used 49486K [0x00000000c1600000, 0x0000000100000000)
  region size 1024K, 4 young (4096K), 4 survivors (4096K)
 Metaspace       used 66510K, committed 66880K, reserved 1114112K
  class space    used 8011K, committed 8192K, reserved 1048576K
}
Event: 484.084 GC heap before
{Heap before GC invocations=39 (full 0):
 garbage-first heap   total 98304K, used 77134K [0x00000000c1600000, 0x0000000100000000)
  region size 1024K, 30 young (30720K), 4 survivors (4096K)
 Metaspace       used 66572K, committed 66944K, reserved 1114112K
  class space    used 8015K, committed 8192K, reserved 1048576K
}
Event: 484.093 GC heap after
{Heap after GC invocations=40 (full 0):
 garbage-first heap   total 98304K, used 52207K [0x00000000c1600000, 0x0000000100000000)
  region size 1024K, 4 young (4096K), 4 survivors (4096K)
 Metaspace       used 66572K, committed 66944K, reserved 1114112K
  class space    used 8015K, committed 8192K, reserved 1048576K
}
Event: 484.096 GC heap before
{Heap before GC invocations=40 (full 0):
 garbage-first heap   total 98304K, used 53231K [0x00000000c1600000, 0x0000000100000000)
  region size 1024K, 5 young (5120K), 4 survivors (4096K)
 Metaspace       used 66572K, committed 66944K, reserved 1114112K
  class space    used 8015K, committed 8192K, reserved 1048576K
}
Event: 484.101 GC heap after
{Heap after GC invocations=41 (full 0):
 garbage-first heap   total 98304K, used 51828K [0x00000000c1600000, 0x0000000100000000)
  region size 1024K, 1 young (1024K), 1 survivors (1024K)
 Metaspace       used 66572K, committed 66944K, reserved 1114112K
  class space    used 8015K, committed 8192K, reserved 1048576K
}
Event: 484.613 GC heap before
{Heap before GC invocations=41 (full 0):
 garbage-first heap   total 98304K, used 77428K [0x00000000c1600000, 0x0000000100000000)
  region size 1024K, 26 young (26624K), 1 survivors (1024K)
 Metaspace       used 67725K, committed 68160K, reserved 1114112K
  class space    used 8143K, committed 8320K, reserved 1048576K
}
Event: 484.624 GC heap after
{Heap after GC invocations=42 (full 0):
 garbage-first heap   total 294912K, used 53755K [0x00000000c1600000, 0x0000000100000000)
  region size 1024K, 3 young (3072K), 3 survivors (3072K)
 Metaspace       used 67725K, committed 68160K, reserved 1114112K
  class space    used 8143K, committed 8320K, reserved 1048576K
}
Event: 487.480 GC heap before
{Heap before GC invocations=43 (full 0):
 garbage-first heap   total 198656K, used 174509K [0x00000000c1600000, 0x0000000100000000)
  region size 1024K, 122 young (124928K), 3 survivors (3072K)
 Metaspace       used 68364K, committed 68736K, reserved 1114112K
  class space    used 8158K, committed 8320K, reserved 1048576K
}
Event: 487.572 GC heap after
{Heap after GC invocations=44 (full 0):
 garbage-first heap   total 198656K, used 66327K [0x00000000c1600000, 0x0000000100000000)
  region size 1024K, 15 young (15360K), 15 survivors (15360K)
 Metaspace       used 68364K, committed 68736K, reserved 1114112K
  class space    used 8158K, committed 8320K, reserved 1048576K
}
Event: 487.580 GC heap before
{Heap before GC invocations=44 (full 0):
 garbage-first heap   total 198656K, used 67351K [0x00000000c1600000, 0x0000000100000000)
  region size 1024K, 16 young (16384K), 15 survivors (15360K)
 Metaspace       used 68369K, committed 68736K, reserved 1114112K
  class space    used 8158K, committed 8320K, reserved 1048576K
}
Event: 487.666 GC heap after
{Heap after GC invocations=45 (full 0):
 garbage-first heap   total 198656K, used 67082K [0x00000000c1600000, 0x0000000100000000)
  region size 1024K, 2 young (2048K), 2 survivors (2048K)
 Metaspace       used 68369K, committed 68736K, reserved 1114112K
  class space    used 8158K, committed 8320K, reserved 1048576K
}
Event: 489.847 GC heap before
{Heap before GC invocations=45 (full 0):
 garbage-first heap   total 198656K, used 144906K [0x00000000c1600000, 0x0000000100000000)
  region size 1024K, 78 young (79872K), 2 survivors (2048K)
 Metaspace       used 68626K, committed 69056K, reserved 1114112K
  class space    used 8160K, committed 8320K, reserved 1048576K
}
Event: 489.867 GC heap after
{Heap after GC invocations=46 (full 0):
 garbage-first heap   total 198656K, used 78336K [0x00000000c1600000, 0x0000000100000000)
  region size 1024K, 10 young (10240K), 10 survivors (10240K)
 Metaspace       used 68626K, committed 69056K, reserved 1114112K
  class space    used 8160K, committed 8320K, reserved 1048576K
}
Event: 490.742 GC heap before
{Heap before GC invocations=46 (full 0):
 garbage-first heap   total 198656K, used 148992K [0x00000000c1600000, 0x0000000100000000)
  region size 1024K, 79 young (80896K), 10 survivors (10240K)
 Metaspace       used 68662K, committed 69056K, reserved 1114112K
  class space    used 8160K, committed 8320K, reserved 1048576K
}
Event: 490.776 GC heap after
{Heap after GC invocations=47 (full 0):
 garbage-first heap   total 198656K, used 89823K [0x00000000c1600000, 0x0000000100000000)
  region size 1024K, 10 young (10240K), 10 survivors (10240K)
 Metaspace       used 68662K, committed 69056K, reserved 1114112K
  class space    used 8160K, committed 8320K, reserved 1048576K
}
Event: 491.838 GC heap before
{Heap before GC invocations=47 (full 0):
 garbage-first heap   total 198656K, used 152287K [0x00000000c1600000, 0x0000000100000000)
  region size 1024K, 71 young (72704K), 10 survivors (10240K)
 Metaspace       used 68691K, committed 69056K, reserved 1114112K
  class space    used 8160K, committed 8320K, reserved 1048576K
}
Event: 491.867 GC heap after
{Heap after GC invocations=48 (full 0):
 garbage-first heap   total 198656K, used 101839K [0x00000000c1600000, 0x0000000100000000)
  region size 1024K, 9 young (9216K), 9 survivors (9216K)
 Metaspace       used 68691K, committed 69056K, reserved 1114112K
  class space    used 8160K, committed 8320K, reserved 1048576K
}
Event: 492.601 GC heap before
{Heap before GC invocations=48 (full 0):
 garbage-first heap   total 198656K, used 155087K [0x00000000c1600000, 0x0000000100000000)
  region size 1024K, 61 young (62464K), 9 survivors (9216K)
 Metaspace       used 68712K, committed 69120K, reserved 1114112K
  class space    used 8160K, committed 8320K, reserved 1048576K
}
Event: 492.634 GC heap after
{Heap after GC invocations=49 (full 0):
 garbage-first heap   total 198656K, used 112640K [0x00000000c1600000, 0x0000000100000000)
  region size 1024K, 8 young (8192K), 8 survivors (8192K)
 Metaspace       used 68712K, committed 69120K, reserved 1114112K
  class space    used 8160K, committed 8320K, reserved 1048576K
}
Event: 493.215 GC heap before
{Heap before GC invocations=49 (full 0):
 garbage-first heap   total 198656K, used 158720K [0x00000000c1600000, 0x0000000100000000)
  region size 1024K, 53 young (54272K), 8 survivors (8192K)
 Metaspace       used 68712K, committed 69120K, reserved 1114112K
  class space    used 8160K, committed 8320K, reserved 1048576K
}

