# JRE version: OpenJDK Runtime Environment Temurin-17.0.20.1+1 (17.0.20.1+1) (build 17.0.20.1+1)
# Java VM: OpenJDK 64-Bit Server VM Temurin-17.0.20.1+1 (17.0.20.1+1, mixed mode, sharing, tiered, compressed oops, compressed class ptrs, g1 gc, windows-amd64)
GC Precious Log:
 CPUs: 4 total, 4 available
 Memory: 4005M
 Large Page Support: Disabled
 NUMA Support: Disabled
 Compressed Oops: Enabled (32-bit)
 Heap Region Size: 1M
 Heap Min Capacity: 8M
 Heap Initial Capacity: 64M
 Heap Max Capacity: 1002M
 Pre-touch: Disabled
 Parallel Workers: 4
 Concurrent Workers: 1
 Concurrent Refinement Workers: 4
 Periodic GC: Disabled
Heap:
 garbage-first heap   total 77824K, used 46651K [0x00000000c1600000, 0x0000000100000000)
  region size 1024K, 12 young (12288K), 3 survivors (3072K)
 Metaspace       used 66612K, committed 67072K, reserved 1114112K
  class space    used 7972K, committed 8192K, reserved 1048576K
GC Heap History (20 events):
Event: 33.554 GC heap before
{Heap before GC invocations=16 (full 0):
 garbage-first heap   total 46080K, used 25569K [0x00000000c1600000, 0x0000000100000000)
  region size 1024K, 3 young (3072K), 2 survivors (2048K)
 Metaspace       used 52079K, committed 52352K, reserved 1114112K
  class space    used 6292K, committed 6400K, reserved 1048576K
}
Event: 33.558 GC heap after
{Heap after GC invocations=17 (full 0):
 garbage-first heap   total 46080K, used 24185K [0x00000000c1600000, 0x0000000100000000)
  region size 1024K, 1 young (1024K), 1 survivors (1024K)
 Metaspace       used 52079K, committed 52352K, reserved 1114112K
  class space    used 6292K, committed 6400K, reserved 1048576K
}
Event: 34.413 GC heap before
{Heap before GC invocations=17 (full 0):
 garbage-first heap   total 46080K, used 35449K [0x00000000c1600000, 0x0000000100000000)
  region size 1024K, 12 young (12288K), 1 survivors (1024K)
 Metaspace       used 54774K, committed 55104K, reserved 1114112K
  class space    used 6598K, committed 6720K, reserved 1048576K
}
Event: 34.416 GC heap after
{Heap after GC invocations=18 (full 0):
 garbage-first heap   total 46080K, used 24643K [0x00000000c1600000, 0x0000000100000000)
  region size 1024K, 1 young (1024K), 1 survivors (1024K)
 Metaspace       used 54774K, committed 55104K, reserved 1114112K
  class space    used 6598K, committed 6720K, reserved 1048576K
}
Event: 35.237 GC heap before
{Heap before GC invocations=19 (full 0):
 garbage-first heap   total 46080K, used 35907K [0x00000000c1600000, 0x0000000100000000)
  region size 1024K, 12 young (12288K), 1 survivors (1024K)
 Metaspace       used 56290K, committed 56640K, reserved 1114112K
  class space    used 6760K, committed 6912K, reserved 1048576K
}
Event: 35.243 GC heap after
{Heap after GC invocations=20 (full 0):
 garbage-first heap   total 46080K, used 26551K [0x00000000c1600000, 0x0000000100000000)
  region size 1024K, 2 young (2048K), 2 survivors (2048K)
 Metaspace       used 56290K, committed 56640K, reserved 1114112K
  class space    used 6760K, committed 6912K, reserved 1048576K
}
Event: 35.390 GC heap before
{Heap before GC invocations=20 (full 0):
 garbage-first heap   total 46080K, used 27575K [0x00000000c1600000, 0x0000000100000000)
  region size 1024K, 3 young (3072K), 2 survivors (2048K)
 Metaspace       used 56514K, committed 56832K, reserved 1114112K
  class space    used 6792K, committed 6912K, reserved 1048576K
}
Event: 35.398 GC heap after
{Heap after GC invocations=21 (full 0):
 garbage-first heap   total 46080K, used 26668K [0x00000000c1600000, 0x0000000100000000)
  region size 1024K, 1 young (1024K), 1 survivors (1024K)
 Metaspace       used 56514K, committed 56832K, reserved 1114112K
  class space    used 6792K, committed 6912K, reserved 1048576K
}
Event: 35.943 GC heap before
{Heap before GC invocations=21 (full 0):
 garbage-first heap   total 46080K, used 35884K [0x00000000c1600000, 0x0000000100000000)
  region size 1024K, 10 young (10240K), 1 survivors (1024K)
 Metaspace       used 57599K, committed 57984K, reserved 1114112K
  class space    used 6889K, committed 7040K, reserved 1048576K
}
Event: 35.948 GC heap after
{Heap after GC invocations=22 (full 0):
 garbage-first heap   total 46080K, used 28490K [0x00000000c1600000, 0x0000000100000000)
  region size 1024K, 2 young (2048K), 2 survivors (2048K)
 Metaspace       used 57599K, committed 57984K, reserved 1114112K
  class space    used 6889K, committed 7040K, reserved 1048576K
}
Event: 36.734 GC heap before
{Heap before GC invocations=23 (full 0):
 garbage-first heap   total 51200K, used 36682K [0x00000000c1600000, 0x0000000100000000)
  region size 1024K, 10 young (10240K), 2 survivors (2048K)
 Metaspace       used 58568K, committed 58880K, reserved 1114112K
  class space    used 6986K, committed 7104K, reserved 1048576K
}
Event: 36.745 GC heap after
{Heap after GC invocations=24 (full 0):
 garbage-first heap   total 51200K, used 30035K [0x00000000c1600000, 0x0000000100000000)
  region size 1024K, 2 young (2048K), 2 survivors (2048K)
 Metaspace       used 58568K, committed 58880K, reserved 1114112K
  class space    used 6986K, committed 7104K, reserved 1048576K
}
Event: 36.809 GC heap before
{Heap before GC invocations=24 (full 0):
 garbage-first heap   total 51200K, used 30035K [0x00000000c1600000, 0x0000000100000000)
  region size 1024K, 3 young (3072K), 2 survivors (2048K)
 Metaspace       used 58934K, committed 59264K, reserved 1114112K
  class space    used 7022K, committed 7168K, reserved 1048576K
}
Event: 36.817 GC heap after
{Heap after GC invocations=25 (full 0):
 garbage-first heap   total 51200K, used 30083K [0x00000000c1600000, 0x0000000100000000)
  region size 1024K, 1 young (1024K), 1 survivors (1024K)
 Metaspace       used 58934K, committed 59264K, reserved 1114112K
  class space    used 7022K, committed 7168K, reserved 1048576K
}
Event: 38.125 GC heap before
{Heap before GC invocations=25 (full 0):
 garbage-first heap   total 51200K, used 38275K [0x00000000c1600000, 0x0000000100000000)
  region size 1024K, 10 young (10240K), 1 survivors (1024K)
 Metaspace       used 61990K, committed 62336K, reserved 1114112K
  class space    used 7426K, committed 7552K, reserved 1048576K
}
Event: 38.132 GC heap after
{Heap after GC invocations=26 (full 0):
 garbage-first heap   total 77824K, used 30613K [0x00000000c1600000, 0x0000000100000000)
  region size 1024K, 1 young (1024K), 1 survivors (1024K)
 Metaspace       used 61990K, committed 62336K, reserved 1114112K
  class space    used 7426K, committed 7552K, reserved 1048576K
}
Event: 42.513 GC heap before
{Heap before GC invocations=27 (full 0):
 garbage-first heap   total 77824K, used 60309K [0x00000000c1600000, 0x0000000100000000)
  region size 1024K, 30 young (30720K), 1 survivors (1024K)
 Metaspace       used 66133K, committed 66560K, reserved 1114112K
  class space    used 7971K, committed 8192K, reserved 1048576K
}
Event: 42.521 GC heap after
{Heap after GC invocations=28 (full 0):
 garbage-first heap   total 77824K, used 35274K [0x00000000c1600000, 0x0000000100000000)
  region size 1024K, 4 young (4096K), 4 survivors (4096K)
 Metaspace       used 66133K, committed 66560K, reserved 1114112K
  class space    used 7971K, committed 8192K, reserved 1048576K
}
Event: 44.055 GC heap before
{Heap before GC invocations=28 (full 0):
 garbage-first heap   total 77824K, used 58826K [0x00000000c1600000, 0x0000000100000000)
  region size 1024K, 28 young (28672K), 4 survivors (4096K)
 Metaspace       used 66573K, committed 66944K, reserved 1114112K
  class space    used 7972K, committed 8192K, reserved 1048576K
}
Event: 44.067 GC heap after
{Heap after GC invocations=29 (full 0):
 garbage-first heap   total 77824K, used 38459K [0x00000000c1600000, 0x0000000100000000)
  region size 1024K, 3 young (3072K), 3 survivors (3072K)
 Metaspace       used 66573K, committed 66944K, reserved 1114112K
  class space    used 7972K, committed 8192K, reserved 1048576K
}

