# JRE version: OpenJDK Runtime Environment Temurin-17.0.20.1+1 (17.0.20.1+1) (build 17.0.20.1+1)
# Java VM: OpenJDK 64-Bit Server VM Temurin-17.0.20.1+1 (17.0.20.1+1, mixed mode, sharing, tiered, compressed oops, compressed class ptrs, g1 gc, windows-amd64)
GC Precious Log:
 CPUs: 4 total, 4 available
 Memory: 4005M
 Large Page Support: Disabled
 NUMA Support: Disabled
 Compressed Oops: Enabled (32-bit)
 Heap Region Size: 1M
 Heap Min Capacity: 256M
 Heap Initial Capacity: 256M
 Heap Max Capacity: 512M
 Pre-touch: Disabled
 Parallel Workers: 4
 Concurrent Workers: 1
 Concurrent Refinement Workers: 4
 Periodic GC: Disabled
Heap:
 garbage-first heap   total 262144K, used 123156K [0x00000000e0000000, 0x0000000100000000)
  region size 1024K, 3 young (3072K), 2 survivors (2048K)
 Metaspace       used 133118K, committed 134016K, reserved 458752K
  class space    used 17102K, committed 17536K, reserved 327680K
GC Heap History (20 events):
Event: 42.451 GC heap before
{Heap before GC invocations=11 (full 0):
 garbage-first heap   total 262144K, used 98898K [0x00000000e0000000, 0x0000000100000000)
  region size 1024K, 49 young (50176K), 10 survivors (10240K)
 Metaspace       used 59637K, committed 60288K, reserved 393216K
  class space    used 8280K, committed 8640K, reserved 327680K
}
Event: 42.478 GC heap after
{Heap after GC invocations=12 (full 0):
 garbage-first heap   total 262144K, used 62005K [0x00000000e0000000, 0x0000000100000000)
  region size 1024K, 12 young (12288K), 12 survivors (12288K)
 Metaspace       used 59637K, committed 60288K, reserved 393216K
  class space    used 8280K, committed 8640K, reserved 327680K
}
Event: 49.101 GC heap before
{Heap before GC invocations=13 (full 0):
 garbage-first heap   total 262144K, used 205365K [0x00000000e0000000, 0x0000000100000000)
  region size 1024K, 153 young (156672K), 12 survivors (12288K)
 Metaspace       used 66051K, committed 66752K, reserved 393216K
  class space    used 9136K, committed 9472K, reserved 327680K
}
Event: 49.136 GC heap after
{Heap after GC invocations=14 (full 0):
 garbage-first heap   total 262144K, used 65846K [0x00000000e0000000, 0x0000000100000000)
  region size 1024K, 6 young (6144K), 6 survivors (6144K)
 Metaspace       used 66051K, committed 66752K, reserved 393216K
  class space    used 9136K, committed 9472K, reserved 327680K
}
Event: 55.357 GC heap before
{Heap before GC invocations=14 (full 0):
 garbage-first heap   total 262144K, used 218422K [0x00000000e0000000, 0x0000000100000000)
  region size 1024K, 148 young (151552K), 6 survivors (6144K)
 Metaspace       used 79197K, committed 80000K, reserved 458752K
  class space    used 11231K, committed 11584K, reserved 327680K
}
Event: 55.408 GC heap after
{Heap after GC invocations=15 (full 0):
 garbage-first heap   total 262144K, used 80107K [0x00000000e0000000, 0x0000000100000000)
  region size 1024K, 19 young (19456K), 19 survivors (19456K)
 Metaspace       used 79197K, committed 80000K, reserved 458752K
  class space    used 11231K, committed 11584K, reserved 327680K
}
Event: 61.600 GC heap before
{Heap before GC invocations=15 (full 0):
 garbage-first heap   total 262144K, used 212203K [0x00000000e0000000, 0x0000000100000000)
  region size 1024K, 141 young (144384K), 19 survivors (19456K)
 Metaspace       used 89605K, committed 90304K, reserved 458752K
  class space    used 12279K, committed 12608K, reserved 327680K
}
Event: 61.686 GC heap after
{Heap after GC invocations=16 (full 0):
 garbage-first heap   total 262144K, used 101764K [0x00000000e0000000, 0x0000000100000000)
  region size 1024K, 14 young (14336K), 14 survivors (14336K)
 Metaspace       used 89605K, committed 90304K, reserved 458752K
  class space    used 12279K, committed 12608K, reserved 327680K
}
Event: 67.828 GC heap before
{Heap before GC invocations=16 (full 0):
 garbage-first heap   total 262144K, used 208260K [0x00000000e0000000, 0x0000000100000000)
  region size 1024K, 117 young (119808K), 14 survivors (14336K)
 Metaspace       used 99162K, committed 99904K, reserved 458752K
  class space    used 13416K, committed 13760K, reserved 327680K
}
Event: 67.866 GC heap after
{Heap after GC invocations=17 (full 0):
 garbage-first heap   total 262144K, used 108032K [0x00000000e0000000, 0x0000000100000000)
  region size 1024K, 7 young (7168K), 7 survivors (7168K)
 Metaspace       used 99162K, committed 99904K, reserved 458752K
  class space    used 13416K, committed 13760K, reserved 327680K
}
Event: 69.950 GC heap before
{Heap before GC invocations=17 (full 0):
 garbage-first heap   total 262144K, used 144896K [0x00000000e0000000, 0x0000000100000000)
  region size 1024K, 44 young (45056K), 7 survivors (7168K)
 Metaspace       used 100074K, committed 100736K, reserved 458752K
  class space    used 13499K, committed 13824K, reserved 327680K
}
Event: 69.980 GC heap after
{Heap after GC invocations=18 (full 0):
 garbage-first heap   total 262144K, used 110976K [0x00000000e0000000, 0x0000000100000000)
  region size 1024K, 10 young (10240K), 10 survivors (10240K)
 Metaspace       used 100074K, committed 100736K, reserved 458752K
  class space    used 13499K, committed 13824K, reserved 327680K
}
Event: 78.753 GC heap before
{Heap before GC invocations=19 (full 0):
 garbage-first heap   total 262144K, used 212352K [0x00000000e0000000, 0x0000000100000000)
  region size 1024K, 109 young (111616K), 10 survivors (10240K)
 Metaspace       used 109458K, committed 110208K, reserved 458752K
  class space    used 14465K, committed 14784K, reserved 327680K
}
Event: 78.809 GC heap after
{Heap after GC invocations=20 (full 0):
 garbage-first heap   total 262144K, used 119711K [0x00000000e0000000, 0x0000000100000000)
  region size 1024K, 13 young (13312K), 13 survivors (13312K)
 Metaspace       used 109458K, committed 110208K, reserved 458752K
  class space    used 14465K, committed 14784K, reserved 327680K
}
Event: 78.923 GC heap before
{Heap before GC invocations=20 (full 0):
 garbage-first heap   total 262144K, used 120735K [0x00000000e0000000, 0x0000000100000000)
  region size 1024K, 14 young (14336K), 13 survivors (13312K)
 Metaspace       used 109554K, committed 110336K, reserved 458752K
  class space    used 14480K, committed 14848K, reserved 327680K
}
Event: 78.966 GC heap after
{Heap after GC invocations=21 (full 0):
 garbage-first heap   total 262144K, used 120832K [0x00000000e0000000, 0x0000000100000000)
  region size 1024K, 2 young (2048K), 2 survivors (2048K)
 Metaspace       used 109554K, committed 110336K, reserved 458752K
  class space    used 14480K, committed 14848K, reserved 327680K
}
Event: 87.969 GC heap before
{Heap before GC invocations=21 (full 0):
 garbage-first heap   total 262144K, used 212992K [0x00000000e0000000, 0x0000000100000000)
  region size 1024K, 92 young (94208K), 2 survivors (2048K)
 Metaspace       used 122554K, committed 123328K, reserved 458752K
  class space    used 15785K, committed 16128K, reserved 327680K
}
Event: 87.983 GC heap after
{Heap after GC invocations=22 (full 0):
 garbage-first heap   total 262144K, used 120523K [0x00000000e0000000, 0x0000000100000000)
  region size 1024K, 2 young (2048K), 2 survivors (2048K)
 Metaspace       used 122554K, committed 123328K, reserved 458752K
  class space    used 15785K, committed 16128K, reserved 327680K
}
Event: 100.821 GC heap before
{Heap before GC invocations=23 (full 0):
 garbage-first heap   total 262144K, used 215755K [0x00000000e0000000, 0x0000000100000000)
  region size 1024K, 95 young (97280K), 2 survivors (2048K)
 Metaspace       used 133109K, committed 134016K, reserved 458752K
  class space    used 17102K, committed 17536K, reserved 327680K
}
Event: 100.892 GC heap after
{Heap after GC invocations=24 (full 0):
 garbage-first heap   total 262144K, used 122132K [0x00000000e0000000, 0x0000000100000000)
  region size 1024K, 11 young (11264K), 11 survivors (11264K)
 Metaspace       used 133109K, committed 134016K, reserved 458752K
  class space    used 17102K, committed 17536K, reserved 327680K
}

